0 verbose cli /usr/local/bin/node /usr/local/bin/npm
1 info using npm@11.6.2
2 info using node@v24.11.1
3 silly config load:file:/usr/local/lib/node_modules/npm/npmrc
4 silly config load:file:/Users/igorvasin/AI-Agent-Projects/ai-scout-implementation-plan/.npmrc
5 silly config load:file:/Users/igorvasin/.npmrc
6 silly config load:file:/Users/igorvasin/.npm-global/etc/npmrc
7 verbose title npm install @supabase/supabase-js
8 verbose argv "install" "@supabase/supabase-js" "--no-save"
9 verbose logfile logs-max:10 dir:/Users/igorvasin/AI-Agent-Projects/ai-scout-implementation-plan/.npm/_logs/2026-03-03T19_38_26_899Z-
10 verbose logfile /Users/igorvasin/AI-Agent-Projects/ai-scout-implementation-plan/.npm/_logs/2026-03-03T19_38_26_899Z-debug-0.log
11 silly logfile start cleaning logs, removing 1 files
12 silly packumentCache heap:2348810240 maxSize:587202560 maxEntrySize:293601280
13 silly logfile done cleaning log files
14 verbose shrinkwrap failed to load /Users/igorvasin/AI-Agent-Projects/ai-scout-implementation-plan EPERM: operation not permitted, open '/Users/igorvasin/AI-Agent-Projects/ai-scout-implementation-plan/node_modules/.package-lock.json'
15 silly idealTree buildDeps
16 silly fetch manifest @supabase/supabase-js@^2.97.0
17 silly packumentCache full:https://registry.npmjs.org/@supabase%2fsupabase-js cache-miss
18 http fetch GET 200 https://registry.npmjs.org/@supabase%2fsupabase-js 1412ms (cache miss)
19 silly packumentCache full:https://registry.npmjs.org/@supabase%2fsupabase-js set size:undefined disposed:false
20 silly placeDep ROOT @supabase/supabase-js@2.98.0 REPLACE for: react-vite-tailwind@0.0.0 want: ^2.97.0
21 silly fetch manifest @supabase/auth-js@2.98.0
22 silly packumentCache full:https://registry.npmjs.org/@supabase%2fauth-js cache-miss
23 silly fetch manifest @supabase/storage-js@2.98.0
24 silly packumentCache full:https://registry.npmjs.org/@supabase%2fstorage-js cache-miss
25 silly fetch manifest @supabase/realtime-js@2.98.0
26 silly packumentCache full:https://registry.npmjs.org/@supabase%2frealtime-js cache-miss
27 silly fetch manifest @supabase/functions-js@2.98.0
28 silly packumentCache full:https://registry.npmjs.org/@supabase%2ffunctions-js cache-miss
29 silly fetch manifest @supabase/postgrest-js@2.98.0
30 silly packumentCache full:https://registry.npmjs.org/@supabase%2fpostgrest-js cache-miss
31 http fetch GET 200 https://registry.npmjs.org/@supabase%2fauth-js 244ms (cache miss)
32 silly packumentCache full:https://registry.npmjs.org/@supabase%2fauth-js set size:undefined disposed:false
33 http fetch GET 200 https://registry.npmjs.org/@supabase%2fpostgrest-js 678ms (cache miss)
34 silly packumentCache full:https://registry.npmjs.org/@supabase%2fpostgrest-js set size:undefined disposed:false
35 http fetch GET 200 https://registry.npmjs.org/@supabase%2ffunctions-js 708ms (cache miss)
36 silly packumentCache full:https://registry.npmjs.org/@supabase%2ffunctions-js set size:undefined disposed:false
37 http fetch GET 200 https://registry.npmjs.org/@supabase%2frealtime-js 1212ms (cache miss)
38 silly packumentCache full:https://registry.npmjs.org/@supabase%2frealtime-js set size:undefined disposed:false
39 http fetch GET 200 https://registry.npmjs.org/@supabase%2fstorage-js 2373ms (cache miss)
40 silly packumentCache full:https://registry.npmjs.org/@supabase%2fstorage-js set size:undefined disposed:false
41 silly placeDep ROOT @supabase/auth-js@2.98.0 OK for: @supabase/supabase-js@2.98.0 want: 2.98.0
42 silly placeDep ROOT @supabase/functions-js@2.98.0 OK for: @supabase/supabase-js@2.98.0 want: 2.98.0
43 silly placeDep ROOT @supabase/postgrest-js@2.98.0 OK for: @supabase/supabase-js@2.98.0 want: 2.98.0
44 silly placeDep ROOT @supabase/realtime-js@2.98.0 OK for: @supabase/supabase-js@2.98.0 want: 2.98.0
45 silly placeDep ROOT @supabase/storage-js@2.98.0 OK for: @supabase/supabase-js@2.98.0 want: 2.98.0
46 silly fetch manifest ws@^8.18.2
47 silly packumentCache full:https://registry.npmjs.org/ws cache-miss
48 silly fetch manifest @types/ws@^8.18.1
49 silly packumentCache full:https://registry.npmjs.org/@types%2fws cache-miss
50 silly fetch manifest @types/phoenix@^1.6.6
51 silly packumentCache full:https://registry.npmjs.org/@types%2fphoenix cache-miss
52 silly fetch manifest iceberg-js@^0.8.1
53 silly packumentCache full:https://registry.npmjs.org/iceberg-js cache-miss
54 http fetch GET 200 https://registry.npmjs.org/@types%2fphoenix 99ms (cache miss)
55 silly packumentCache full:https://registry.npmjs.org/@types%2fphoenix set size:undefined disposed:false
56 http fetch GET 200 https://registry.npmjs.org/iceberg-js 149ms (cache miss)
57 silly packumentCache full:https://registry.npmjs.org/iceberg-js set size:undefined disposed:false
58 http fetch GET 200 https://registry.npmjs.org/@types%2fws 151ms (cache miss)
59 silly packumentCache full:https://registry.npmjs.org/@types%2fws set size:undefined disposed:false
60 http fetch GET 200 https://registry.npmjs.org/ws 233ms (cache miss)
61 silly packumentCache full:https://registry.npmjs.org/ws set size:undefined disposed:false
62 silly fetch manifest bufferutil@^4.0.1
63 silly packumentCache full:https://registry.npmjs.org/bufferutil cache-miss
64 http fetch GET 200 https://registry.npmjs.org/bufferutil 178ms (cache miss)
65 silly packumentCache full:https://registry.npmjs.org/bufferutil set size:undefined disposed:false
66 silly fetch manifest utf-8-validate@>=5.0.2
67 silly packumentCache full:https://registry.npmjs.org/utf-8-validate cache-miss
68 http fetch GET 200 https://registry.npmjs.org/utf-8-validate 90ms (cache miss)
69 silly packumentCache full:https://registry.npmjs.org/utf-8-validate set size:undefined disposed:false
70 silly placeDep ROOT @types/phoenix@1.6.7 OK for: @supabase/realtime-js@2.98.0 want: ^1.6.6
71 silly placeDep ROOT @types/ws@8.18.1 OK for: @supabase/realtime-js@2.98.0 want: ^8.18.1
72 silly placeDep ROOT ws@8.19.0 OK for: @supabase/realtime-js@2.98.0 want: ^8.18.2
73 silly placeDep ROOT iceberg-js@0.8.1 OK for: @supabase/storage-js@2.98.0 want: ^0.8.1
74 silly reify moves {}
75 verbose stack Error: EPERM: operation not permitted, mkdir '/Users/igorvasin/AI-Agent-Projects/ai-scout-implementation-plan/node_modules/@babel/code-frame'
75 verbose stack     at async mkdir (node:internal/fs/promises:861:10)
75 verbose stack     at async /usr/local/lib/node_modules/npm/node_modules/@npmcli/arborist/lib/arborist/reify.js:576:20
75 verbose stack     at async Promise.allSettled (index 0)
75 verbose stack     at async [reifyPackages] (/usr/local/lib/node_modules/npm/node_modules/@npmcli/arborist/lib/arborist/reify.js:313:11)
75 verbose stack     at async Arborist.reify (/usr/local/lib/node_modules/npm/node_modules/@npmcli/arborist/lib/arborist/reify.js:125:5)
75 verbose stack     at async Install.exec (/usr/local/lib/node_modules/npm/lib/commands/install.js:150:5)
75 verbose stack     at async Npm.exec (/usr/local/lib/node_modules/npm/lib/npm.js:208:9)
75 verbose stack     at async module.exports (/usr/local/lib/node_modules/npm/lib/cli/entry.js:67:5)
76 error code EPERM
77 error syscall mkdir
78 error path /Users/igorvasin/AI-Agent-Projects/ai-scout-implementation-plan/node_modules/@babel/code-frame
79 error errno -1
80 error Error: EPERM: operation not permitted, mkdir '/Users/igorvasin/AI-Agent-Projects/ai-scout-implementation-plan/node_modules/@babel/code-frame'
80 error     at async mkdir (node:internal/fs/promises:861:10)
80 error     at async /usr/local/lib/node_modules/npm/node_modules/@npmcli/arborist/lib/arborist/reify.js:576:20
80 error     at async Promise.allSettled (index 0)
80 error     at async [reifyPackages] (/usr/local/lib/node_modules/npm/node_modules/@npmcli/arborist/lib/arborist/reify.js:313:11)
80 error     at async Arborist.reify (/usr/local/lib/node_modules/npm/node_modules/@npmcli/arborist/lib/arborist/reify.js:125:5)
80 error     at async Install.exec (/usr/local/lib/node_modules/npm/lib/commands/install.js:150:5)
80 error     at async Npm.exec (/usr/local/lib/node_modules/npm/lib/npm.js:208:9)
80 error     at async module.exports (/usr/local/lib/node_modules/npm/lib/cli/entry.js:67:5) {
80 error   errno: -1,
80 error   code: 'EPERM',
80 error   syscall: 'mkdir',
80 error   path: '/Users/igorvasin/AI-Agent-Projects/ai-scout-implementation-plan/node_modules/@babel/code-frame'
80 error }
81 error
81 error The operation was rejected by your operating system.
81 error It is likely you do not have the permissions to access this file as the current user
81 error
81 error If you believe this might be a permissions issue, please double-check the
81 error permissions of the file and its containing directories, or try running
81 error the command again as root/Administrator.
82 silly unfinished npm timer reify 1772566707517
83 silly unfinished npm timer reify:createSparse 1772566712039
84 verbose cwd /Users/igorvasin/AI-Agent-Projects/ai-scout-implementation-plan
85 verbose os Darwin 25.2.0
86 verbose node v24.11.1
87 verbose npm  v11.6.2
88 verbose exit -1
89 verbose code -1
90 error A complete log of this run can be found in: /Users/igorvasin/AI-Agent-Projects/ai-scout-implementation-plan/.npm/_logs/2026-03-03T19_38_26_899Z-debug-0.log
