0 verbose cli /usr/local/bin/node /usr/local/bin/npm
1 info using npm@11.6.2
2 info using node@v24.11.1
3 silly config load:file:/usr/local/lib/node_modules/npm/npmrc
4 silly config load:file:/Users/igorvasin/ai-scout-final/.npmrc
5 silly config load:file:/Users/igorvasin/.npmrc
6 silly config load:file:/Users/igorvasin/.npm-global/etc/npmrc
7 verbose title npm install
8 verbose argv "install"
9 verbose logfile logs-max:10 dir:/Users/igorvasin/ai-scout-final/.npm/_logs/2026-03-07T19_17_49_268Z-
10 verbose logfile /Users/igorvasin/ai-scout-final/.npm/_logs/2026-03-07T19_17_49_268Z-debug-0.log
11 silly logfile done cleaning log files
12 silly packumentCache heap:2348810240 maxSize:587202560 maxEntrySize:293601280
13 verbose shrinkwrap failed to load /Users/igorvasin/ai-scout-final EPERM: operation not permitted, open '/Users/igorvasin/ai-scout-final/node_modules/.package-lock.json'
14 silly idealTree buildDeps
15 silly reify moves {}
16 verbose stack Error: EPERM: operation not permitted, mkdir '/Users/igorvasin/ai-scout-final/node_modules/@babel/code-frame'
16 verbose stack     at async mkdir (node:internal/fs/promises:861:10)
16 verbose stack     at async /usr/local/lib/node_modules/npm/node_modules/@npmcli/arborist/lib/arborist/reify.js:576:20
16 verbose stack     at async Promise.allSettled (index 0)
16 verbose stack     at async [reifyPackages] (/usr/local/lib/node_modules/npm/node_modules/@npmcli/arborist/lib/arborist/reify.js:313:11)
16 verbose stack     at async Arborist.reify (/usr/local/lib/node_modules/npm/node_modules/@npmcli/arborist/lib/arborist/reify.js:125:5)
16 verbose stack     at async Install.exec (/usr/local/lib/node_modules/npm/lib/commands/install.js:150:5)
16 verbose stack     at async Npm.exec (/usr/local/lib/node_modules/npm/lib/npm.js:208:9)
16 verbose stack     at async module.exports (/usr/local/lib/node_modules/npm/lib/cli/entry.js:67:5)
17 error code EPERM
18 error syscall mkdir
19 error path /Users/igorvasin/ai-scout-final/node_modules/@babel/code-frame
20 error errno -1
21 error Error: EPERM: operation not permitted, mkdir '/Users/igorvasin/ai-scout-final/node_modules/@babel/code-frame'
21 error     at async mkdir (node:internal/fs/promises:861:10)
21 error     at async /usr/local/lib/node_modules/npm/node_modules/@npmcli/arborist/lib/arborist/reify.js:576:20
21 error     at async Promise.allSettled (index 0)
21 error     at async [reifyPackages] (/usr/local/lib/node_modules/npm/node_modules/@npmcli/arborist/lib/arborist/reify.js:313:11)
21 error     at async Arborist.reify (/usr/local/lib/node_modules/npm/node_modules/@npmcli/arborist/lib/arborist/reify.js:125:5)
21 error     at async Install.exec (/usr/local/lib/node_modules/npm/lib/commands/install.js:150:5)
21 error     at async Npm.exec (/usr/local/lib/node_modules/npm/lib/npm.js:208:9)
21 error     at async module.exports (/usr/local/lib/node_modules/npm/lib/cli/entry.js:67:5) {
21 error   errno: -1,
21 error   code: 'EPERM',
21 error   syscall: 'mkdir',
21 error   path: '/Users/igorvasin/ai-scout-final/node_modules/@babel/code-frame'
21 error }
22 error
22 error The operation was rejected by your operating system.
22 error It is likely you do not have the permissions to access this file as the current user
22 error
22 error If you believe this might be a permissions issue, please double-check the
22 error permissions of the file and its containing directories, or try running
22 error the command again as root/Administrator.
23 silly unfinished npm timer reify 1772911069729
24 silly unfinished npm timer reify:createSparse 1772911069833
25 verbose cwd /Users/igorvasin/ai-scout-final
26 verbose os Darwin 25.3.0
27 verbose node v24.11.1
28 verbose npm  v11.6.2
29 verbose exit -1
30 verbose code -1
31 error A complete log of this run can be found in: /Users/igorvasin/ai-scout-final/.npm/_logs/2026-03-07T19_17_49_268Z-debug-0.log
