0 verbose cli /usr/local/bin/node /usr/local/bin/npm
1 info using npm@11.6.2
2 info using node@v24.11.1
3 silly config load:file:/usr/local/lib/node_modules/npm/npmrc
4 silly config load:file:/Users/igorvasin/ai-scout-final/.npmrc
5 silly config load:file:/Users/igorvasin/.npmrc
6 silly config load:file:/Users/igorvasin/.npm-global/etc/npmrc
7 verbose title npm install
8 verbose argv "install"
9 verbose logfile logs-max:10 dir:/Users/igorvasin/ai-scout-final/.npm/_logs/2026-03-07T19_18_59_534Z-
10 verbose logfile /Users/igorvasin/ai-scout-final/.npm/_logs/2026-03-07T19_18_59_534Z-debug-0.log
11 silly logfile done cleaning log files
12 silly packumentCache heap:2348810240 maxSize:587202560 maxEntrySize:293601280
13 verbose shrinkwrap failed to load node_modules/.package-lock.json out of date, updated: node_modules
14 silly idealTree buildDeps
15 silly reify mark retired [
15 silly reify   '/Users/igorvasin/ai-scout-final/node_modules/acorn',
15 silly reify   '/Users/igorvasin/ai-scout-final/node_modules/.bin/acorn'
15 silly reify ]
16 silly reify mark retired [
16 silly reify   '/Users/igorvasin/ai-scout-final/node_modules/baseline-browser-mapping',
16 silly reify   '/Users/igorvasin/ai-scout-final/node_modules/.bin/baseline-browser-mapping'
16 silly reify ]
17 silly reify mark retired [
17 silly reify   '/Users/igorvasin/ai-scout-final/node_modules/browserslist',
17 silly reify   '/Users/igorvasin/ai-scout-final/node_modules/.bin/browserslist'
17 silly reify ]
18 silly reify mark retired [
18 silly reify   '/Users/igorvasin/ai-scout-final/node_modules/color-support',
18 silly reify   '/Users/igorvasin/ai-scout-final/node_modules/.bin/color-support'
18 silly reify ]
19 silly reify mark retired [
19 silly reify   '/Users/igorvasin/ai-scout-final/node_modules/edge-runtime',
19 silly reify   '/Users/igorvasin/ai-scout-final/node_modules/.bin/edge-runtime'
19 silly reify ]
20 silly reify mark retired [
20 silly reify   '/Users/igorvasin/ai-scout-final/node_modules/esbuild',
20 silly reify   '/Users/igorvasin/ai-scout-final/node_modules/.bin/esbuild'
20 silly reify ]
21 silly reify mark retired [
21 silly reify   '/Users/igorvasin/ai-scout-final/node_modules/jiti',
21 silly reify   '/Users/igorvasin/ai-scout-final/node_modules/.bin/jiti'
21 silly reify ]
22 silly reify mark retired [
22 silly reify   '/Users/igorvasin/ai-scout-final/node_modules/json5',
22 silly reify   '/Users/igorvasin/ai-scout-final/node_modules/.bin/json5'
22 silly reify ]
23 silly reify mark retired [
23 silly reify   '/Users/igorvasin/ai-scout-final/node_modules/jsesc',
23 silly reify   '/Users/igorvasin/ai-scout-final/node_modules/.bin/jsesc'
23 silly reify ]
24 silly reify mark retired [
24 silly reify   '/Users/igorvasin/ai-scout-final/node_modules/mkdirp',
24 silly reify   '/Users/igorvasin/ai-scout-final/node_modules/.bin/mkdirp'
24 silly reify ]
25 silly reify mark retired [
25 silly reify   '/Users/igorvasin/ai-scout-final/node_modules/node-gyp-build',
25 silly reify   '/Users/igorvasin/ai-scout-final/node_modules/.bin/node-gyp-build',
25 silly reify   '/Users/igorvasin/ai-scout-final/node_modules/.bin/node-gyp-build-optional',
25 silly reify   '/Users/igorvasin/ai-scout-final/node_modules/.bin/node-gyp-build-test'
25 silly reify ]
26 silly reify mark retired [
26 silly reify   '/Users/igorvasin/ai-scout-final/node_modules/nanoid',
26 silly reify   '/Users/igorvasin/ai-scout-final/node_modules/.bin/nanoid'
26 silly reify ]
27 silly reify mark retired [
27 silly reify   '/Users/igorvasin/ai-scout-final/node_modules/nopt',
27 silly reify   '/Users/igorvasin/ai-scout-final/node_modules/.bin/nopt'
27 silly reify ]
28 silly reify mark retired [
28 silly reify   '/Users/igorvasin/ai-scout-final/node_modules/rollup',
28 silly reify   '/Users/igorvasin/ai-scout-final/node_modules/.bin/rollup'
28 silly reify ]
29 silly reify mark retired [
29 silly reify   '/Users/igorvasin/ai-scout-final/node_modules/rimraf',
29 silly reify   '/Users/igorvasin/ai-scout-final/node_modules/.bin/rimraf'
29 silly reify ]
30 silly reify mark retired [
30 silly reify   '/Users/igorvasin/ai-scout-final/node_modules/semver',
30 silly reify   '/Users/igorvasin/ai-scout-final/node_modules/.bin/semver'
30 silly reify ]
31 silly reify mark retired [
31 silly reify   '/Users/igorvasin/ai-scout-final/node_modules/ts-node',
31 silly reify   '/Users/igorvasin/ai-scout-final/node_modules/.bin/ts-node',
31 silly reify   '/Users/igorvasin/ai-scout-final/node_modules/.bin/ts-node-cwd',
31 silly reify   '/Users/igorvasin/ai-scout-final/node_modules/.bin/ts-node-esm',
31 silly reify   '/Users/igorvasin/ai-scout-final/node_modules/.bin/ts-node-script',
31 silly reify   '/Users/igorvasin/ai-scout-final/node_modules/.bin/ts-node-transpile-only',
31 silly reify   '/Users/igorvasin/ai-scout-final/node_modules/.bin/ts-script'
31 silly reify ]
32 silly reify mark retired [
32 silly reify   '/Users/igorvasin/ai-scout-final/node_modules/typescript',
32 silly reify   '/Users/igorvasin/ai-scout-final/node_modules/.bin/tsc',
32 silly reify   '/Users/igorvasin/ai-scout-final/node_modules/.bin/tsserver'
32 silly reify ]
33 silly reify mark retired [
33 silly reify   '/Users/igorvasin/ai-scout-final/node_modules/update-browserslist-db',
33 silly reify   '/Users/igorvasin/ai-scout-final/node_modules/.bin/update-browserslist-db'
33 silly reify ]
34 silly reify mark retired [
34 silly reify   '/Users/igorvasin/ai-scout-final/node_modules/vite',
34 silly reify   '/Users/igorvasin/ai-scout-final/node_modules/.bin/vite'
34 silly reify ]
35 silly reify mark retired [
35 silly reify   '/Users/igorvasin/ai-scout-final/node_modules/@babel/parser',
35 silly reify   '/Users/igorvasin/ai-scout-final/node_modules/.bin/parser'
35 silly reify ]
36 silly reify mark retired [
36 silly reify   '/Users/igorvasin/ai-scout-final/node_modules/@mapbox/node-pre-gyp',
36 silly reify   '/Users/igorvasin/ai-scout-final/node_modules/.bin/node-pre-gyp'
36 silly reify ]
37 silly reify mark retired [
37 silly reify   '/Users/igorvasin/ai-scout-final/node_modules/@vercel/nft',
37 silly reify   '/Users/igorvasin/ai-scout-final/node_modules/.bin/nft'
37 silly reify ]
38 silly reify moves {
38 silly reify   '/Users/igorvasin/ai-scout-final/node_modules/acorn': '/Users/igorvasin/ai-scout-final/node_modules/.acorn-l12NwJEW',
38 silly reify   '/Users/igorvasin/ai-scout-final/node_modules/.bin/acorn': '/Users/igorvasin/ai-scout-final/node_modules/.bin/.acorn-k4j0zCkD',
38 silly reify   '/Users/igorvasin/ai-scout-final/node_modules/baseline-browser-mapping': '/Users/igorvasin/ai-scout-final/node_modules/.baseline-browser-mapping-FXEqjAUT',
38 silly reify   '/Users/igorvasin/ai-scout-final/node_modules/.bin/baseline-browser-mapping': '/Users/igorvasin/ai-scout-final/node_modules/.bin/.baseline-browser-mapping-j8hFxP1M',
38 silly reify   '/Users/igorvasin/ai-scout-final/node_modules/browserslist': '/Users/igorvasin/ai-scout-final/node_modules/.browserslist-OGAlSZJR',
38 silly reify   '/Users/igorvasin/ai-scout-final/node_modules/.bin/browserslist': '/Users/igorvasin/ai-scout-final/node_modules/.bin/.browserslist-PsOaPtHa',
38 silly reify   '/Users/igorvasin/ai-scout-final/node_modules/color-support': '/Users/igorvasin/ai-scout-final/node_modules/.color-support-O1tHKjOs',
38 silly reify   '/Users/igorvasin/ai-scout-final/node_modules/.bin/color-support': '/Users/igorvasin/ai-scout-final/node_modules/.bin/.color-support-m9nRmO2f',
38 silly reify   '/Users/igorvasin/ai-scout-final/node_modules/edge-runtime': '/Users/igorvasin/ai-scout-final/node_modules/.edge-runtime-5CkH5X4d',
38 silly reify   '/Users/igorvasin/ai-scout-final/node_modules/.bin/edge-runtime': '/Users/igorvasin/ai-scout-final/node_modules/.bin/.edge-runtime-oyjLROxZ',
38 silly reify   '/Users/igorvasin/ai-scout-final/node_modules/esbuild': '/Users/igorvasin/ai-scout-final/node_modules/.esbuild-8MK7iz1S',
38 silly reify   '/Users/igorvasin/ai-scout-final/node_modules/.bin/esbuild': '/Users/igorvasin/ai-scout-final/node_modules/.bin/.esbuild-bF2dg3AQ',
38 silly reify   '/Users/igorvasin/ai-scout-final/node_modules/jiti': '/Users/igorvasin/ai-scout-final/node_modules/.jiti-pGiHThO9',
38 silly reify   '/Users/igorvasin/ai-scout-final/node_modules/.bin/jiti': '/Users/igorvasin/ai-scout-final/node_modules/.bin/.jiti-TLAMjnLm',
38 silly reify   '/Users/igorvasin/ai-scout-final/node_modules/json5': '/Users/igorvasin/ai-scout-final/node_modules/.json5-lwBo2xfC',
38 silly reify   '/Users/igorvasin/ai-scout-final/node_modules/.bin/json5': '/Users/igorvasin/ai-scout-final/node_modules/.bin/.json5-a6DFv8i6',
38 silly reify   '/Users/igorvasin/ai-scout-final/node_modules/jsesc': '/Users/igorvasin/ai-scout-final/node_modules/.jsesc-7wOj76vD',
38 silly reify   '/Users/igorvasin/ai-scout-final/node_modules/.bin/jsesc': '/Users/igorvasin/ai-scout-final/node_modules/.bin/.jsesc-gF2pM2cQ',
38 silly reify   '/Users/igorvasin/ai-scout-final/node_modules/mkdirp': '/Users/igorvasin/ai-scout-final/node_modules/.mkdirp-2BnIQzgV',
38 silly reify   '/Users/igorvasin/ai-scout-final/node_modules/.bin/mkdirp': '/Users/igorvasin/ai-scout-final/node_modules/.bin/.mkdirp-THqUSrOK',
38 silly reify   '/Users/igorvasin/ai-scout-final/node_modules/node-gyp-build': '/Users/igorvasin/ai-scout-final/node_modules/.node-gyp-build-7tIawXTQ',
38 silly reify   '/Users/igorvasin/ai-scout-final/node_modules/.bin/node-gyp-build': '/Users/igorvasin/ai-scout-final/node_modules/.bin/.node-gyp-build-zTsN7dfa',
38 silly reify   '/Users/igorvasin/ai-scout-final/node_modules/.bin/node-gyp-build-optional': '/Users/igorvasin/ai-scout-final/node_modules/.bin/.node-gyp-build-optional-DeaH76E4',
38 silly reify   '/Users/igorvasin/ai-scout-final/node_modules/.bin/node-gyp-build-test': '/Users/igorvasin/ai-scout-final/node_modules/.bin/.node-gyp-build-test-JL6f3K9q',
38 silly reify   '/Users/igorvasin/ai-scout-final/node_modules/nanoid': '/Users/igorvasin/ai-scout-final/node_modules/.nanoid-49yOmZkA',
38 silly reify   '/Users/igorvasin/ai-scout-final/node_modules/.bin/nanoid': '/Users/igorvasin/ai-scout-final/node_modules/.bin/.nanoid-T7774bpG',
38 silly reify   '/Users/igorvasin/ai-scout-final/node_modules/nopt': '/Users/igorvasin/ai-scout-final/node_modules/.nopt-CDdSoCFx',
38 silly reify   '/Users/igorvasin/ai-scout-final/node_modules/.bin/nopt': '/Users/igorvasin/ai-scout-final/node_modules/.bin/.nopt-OlH9Q0lP',
38 silly reify   '/Users/igorvasin/ai-scout-final/node_modules/rollup': '/Users/igorvasin/ai-scout-final/node_modules/.rollup-AgDEBLTK',
38 silly reify   '/Users/igorvasin/ai-scout-final/node_modules/.bin/rollup': '/Users/igorvasin/ai-scout-final/node_modules/.bin/.rollup-zC3Hxct0',
38 silly reify   '/Users/igorvasin/ai-scout-final/node_modules/rimraf': '/Users/igorvasin/ai-scout-final/node_modules/.rimraf-qPKwAoph',
38 silly reify   '/Users/igorvasin/ai-scout-final/node_modules/.bin/rimraf': '/Users/igorvasin/ai-scout-final/node_modules/.bin/.rimraf-Gxp7V7dR',
38 silly reify   '/Users/igorvasin/ai-scout-final/node_modules/semver': '/Users/igorvasin/ai-scout-final/node_modules/.semver-z7Ao90jy',
38 silly reify   '/Users/igorvasin/ai-scout-final/node_modules/.bin/semver': '/Users/igorvasin/ai-scout-final/node_modules/.bin/.semver-v25B5yCb',
38 silly reify   '/Users/igorvasin/ai-scout-final/node_modules/ts-node': '/Users/igorvasin/ai-scout-final/node_modules/.ts-node-jBBDIwnB',
38 silly reify   '/Users/igorvasin/ai-scout-final/node_modules/.bin/ts-node': '/Users/igorvasin/ai-scout-final/node_modules/.bin/.ts-node-7fZhN9xJ',
38 silly reify   '/Users/igorvasin/ai-scout-final/node_modules/.bin/ts-node-cwd': '/Users/igorvasin/ai-scout-final/node_modules/.bin/.ts-node-cwd-rURey1iq',
38 silly reify   '/Users/igorvasin/ai-scout-final/node_modules/.bin/ts-node-esm': '/Users/igorvasin/ai-scout-final/node_modules/.bin/.ts-node-esm-Vg1BxcRi',
38 silly reify   '/Users/igorvasin/ai-scout-final/node_modules/.bin/ts-node-script': '/Users/igorvasin/ai-scout-final/node_modules/.bin/.ts-node-script-3mNYxNb9',
38 silly reify   '/Users/igorvasin/ai-scout-final/node_modules/.bin/ts-node-transpile-only': '/Users/igorvasin/ai-scout-final/node_modules/.bin/.ts-node-transpile-only-3aQhlE2U',
38 silly reify   '/Users/igorvasin/ai-scout-final/node_modules/.bin/ts-script': '/Users/igorvasin/ai-scout-final/node_modules/.bin/.ts-script-OrPTmVQO',
38 silly reify   '/Users/igorvasin/ai-scout-final/node_modules/typescript': '/Users/igorvasin/ai-scout-final/node_modules/.typescript-GP1QO0eX',
38 silly reify   '/Users/igorvasin/ai-scout-final/node_modules/.bin/tsc': '/Users/igorvasin/ai-scout-final/node_modules/.bin/.tsc-rA6KE0T9',
38 silly reify   '/Users/igorvasin/ai-scout-final/node_modules/.bin/tsserver': '/Users/igorvasin/ai-scout-final/node_modules/.bin/.tsserver-4lTpC5uN',
38 silly reify   '/Users/igorvasin/ai-scout-final/node_modules/update-browserslist-db': '/Users/igorvasin/ai-scout-final/node_modules/.update-browserslist-db-I7ftbi0k',
38 silly reify   '/Users/igorvasin/ai-scout-final/node_modules/.bin/update-browserslist-db': '/Users/igorvasin/ai-scout-final/node_modules/.bin/.update-browserslist-db-K1Ahc3pe',
38 silly reify   '/Users/igorvasin/ai-scout-final/node_modules/vite': '/Users/igorvasin/ai-scout-final/node_modules/.vite-CguN1mm9',
38 silly reify   '/Users/igorvasin/ai-scout-final/node_modules/.bin/vite': '/Users/igorvasin/ai-scout-final/node_modules/.bin/.vite-tCEnCG6i',
38 silly reify   '/Users/igorvasin/ai-scout-final/node_modules/@babel/parser': '/Users/igorvasin/ai-scout-final/node_modules/@babel/.parser-t2IRXoHi',
38 silly reify   '/Users/igorvasin/ai-scout-final/node_modules/.bin/parser': '/Users/igorvasin/ai-scout-final/node_modules/.bin/.parser-c6oQjs0K',
38 silly reify   '/Users/igorvasin/ai-scout-final/node_modules/@mapbox/node-pre-gyp': '/Users/igorvasin/ai-scout-final/node_modules/@mapbox/.node-pre-gyp-PHSypem2',
38 silly reify   '/Users/igorvasin/ai-scout-final/node_modules/.bin/node-pre-gyp': '/Users/igorvasin/ai-scout-final/node_modules/.bin/.node-pre-gyp-0Zs03hdH',
38 silly reify   '/Users/igorvasin/ai-scout-final/node_modules/@vercel/nft': '/Users/igorvasin/ai-scout-final/node_modules/@vercel/.nft-EVszn3lL',
38 silly reify   '/Users/igorvasin/ai-scout-final/node_modules/.bin/nft': '/Users/igorvasin/ai-scout-final/node_modules/.bin/.nft-MBAIVOpD'
38 silly reify }
39 silly audit bulk request {
39 silly audit   '@babel/code-frame': [ '7.29.0' ],
39 silly audit   '@babel/compat-data': [ '7.29.0' ],
39 silly audit   '@babel/core': [ '7.29.0' ],
39 silly audit   semver: [ '6.3.1', '7.7.4' ],
39 silly audit   '@babel/generator': [ '7.29.1' ],
39 silly audit   '@babel/helper-compilation-targets': [ '7.28.6' ],
39 silly audit   '@babel/helper-globals': [ '7.28.0' ],
39 silly audit   '@babel/helper-module-imports': [ '7.28.6' ],
39 silly audit   '@babel/helper-module-transforms': [ '7.28.6' ],
39 silly audit   '@babel/helper-plugin-utils': [ '7.28.6' ],
39 silly audit   '@babel/helper-string-parser': [ '7.27.1' ],
39 silly audit   '@babel/helper-validator-identifier': [ '7.28.5' ],
39 silly audit   '@babel/helper-validator-option': [ '7.27.1' ],
39 silly audit   '@babel/helpers': [ '7.28.6' ],
39 silly audit   '@babel/parser': [ '7.29.0' ],
39 silly audit   '@babel/plugin-transform-react-jsx-self': [ '7.27.1' ],
39 silly audit   '@babel/plugin-transform-react-jsx-source': [ '7.27.1' ],
39 silly audit   '@babel/runtime': [ '7.28.6' ],
39 silly audit   '@babel/template': [ '7.28.6' ],
39 silly audit   '@babel/traverse': [ '7.29.0' ],
39 silly audit   '@babel/types': [ '7.29.0' ],
39 silly audit   '@cspotcode/source-map-support': [ '0.8.1' ],
39 silly audit   '@jridgewell/trace-mapping': [ '0.3.9', '0.3.31' ],
39 silly audit   '@edge-runtime/format': [ '2.2.1' ],
39 silly audit   '@edge-runtime/node-utils': [ '2.3.0' ],
39 silly audit   '@edge-runtime/ponyfill': [ '2.4.2' ],
39 silly audit   '@edge-runtime/primitives': [ '4.1.0' ],
39 silly audit   '@edge-runtime/vm': [ '3.2.0' ],
39 silly audit   '@esbuild/aix-ppc64': [ '0.25.12' ],
39 silly audit   '@esbuild/android-arm': [ '0.25.12' ],
39 silly audit   '@esbuild/android-arm64': [ '0.25.12' ],
39 silly audit   '@esbuild/android-x64': [ '0.25.12' ],
39 silly audit   '@esbuild/darwin-arm64': [ '0.25.12' ],
39 silly audit   '@esbuild/darwin-x64': [ '0.25.12' ],
39 silly audit   '@esbuild/freebsd-arm64': [ '0.25.12' ],
39 silly audit   '@esbuild/freebsd-x64': [ '0.25.12' ],
39 silly audit   '@esbuild/linux-arm': [ '0.25.12' ],
39 silly audit   '@esbuild/linux-arm64': [ '0.25.12' ],
39 silly audit   '@esbuild/linux-ia32': [ '0.25.12' ],
39 silly audit   '@esbuild/linux-loong64': [ '0.25.12' ],
39 silly audit   '@esbuild/linux-mips64el': [ '0.25.12' ],
39 silly audit   '@esbuild/linux-ppc64': [ '0.25.12' ],
39 silly audit   '@esbuild/linux-riscv64': [ '0.25.12' ],
39 silly audit   '@esbuild/linux-s390x': [ '0.25.12' ],
39 silly audit   '@esbuild/linux-x64': [ '0.25.12' ],
39 silly audit   '@esbuild/netbsd-arm64': [ '0.25.12' ],
39 silly audit   '@esbuild/netbsd-x64': [ '0.25.12' ],
39 silly audit   '@esbuild/openbsd-arm64': [ '0.25.12' ],
39 silly audit   '@esbuild/openbsd-x64': [ '0.25.12' ],
39 silly audit   '@esbuild/openharmony-arm64': [ '0.25.12' ],
39 silly audit   '@esbuild/sunos-x64': [ '0.25.12' ],
39 silly audit   '@esbuild/win32-arm64': [ '0.25.12' ],
39 silly audit   '@esbuild/win32-ia32': [ '0.25.12' ],
39 silly audit   '@esbuild/win32-x64': [ '0.25.12' ],
39 silly audit   '@fastify/busboy': [ '2.1.1' ],
39 silly audit   '@jridgewell/gen-mapping': [ '0.3.13' ],
39 silly audit   '@jridgewell/remapping': [ '2.3.5' ],
39 silly audit   '@jridgewell/resolve-uri': [ '3.1.2' ],
39 silly audit   '@jridgewell/sourcemap-codec': [ '1.5.5' ],
39 silly audit   '@mapbox/node-pre-gyp': [ '1.0.11' ],
39 silly audit   '@nodelib/fs.scandir': [ '2.1.5' ],
39 silly audit   '@nodelib/fs.stat': [ '2.0.5' ],
39 silly audit   '@nodelib/fs.walk': [ '1.2.8' ],
39 silly audit   '@rolldown/pluginutils': [ '1.0.0-beta.47' ],
39 silly audit   '@rollup/pluginutils': [ '4.2.1' ],
39 silly audit   '@rollup/rollup-android-arm-eabi': [ '4.59.0' ],
39 silly audit   '@rollup/rollup-android-arm64': [ '4.59.0' ],
39 silly audit   '@rollup/rollup-darwin-arm64': [ '4.59.0' ],
39 silly audit   '@rollup/rollup-darwin-x64': [ '4.59.0' ],
39 silly audit   '@rollup/rollup-freebsd-arm64': [ '4.59.0' ],
39 silly audit   '@rollup/rollup-freebsd-x64': [ '4.59.0' ],
39 silly audit   '@rollup/rollup-linux-arm-gnueabihf': [ '4.59.0' ],
39 silly audit   '@rollup/rollup-linux-arm-musleabihf': [ '4.59.0' ],
39 silly audit   '@rollup/rollup-linux-arm64-gnu': [ '4.59.0' ],
39 silly audit   '@rollup/rollup-linux-arm64-musl': [ '4.59.0' ],
39 silly audit   '@rollup/rollup-linux-loong64-gnu': [ '4.59.0' ],
39 silly audit   '@rollup/rollup-linux-loong64-musl': [ '4.59.0' ],
39 silly audit   '@rollup/rollup-linux-ppc64-gnu': [ '4.59.0' ],
39 silly audit   '@rollup/rollup-linux-ppc64-musl': [ '4.59.0' ],
39 silly audit   '@rollup/rollup-linux-riscv64-gnu': [ '4.59.0' ],
39 silly audit   '@rollup/rollup-linux-riscv64-musl': [ '4.59.0' ],
39 silly audit   '@rollup/rollup-linux-s390x-gnu': [ '4.59.0' ],
39 silly audit   '@rollup/rollup-linux-x64-gnu': [ '4.59.0' ],
39 silly audit   '@rollup/rollup-linux-x64-musl': [ '4.59.0' ],
39 silly audit   '@rollup/rollup-openbsd-x64': [ '4.59.0' ],
39 silly audit   '@rollup/rollup-openharmony-arm64': [ '4.59.0' ],
39 silly audit   '@rollup/rollup-win32-arm64-msvc': [ '4.59.0' ],
39 silly audit   '@rollup/rollup-win32-ia32-msvc': [ '4.59.0' ],
39 silly audit   '@rollup/rollup-win32-x64-gnu': [ '4.59.0' ],
39 silly audit   '@rollup/rollup-win32-x64-msvc': [ '4.59.0' ],
39 silly audit   '@supabase/auth-js': [ '2.97.0' ],
39 silly audit   '@supabase/functions-js': [ '2.97.0' ],
39 silly audit   '@supabase/postgrest-js': [ '2.97.0' ],
39 silly audit   '@supabase/realtime-js': [ '2.97.0' ],
39 silly audit   '@supabase/storage-js': [ '2.97.0' ],
39 silly audit   '@supabase/supabase-js': [ '2.97.0' ],
39 silly audit   '@tailwindcss/node': [ '4.1.17' ],
39 silly audit   '@tailwindcss/oxide': [ '4.1.17' ],
39 silly audit   '@tailwindcss/oxide-android-arm64': [ '4.1.17' ],
39 silly audit   '@tailwindcss/oxide-darwin-arm64': [ '4.1.17' ],
39 silly audit   '@tailwindcss/oxide-darwin-x64': [ '4.1.17' ],
39 silly audit   '@tailwindcss/oxide-freebsd-x64': [ '4.1.17' ],
39 silly audit   '@tailwindcss/oxide-linux-arm-gnueabihf': [ '4.1.17' ],
39 silly audit   '@tailwindcss/oxide-linux-arm64-gnu': [ '4.1.17' ],
39 silly audit   '@tailwindcss/oxide-linux-arm64-musl': [ '4.1.17' ],
39 silly audit   '@tailwindcss/oxide-linux-x64-gnu': [ '4.1.17' ],
39 silly audit   '@tailwindcss/oxide-linux-x64-musl': [ '4.1.17' ],
39 silly audit   '@tailwindcss/oxide-wasm32-wasi': [ '4.1.17' ],
39 silly audit   '@tailwindcss/oxide-win32-arm64-msvc': [ '4.1.17' ],
39 silly audit   '@tailwindcss/oxide-win32-x64-msvc': [ '4.1.17' ],
39 silly audit   '@tailwindcss/vite': [ '4.1.17' ],
39 silly audit   '@ts-morph/common': [ '0.11.1' ],
39 silly audit   '@tsconfig/node10': [ '1.0.12' ],
39 silly audit   '@tsconfig/node12': [ '1.0.11' ],
39 silly audit   '@tsconfig/node14': [ '1.0.3' ],
39 silly audit   '@tsconfig/node16': [ '1.0.4' ],
39 silly audit   '@types/babel__core': [ '7.20.5' ],
39 silly audit   '@types/babel__generator': [ '7.27.0' ],
39 silly audit   '@types/babel__template': [ '7.4.4' ],
39 silly audit   '@types/babel__traverse': [ '7.28.0' ],
39 silly audit   '@types/debug': [ '4.1.12' ],
39 silly audit   '@types/estree': [ '1.0.8' ],
39 silly audit   '@types/estree-jsx': [ '1.0.5' ],
39 silly audit   '@types/hast': [ '3.0.4' ],
39 silly audit   '@types/json-schema': [ '7.0.15' ],
39 silly audit   '@types/mdast': [ '4.0.4' ],
39 silly audit   '@types/ms': [ '2.1.0' ],
39 silly audit   '@types/node': [ '22.19.11', '16.18.11' ],
39 silly audit   '@types/phoenix': [ '1.6.7' ],
39 silly audit   '@types/react': [ '19.2.7' ],
39 silly audit   '@types/react-dom': [ '19.2.3' ],
39 silly audit   '@types/react-window': [ '1.8.8' ],
39 silly audit   '@types/unist': [ '3.0.3', '2.0.11' ],
39 silly audit   '@types/ws': [ '8.18.1' ],
39 silly audit   '@ungap/structured-clone': [ '1.3.0' ],
39 silly audit   '@vercel/build-utils': [ '8.7.0' ],
39 silly audit   '@vercel/error-utils': [ '2.0.3' ],
39 silly audit   '@vercel/nft': [ '0.27.3' ],
39 silly audit   '@vercel/node': [ '3.2.29' ],
39 silly audit   typescript: [ '4.9.5', '5.9.3' ],
39 silly audit   '@vercel/static-config': [ '3.0.0' ],
39 silly audit   '@vitejs/plugin-react': [ '5.1.1' ],
39 silly audit   abbrev: [ '1.1.1' ],
39 silly audit   acorn: [ '8.16.0' ],
39 silly audit   'acorn-import-attributes': [ '1.9.5' ],
39 silly audit   'acorn-walk': [ '8.3.5' ],
39 silly audit   'agent-base': [ '6.0.2' ],
39 silly audit   ajv: [ '8.6.3' ],
39 silly audit   'ansi-regex': [ '5.0.1' ],
39 silly audit   aproba: [ '2.1.0' ],
39 silly audit   'are-we-there-yet': [ '2.0.0' ],
39 silly audit   arg: [ '4.1.3' ],
39 silly audit   'async-listen': [ '3.0.0', '3.0.1' ],
39 silly audit   'async-sema': [ '3.1.1' ],
39 silly audit   bail: [ '2.0.2' ],
39 silly audit   'balanced-match': [ '1.0.2' ],
39 silly audit   'baseline-browser-mapping': [ '2.10.0' ],
39 silly audit   bindings: [ '1.5.0' ],
39 silly audit   'brace-expansion': [ '1.1.12' ],
39 silly audit   braces: [ '3.0.3' ],
39 silly audit   browserslist: [ '4.28.1' ],
39 silly audit   'caniuse-lite': [ '1.0.30001774' ],
39 silly audit   ccount: [ '2.0.1' ],
39 silly audit   'character-entities': [ '2.0.2' ],
39 silly audit   'character-entities-html4': [ '2.1.0' ],
39 silly audit   'character-entities-legacy': [ '3.0.0' ],
39 silly audit   'character-reference-invalid': [ '2.0.1' ],
39 silly audit   chownr: [ '2.0.0' ],
39 silly audit   'cjs-module-lexer': [ '1.2.3' ],
39 silly audit   clsx: [ '2.1.1' ],
39 silly audit   'code-block-writer': [ '10.1.1' ],
39 silly audit   'color-support': [ '1.1.3' ],
39 silly audit   'comma-separated-tokens': [ '2.0.3' ],
39 silly audit   'concat-map': [ '0.0.1' ],
39 silly audit   'console-control-strings': [ '1.1.0' ],
39 silly audit   'convert-hrtime': [ '3.0.0' ],
39 silly audit   'convert-source-map': [ '2.0.0' ],
39 silly audit   'create-require': [ '1.1.1' ],
39 silly audit   csstype: [ '3.2.3' ],
39 silly audit   debug: [ '4.4.3' ],
39 silly audit   'decode-named-character-reference': [ '1.3.0' ],
39 silly audit   delegates: [ '1.0.0' ],
39 silly audit   dequal: [ '2.0.3' ],
39 silly audit   'detect-libc': [ '2.1.2' ],
39 silly audit   devlop: [ '1.1.0' ],
39 silly audit   diff: [ '4.0.4' ],
39 silly audit   'edge-runtime': [ '2.5.9' ],
39 silly audit   picocolors: [ '1.0.0', '1.1.1' ],
39 silly audit   'electron-to-chromium': [ '1.5.302' ],
39 silly audit   'emoji-regex': [ '8.0.0' ],
39 silly audit   'enhanced-resolve': [ '5.19.0' ],
39 silly audit   'es-module-lexer': [ '1.4.1' ],
39 silly audit   esbuild: [ '0.14.47', '0.25.12' ],
39 silly audit   'esbuild-android-64': [ '0.14.47' ],
39 silly audit   'esbuild-android-arm64': [ '0.14.47' ],
39 silly audit   'esbuild-darwin-64': [ '0.14.47' ],
39 silly audit   'esbuild-darwin-arm64': [ '0.14.47' ],
39 silly audit   'esbuild-freebsd-64': [ '0.14.47' ],
39 silly audit   'esbuild-freebsd-arm64': [ '0.14.47' ],
39 silly audit   'esbuild-linux-32': [ '0.14.47' ],
39 silly audit   'esbuild-linux-64': [ '0.14.47' ],
39 silly audit   'esbuild-linux-arm': [ '0.14.47' ],
39 silly audit   'esbuild-linux-arm64': [ '0.14.47' ],
39 silly audit   'esbuild-linux-mips64le': [ '0.14.47' ],
39 silly audit   'esbuild-linux-ppc64le': [ '0.14.47' ],
39 silly audit   'esbuild-linux-riscv64': [ '0.14.47' ],
39 silly audit   'esbuild-linux-s390x': [ '0.14.47' ],
39 silly audit   'esbuild-netbsd-64': [ '0.14.47' ],
39 silly audit   'esbuild-openbsd-64': [ '0.14.47' ],
39 silly audit   'esbuild-sunos-64': [ '0.14.47' ],
39 silly audit   'esbuild-windows-32': [ '0.14.47' ],
39 silly audit   'esbuild-windows-64': [ '0.14.47' ],
39 silly audit   'esbuild-windows-arm64': [ '0.14.47' ],
39 silly audit   escalade: [ '3.2.0' ],
39 silly audit   'estree-util-is-identifier-name': [ '3.0.0' ],
39 silly audit   'estree-walker': [ '2.0.2' ],
39 silly audit   etag: [ '1.8.1' ],
39 silly audit   extend: [ '3.0.2' ],
39 silly audit   'fast-deep-equal': [ '3.1.3' ],
39 silly audit   'fast-glob': [ '3.3.3' ],
39 silly audit   fastq: [ '1.20.1' ],
39 silly audit   'file-uri-to-path': [ '1.0.0' ],
39 silly audit   'fill-range': [ '7.1.1' ],
39 silly audit   'fs-minipass': [ '2.1.0' ],
39 silly audit   minipass: [ '3.3.6', '5.0.0' ],
39 silly audit   yallist: [ '4.0.0', '3.1.1' ],
39 silly audit   'fs.realpath': [ '1.0.0' ],
39 silly audit   fsevents: [ '2.3.3' ],
39 silly audit   gauge: [ '3.0.2' ],
39 silly audit   'signal-exit': [ '3.0.7', '4.0.2' ],
39 silly audit   gensync: [ '1.0.0-beta.2' ],
39 silly audit   glob: [ '7.2.3' ],
39 silly audit   'glob-parent': [ '5.1.2' ],
39 silly audit   'graceful-fs': [ '4.2.11' ],
39 silly audit   'has-unicode': [ '2.0.1' ],
39 silly audit   'hast-util-to-jsx-runtime': [ '2.3.6' ],
39 silly audit   'hast-util-whitespace': [ '3.0.0' ],
39 silly audit   'html-url-attributes': [ '3.0.1' ],
39 silly audit   'https-proxy-agent': [ '5.0.1' ],
39 silly audit   'iceberg-js': [ '0.8.1' ],
39 silly audit   inflight: [ '1.0.6' ],
39 silly audit   inherits: [ '2.0.4' ],
39 silly audit   'inline-style-parser': [ '0.2.7' ],
39 silly audit   'is-alphabetical': [ '2.0.1' ],
39 silly audit   'is-alphanumerical': [ '2.0.1' ],
39 silly audit   'is-decimal': [ '2.0.1' ],
39 silly audit   'is-extglob': [ '2.1.1' ],
39 silly audit   'is-fullwidth-code-point': [ '3.0.0' ],
39 silly audit   'is-glob': [ '4.0.3' ],
39 silly audit   'is-hexadecimal': [ '2.0.1' ],
39 silly audit   'is-number': [ '7.0.0' ],
39 silly audit   'is-plain-obj': [ '4.1.0' ],
39 silly audit   jiti: [ '2.6.1' ],
39 silly audit   'js-tokens': [ '4.0.0' ],
39 silly audit   jsesc: [ '3.1.0' ],
39 silly audit   'json-schema-to-ts': [ '1.6.4' ],
39 silly audit   'json-schema-traverse': [ '1.0.0' ],
39 silly audit   json5: [ '2.2.3' ],
39 silly audit   lightningcss: [ '1.30.2' ],
39 silly audit   'lightningcss-android-arm64': [ '1.30.2' ],
39 silly audit   'lightningcss-darwin-arm64': [ '1.30.2' ],
39 silly audit   'lightningcss-darwin-x64': [ '1.30.2' ],
39 silly audit   'lightningcss-freebsd-x64': [ '1.30.2' ],
39 silly audit   'lightningcss-linux-arm-gnueabihf': [ '1.30.2' ],
39 silly audit   'lightningcss-linux-arm64-gnu': [ '1.30.2' ],
39 silly audit   'lightningcss-linux-arm64-musl': [ '1.30.2' ],
39 silly audit   'lightningcss-linux-x64-gnu': [ '1.30.2' ],
39 silly audit   'lightningcss-linux-x64-musl': [ '1.30.2' ],
39 silly audit   'lightningcss-win32-arm64-msvc': [ '1.30.2' ],
39 silly audit   'lightningcss-win32-x64-msvc': [ '1.30.2' ],
39 silly audit   'longest-streak': [ '3.1.0' ],
39 silly audit   'lru-cache': [ '5.1.1' ],
39 silly audit   'lucide-react': [ '0.574.0' ],
39 silly audit   'magic-string': [ '0.30.21' ],
39 silly audit   'make-dir': [ '3.1.0' ],
39 silly audit   'make-error': [ '1.3.6' ],
39 silly audit   'mdast-util-from-markdown': [ '2.0.3' ],
39 silly audit   'mdast-util-mdx-expression': [ '2.0.1' ],
39 silly audit   'mdast-util-mdx-jsx': [ '3.2.0' ],
39 silly audit   'mdast-util-mdxjs-esm': [ '2.0.1' ],
39 silly audit   'mdast-util-phrasing': [ '4.1.0' ],
39 silly audit   'mdast-util-to-hast': [ '13.2.1' ],
39 silly audit   'mdast-util-to-markdown': [ '2.1.2' ],
39 silly audit   'mdast-util-to-string': [ '4.0.0' ],
39 silly audit   'memoize-one': [ '5.2.1' ],
39 silly audit   merge2: [ '1.4.1' ],
39 silly audit   micromark: [ '4.0.2' ],
39 silly audit   'micromark-core-commonmark': [ '2.0.3' ],
39 silly audit   'micromark-factory-destination': [ '2.0.1' ],
39 silly audit   'micromark-factory-label': [ '2.0.1' ],
39 silly audit   'micromark-factory-space': [ '2.0.1' ],
39 silly audit   'micromark-factory-title': [ '2.0.1' ],
39 silly audit   'micromark-factory-whitespace': [ '2.0.1' ],
39 silly audit   'micromark-util-character': [ '2.1.1' ],
39 silly audit   'micromark-util-chunked': [ '2.0.1' ],
39 silly audit   'micromark-util-classify-character': [ '2.0.1' ],
39 silly audit   'micromark-util-combine-extensions': [ '2.0.1' ],
39 silly audit   'micromark-util-decode-numeric-character-reference': [ '2.0.2' ],
39 silly audit   'micromark-util-decode-string': [ '2.0.1' ],
39 silly audit   'micromark-util-encode': [ '2.0.1' ],
39 silly audit   'micromark-util-html-tag-name': [ '2.0.1' ],
39 silly audit   'micromark-util-normalize-identifier': [ '2.0.1' ],
39 silly audit   'micromark-util-resolve-all': [ '2.0.1' ],
39 silly audit   'micromark-util-sanitize-uri': [ '2.0.1' ],
39 silly audit   'micromark-util-subtokenize': [ '2.1.0' ],
39 silly audit   'micromark-util-symbol': [ '2.0.1' ],
39 silly audit   'micromark-util-types': [ '2.0.2' ],
39 silly audit   micromatch: [ '4.0.8' ],
39 silly audit   minimatch: [ '3.1.4' ],
39 silly audit   minizlib: [ '2.1.2' ],
39 silly audit   mkdirp: [ '1.0.4' ],
39 silly audit   mri: [ '1.2.0' ],
39 silly audit   ms: [ '2.1.3' ],
39 silly audit   nanoid: [ '3.3.11' ],
39 silly audit   'node-fetch': [ '2.6.9' ],
39 silly audit   'node-gyp-build': [ '4.8.4' ],
39 silly audit   'node-releases': [ '2.0.27' ],
39 silly audit   nopt: [ '5.0.0' ],
39 silly audit   npmlog: [ '5.0.1' ],
39 silly audit   'object-assign': [ '4.1.1' ],
39 silly audit   once: [ '1.4.0' ],
39 silly audit   'parse-entities': [ '4.0.2' ],
39 silly audit   'parse-ms': [ '2.1.0' ],
39 silly audit   'path-browserify': [ '1.0.1' ],
39 silly audit   'path-is-absolute': [ '1.0.1' ],
39 silly audit   'path-to-regexp': [ '6.2.1' ],
39 silly audit   picomatch: [ '2.3.1', '4.0.3' ],
39 silly audit   postcss: [ '8.5.6' ],
39 silly audit   'pretty-ms': [ '7.0.1' ],
39 silly audit   'property-information': [ '7.1.0' ],
39 silly audit   punycode: [ '2.3.1' ],
39 silly audit   'queue-microtask': [ '1.2.3' ],
39 silly audit   react: [ '19.2.3' ],
39 silly audit   'react-dom': [ '19.2.3' ],
39 silly audit   'react-markdown': [ '10.1.0' ],
39 silly audit   'react-refresh': [ '0.18.0' ],
39 silly audit   'react-window': [ '1.8.11' ],
39 silly audit   'readable-stream': [ '3.6.2' ],
39 silly audit   'remark-parse': [ '11.0.0' ],
39 silly audit   'remark-rehype': [ '11.1.2' ],
39 silly audit   'require-from-string': [ '2.0.2' ],
39 silly audit   'resolve-from': [ '5.0.0' ],
39 silly audit   reusify: [ '1.1.0' ],
39 silly audit   rimraf: [ '3.0.2' ],
39 silly audit   rollup: [ '4.59.0' ],
39 silly audit   'run-parallel': [ '1.2.0' ],
39 silly audit   'safe-buffer': [ '5.2.1' ],
39 silly audit   scheduler: [ '0.27.0' ],
39 silly audit   'set-blocking': [ '2.0.0' ],
39 silly audit   'source-map-js': [ '1.2.1' ],
39 silly audit   'space-separated-tokens': [ '2.0.2' ],
39 silly audit   string_decoder: [ '1.3.0' ],
39 silly audit   'string-width': [ '4.2.3' ],
39 silly audit   'stringify-entities': [ '4.0.4' ],
39 silly audit   'strip-ansi': [ '6.0.1' ],
39 silly audit   'style-to-js': [ '1.1.21' ],
39 silly audit   'style-to-object': [ '1.0.14' ],
39 silly audit   'tailwind-merge': [ '3.4.0' ],
39 silly audit   tailwindcss: [ '4.1.17' ],
39 silly audit   tapable: [ '2.3.0' ],
39 silly audit   tar: [ '6.2.1' ],
39 silly audit   'time-span': [ '4.0.0' ],
39 silly audit   tinyglobby: [ '0.2.15' ],
39 silly audit   fdir: [ '6.5.0' ],
39 silly audit   'to-regex-range': [ '5.0.1' ],
39 silly audit   tr46: [ '0.0.3' ],
39 silly audit   'trim-lines': [ '3.0.1' ],
39 silly audit   trough: [ '2.2.0' ],
39 silly audit   'ts-morph': [ '12.0.0' ],
39 silly audit   'ts-node': [ '10.9.1' ],
39 silly audit   'ts-toolbelt': [ '6.15.5' ],
39 silly audit   tslib: [ '2.8.1' ],
39 silly audit   undici: [ '5.28.4' ],
39 silly audit   'undici-types': [ '6.21.0' ],
39 silly audit   unified: [ '11.0.5' ],
39 silly audit   'unist-util-is': [ '6.0.1' ],
39 silly audit   'unist-util-position': [ '5.0.0' ],
39 silly audit   'unist-util-stringify-position': [ '4.0.0' ],
39 silly audit   'unist-util-visit': [ '5.1.0' ],
39 silly audit   'unist-util-visit-parents': [ '6.0.2' ],
39 silly audit   'update-browserslist-db': [ '1.2.3' ],
39 silly audit   'uri-js': [ '4.4.1' ],
39 silly audit   'util-deprecate': [ '1.0.2' ],
39 silly audit   'v8-compile-cache-lib': [ '3.0.1' ],
39 silly audit   vfile: [ '6.0.3' ],
39 silly audit   'vfile-message': [ '4.0.3' ],
39 silly audit   vite: [ '7.2.4' ],
39 silly audit   'vite-plugin-singlefile': [ '2.3.0' ],
39 silly audit   'webidl-conversions': [ '3.0.1' ],
39 silly audit   'whatwg-url': [ '5.0.0' ],
39 silly audit   'wide-align': [ '1.1.5' ],
39 silly audit   wrappy: [ '1.0.2' ],
39 silly audit   ws: [ '8.19.0' ],
39 silly audit   yn: [ '3.1.1' ],
39 silly audit   zwitch: [ '2.0.4' ]
39 silly audit }
40 http cache @vercel/nft@https://registry.npmjs.org/@vercel/nft/-/nft-0.27.3.tgz 0ms (cache hit)
41 http cache @babel/parser@https://registry.npmjs.org/@babel/parser/-/parser-7.29.0.tgz 0ms (cache hit)
42 http cache vite@https://registry.npmjs.org/vite/-/vite-7.2.4.tgz 0ms (cache hit)
43 http cache update-browserslist-db@https://registry.npmjs.org/update-browserslist-db/-/update-browserslist-db-1.2.3.tgz 0ms (cache hit)
44 http cache typescript@https://registry.npmjs.org/typescript/-/typescript-5.9.3.tgz 0ms (cache hit)
45 http cache ts-node@https://registry.npmjs.org/ts-node/-/ts-node-10.9.1.tgz 0ms (cache hit)
46 http cache semver@https://registry.npmjs.org/semver/-/semver-7.7.4.tgz 0ms (cache hit)
47 http cache rimraf@https://registry.npmjs.org/rimraf/-/rimraf-3.0.2.tgz 0ms (cache hit)
48 http cache rollup@https://registry.npmjs.org/rollup/-/rollup-4.59.0.tgz 0ms (cache hit)
49 http cache nopt@https://registry.npmjs.org/nopt/-/nopt-5.0.0.tgz 0ms (cache hit)
50 http cache nanoid@https://registry.npmjs.org/nanoid/-/nanoid-3.3.11.tgz 0ms (cache hit)
51 http cache node-gyp-build@https://registry.npmjs.org/node-gyp-build/-/node-gyp-build-4.8.4.tgz 0ms (cache hit)
52 http cache mkdirp@https://registry.npmjs.org/mkdirp/-/mkdirp-1.0.4.tgz 0ms (cache hit)
53 http cache @mapbox/node-pre-gyp@https://registry.npmjs.org/@mapbox/node-pre-gyp/-/node-pre-gyp-1.0.11.tgz 0ms (cache hit)
54 http cache json5@https://registry.npmjs.org/json5/-/json5-2.2.3.tgz 0ms (cache hit)
55 http cache jiti@https://registry.npmjs.org/jiti/-/jiti-2.6.1.tgz 0ms (cache hit)
56 http cache esbuild@https://registry.npmjs.org/esbuild/-/esbuild-0.14.47.tgz 0ms (cache hit)
57 http cache edge-runtime@https://registry.npmjs.org/edge-runtime/-/edge-runtime-2.5.9.tgz 0ms (cache hit)
58 http cache color-support@https://registry.npmjs.org/color-support/-/color-support-1.1.3.tgz 0ms (cache hit)
59 http cache jsesc@https://registry.npmjs.org/jsesc/-/jsesc-3.1.0.tgz 0ms (cache hit)
60 http cache browserslist@https://registry.npmjs.org/browserslist/-/browserslist-4.28.1.tgz 0ms (cache hit)
61 http cache baseline-browser-mapping@https://registry.npmjs.org/baseline-browser-mapping/-/baseline-browser-mapping-2.10.0.tgz 0ms (cache hit)
62 http cache acorn@https://registry.npmjs.org/acorn/-/acorn-8.16.0.tgz 0ms (cache hit)
63 silly tarball no local data for vite@https://registry.npmjs.org/vite/-/vite-7.2.4.tgz. Extracting by manifest.
64 silly tarball no local data for typescript@https://registry.npmjs.org/typescript/-/typescript-5.9.3.tgz. Extracting by manifest.
65 silly tarball no local data for @babel/parser@https://registry.npmjs.org/@babel/parser/-/parser-7.29.0.tgz. Extracting by manifest.
66 silly tarball no local data for json5@https://registry.npmjs.org/json5/-/json5-2.2.3.tgz. Extracting by manifest.
67 warn deprecated rimraf@3.0.2: Rimraf versions prior to v4 are no longer supported
68 http fetch POST 200 https://registry.npmjs.org/-/npm/v1/security/advisories/bulk 844ms
69 silly audit report {
69 silly audit report   ajv: [
69 silly audit report     {
69 silly audit report       id: 1113715,
69 silly audit report       url: 'https://github.com/advisories/GHSA-2g4f-4pwh-qvx6',
69 silly audit report       title: 'ajv has ReDoS when using `$data` option',
69 silly audit report       severity: 'moderate',
69 silly audit report       vulnerable_versions: '>=7.0.0-alpha.0 <8.18.0',
69 silly audit report       cwe: [Array],
69 silly audit report       cvss: [Object]
69 silly audit report     }
69 silly audit report   ],
69 silly audit report   esbuild: [
69 silly audit report     {
69 silly audit report       id: 1102341,
69 silly audit report       url: 'https://github.com/advisories/GHSA-67mh-4wv8-2f99',
69 silly audit report       title: 'esbuild enables any website to send any requests to the development server and read the response',
69 silly audit report       severity: 'moderate',
69 silly audit report       vulnerable_versions: '<=0.24.2',
69 silly audit report       cwe: [Array],
69 silly audit report       cvss: [Object]
69 silly audit report     }
69 silly audit report   ],
69 silly audit report   'path-to-regexp': [
69 silly audit report     {
69 silly audit report       id: 1101846,
69 silly audit report       url: 'https://github.com/advisories/GHSA-9wv6-86v2-598j',
69 silly audit report       title: 'path-to-regexp outputs backtracking regular expressions',
69 silly audit report       severity: 'high',
69 silly audit report       vulnerable_versions: '>=4.0.0 <6.3.0',
69 silly audit report       cwe: [Array],
69 silly audit report       cvss: [Object]
69 silly audit report     }
69 silly audit report   ],
69 silly audit report   tar: [
69 silly audit report     {
69 silly audit report       id: 1112329,
69 silly audit report       url: 'https://github.com/advisories/GHSA-r6q2-hw4h-h46w',
69 silly audit report       title: 'Race Condition in node-tar Path Reservations via Unicode Ligature Collisions on macOS APFS',
69 silly audit report       severity: 'high',
69 silly audit report       vulnerable_versions: '<=7.5.3',
69 silly audit report       cwe: [Array],
69 silly audit report       cvss: [Object]
69 silly audit report     },
69 silly audit report     {
69 silly audit report       id: 1112659,
69 silly audit report       url: 'https://github.com/advisories/GHSA-34x7-hfp2-rc4v',
69 silly audit report       title: 'node-tar Vulnerable to Arbitrary File Creation/Overwrite via Hardlink Path Traversal',
69 silly audit report       severity: 'high',
69 silly audit report       vulnerable_versions: '<7.5.7',
69 silly audit report       cwe: [Array],
69 silly audit report       cvss: [Object]
69 silly audit report     },
69 silly audit report     {
69 silly audit report       id: 1113300,
69 silly audit report       url: 'https://github.com/advisories/GHSA-8qq5-rm4j-mr97',
69 silly audit report       title: 'node-tar is Vulnerable to Arbitrary File Overwrite and Symlink Poisoning via Insufficient Path Sanitization',
69 silly audit report       severity: 'high',
69 silly audit report       vulnerable_versions: '<=7.5.2',
69 silly audit report       cwe: [Array],
69 silly audit report       cvss: [Object]
69 silly audit report     },
69 silly audit report     {
69 silly audit report       id: 1113375,
69 silly audit report       url: 'https://github.com/advisories/GHSA-83g3-92jg-28cx',
69 silly audit report       title: 'Arbitrary File Read/Write via Hardlink Target Escape Through Symlink Chain in node-tar Extraction',
69 silly audit report       severity: 'high',
69 silly audit report       vulnerable_versions: '<7.5.8',
69 silly audit report       cwe: [Array],
69 silly audit report       cvss: [Object]
69 silly audit report     },
69 silly audit report     {
69 silly audit report       id: 1114071,
69 silly audit report       url: 'https://github.com/advisories/GHSA-qffp-2rhf-9h96',
69 silly audit report       title: 'tar has Hardlink Path Traversal via Drive-Relative Linkpath',
69 silly audit report       severity: 'high',
69 silly audit report       vulnerable_versions: '<=7.5.9',
69 silly audit report       cwe: [Array],
69 silly audit report       cvss: [Object]
69 silly audit report     }
69 silly audit report   ],
69 silly audit report   undici: [
69 silly audit report     {
69 silly audit report       id: 1101610,
69 silly audit report       url: 'https://github.com/advisories/GHSA-c76h-2ccp-4975',
69 silly audit report       title: 'Use of Insufficiently Random Values in undici',
69 silly audit report       severity: 'moderate',
69 silly audit report       vulnerable_versions: '>=4.5.0 <5.28.5',
69 silly audit report       cwe: [Array],
69 silly audit report       cvss: [Object]
69 silly audit report     },
69 silly audit report     {
69 silly audit report       id: 1112496,
69 silly audit report       url: 'https://github.com/advisories/GHSA-g9mf-h72j-4rw9',
69 silly audit report       title: 'Undici has an unbounded decompression chain in HTTP responses on Node.js Fetch API via Content-Encoding leads to resource exhaustion',
69 silly audit report       severity: 'moderate',
69 silly audit report       vulnerable_versions: '<6.23.0',
69 silly audit report       cwe: [Array],
69 silly audit report       cvss: [Object]
69 silly audit report     },
69 silly audit report     {
69 silly audit report       id: 1113069,
69 silly audit report       url: 'https://github.com/advisories/GHSA-cxrh-j4jr-qwg3',
69 silly audit report       title: 'undici Denial of Service attack via bad certificate data',
69 silly audit report       severity: 'low',
69 silly audit report       vulnerable_versions: '<5.29.0',
69 silly audit report       cwe: [Array],
69 silly audit report       cvss: [Object]
69 silly audit report     }
69 silly audit report   ]
69 silly audit report }
70 silly packumentCache corgi:https://registry.npmjs.org/ajv cache-miss
71 silly packumentCache corgi:https://registry.npmjs.org/esbuild cache-miss
72 silly packumentCache corgi:https://registry.npmjs.org/path-to-regexp cache-miss
73 silly packumentCache corgi:https://registry.npmjs.org/tar cache-miss
74 silly packumentCache corgi:https://registry.npmjs.org/undici cache-miss
75 http fetch GET 200 https://registry.npmjs.org/json5/-/json5-2.2.3.tgz 833ms (cache miss)
76 http fetch GET 200 https://registry.npmjs.org/path-to-regexp 102ms (cache revalidated)
77 silly packumentCache corgi:https://registry.npmjs.org/path-to-regexp set size:63416 disposed:false
78 http fetch GET 200 https://registry.npmjs.org/vite/-/vite-7.2.4.tgz 1173ms (cache miss)
79 http fetch GET 200 https://registry.npmjs.org/@babel/parser/-/parser-7.29.0.tgz 1171ms (cache miss)
80 http fetch GET 200 https://registry.npmjs.org/undici 915ms (cache revalidated)
81 silly packumentCache corgi:https://registry.npmjs.org/undici set size:409147 disposed:false
82 http fetch GET 200 https://registry.npmjs.org/tar 920ms (cache revalidated)
83 silly packumentCache corgi:https://registry.npmjs.org/tar set size:196430 disposed:false
84 http fetch GET 200 https://registry.npmjs.org/esbuild 923ms (cache revalidated)
85 silly packumentCache corgi:https://registry.npmjs.org/esbuild set size:879341 disposed:false
86 http fetch GET 200 https://registry.npmjs.org/ajv 930ms (cache revalidated)
87 silly packumentCache corgi:https://registry.npmjs.org/ajv set size:464537 disposed:false
88 silly packumentCache corgi:https://registry.npmjs.org/@vercel%2fstatic-config cache-miss
89 http fetch GET 200 https://registry.npmjs.org/@vercel%2fstatic-config 120ms (cache revalidated)
90 silly packumentCache corgi:https://registry.npmjs.org/@vercel%2fstatic-config set size:44731 disposed:false
91 silly packumentCache corgi:https://registry.npmjs.org/@vercel%2fnode cache-miss
92 http fetch GET 200 https://registry.npmjs.org/@vercel%2fnode 160ms (cache revalidated)
93 silly packumentCache corgi:https://registry.npmjs.org/@vercel%2fnode set size:783820 disposed:false
94 silly packumentCache corgi:https://registry.npmjs.org/@mapbox%2fnode-pre-gyp cache-miss
95 http fetch GET 200 https://registry.npmjs.org/typescript/-/typescript-5.9.3.tgz 2118ms (cache miss)
96 http fetch GET 200 https://registry.npmjs.org/@mapbox%2fnode-pre-gyp 102ms (cache revalidated)
97 silly packumentCache corgi:https://registry.npmjs.org/@mapbox%2fnode-pre-gyp set size:47144 disposed:false
98 info run esbuild@0.14.47 postinstall node_modules/esbuild node install.js
99 silly packumentCache corgi:https://registry.npmjs.org/@vercel%2fnft cache-miss
100 http fetch GET 200 https://registry.npmjs.org/@vercel%2fnft 120ms (cache revalidated)
101 silly packumentCache corgi:https://registry.npmjs.org/@vercel%2fnft set size:288209 disposed:false
102 info run esbuild@0.14.47 postinstall { code: 0, signal: null }
103 silly CHANGE node_modules/@vercel/nft
104 silly CHANGE node_modules/@mapbox/node-pre-gyp
105 silly CHANGE node_modules/@babel/parser
106 silly CHANGE node_modules/vite
107 silly CHANGE node_modules/update-browserslist-db
108 silly CHANGE node_modules/typescript
109 silly CHANGE node_modules/ts-node
110 silly CHANGE node_modules/semver
111 silly CHANGE node_modules/rimraf
112 silly CHANGE node_modules/rollup
113 silly CHANGE node_modules/nopt
114 silly CHANGE node_modules/nanoid
115 silly CHANGE node_modules/node-gyp-build
116 silly CHANGE node_modules/mkdirp
117 silly CHANGE node_modules/jsesc
118 silly CHANGE node_modules/json5
119 silly CHANGE node_modules/jiti
120 silly CHANGE node_modules/esbuild
121 silly CHANGE node_modules/edge-runtime
122 silly CHANGE node_modules/color-support
123 silly CHANGE node_modules/browserslist
124 silly CHANGE node_modules/baseline-browser-mapping
125 silly CHANGE node_modules/acorn
126 verbose cwd /Users/igorvasin/ai-scout-final
127 verbose os Darwin 25.3.0
128 verbose node v24.11.1
129 verbose npm  v11.6.2
130 verbose exit 0
131 info ok
