0 verbose cli /usr/local/bin/node /usr/local/bin/npm
1 info using npm@11.6.2
2 info using node@v24.11.1
3 silly config load:file:/usr/local/lib/node_modules/npm/npmrc
4 silly config load:file:/Users/igorvasin/ai-scout-final/.npmrc
5 silly config load:file:/Users/igorvasin/.npmrc
6 silly config load:file:/Users/igorvasin/.npm-global/etc/npmrc
7 verbose title npm install
8 verbose argv "install"
9 verbose logfile logs-max:10 dir:/Users/igorvasin/ai-scout-final/.npm/_logs/2026-03-07T06_53_49_235Z-
10 verbose logfile /Users/igorvasin/ai-scout-final/.npm/_logs/2026-03-07T06_53_49_235Z-debug-0.log
11 silly logfile start cleaning logs, removing 1 files
12 silly packumentCache heap:2348810240 maxSize:587202560 maxEntrySize:293601280
13 silly logfile done cleaning log files
14 verbose shrinkwrap failed to load /Users/igorvasin/ai-scout-final EPERM: operation not permitted, open '/Users/igorvasin/ai-scout-final/node_modules/.package-lock.json'
15 silly idealTree buildDeps
16 silly reify moves {}
17 verbose stack Error: EPERM: operation not permitted, mkdir '/Users/igorvasin/ai-scout-final/node_modules/@babel/code-frame'
17 verbose stack     at async mkdir (node:internal/fs/promises:861:10)
17 verbose stack     at async /usr/local/lib/node_modules/npm/node_modules/@npmcli/arborist/lib/arborist/reify.js:576:20
17 verbose stack     at async Promise.allSettled (index 0)
17 verbose stack     at async [reifyPackages] (/usr/local/lib/node_modules/npm/node_modules/@npmcli/arborist/lib/arborist/reify.js:313:11)
17 verbose stack     at async Arborist.reify (/usr/local/lib/node_modules/npm/node_modules/@npmcli/arborist/lib/arborist/reify.js:125:5)
17 verbose stack     at async Install.exec (/usr/local/lib/node_modules/npm/lib/commands/install.js:150:5)
17 verbose stack     at async Npm.exec (/usr/local/lib/node_modules/npm/lib/npm.js:208:9)
17 verbose stack     at async module.exports (/usr/local/lib/node_modules/npm/lib/cli/entry.js:67:5)
18 error code EPERM
19 error syscall mkdir
20 error path /Users/igorvasin/ai-scout-final/node_modules/@babel/code-frame
21 error errno -1
22 error Error: EPERM: operation not permitted, mkdir '/Users/igorvasin/ai-scout-final/node_modules/@babel/code-frame'
22 error     at async mkdir (node:internal/fs/promises:861:10)
22 error     at async /usr/local/lib/node_modules/npm/node_modules/@npmcli/arborist/lib/arborist/reify.js:576:20
22 error     at async Promise.allSettled (index 0)
22 error     at async [reifyPackages] (/usr/local/lib/node_modules/npm/node_modules/@npmcli/arborist/lib/arborist/reify.js:313:11)
22 error     at async Arborist.reify (/usr/local/lib/node_modules/npm/node_modules/@npmcli/arborist/lib/arborist/reify.js:125:5)
22 error     at async Install.exec (/usr/local/lib/node_modules/npm/lib/commands/install.js:150:5)
22 error     at async Npm.exec (/usr/local/lib/node_modules/npm/lib/npm.js:208:9)
22 error     at async module.exports (/usr/local/lib/node_modules/npm/lib/cli/entry.js:67:5) {
22 error   errno: -1,
22 error   code: 'EPERM',
22 error   syscall: 'mkdir',
22 error   path: '/Users/igorvasin/ai-scout-final/node_modules/@babel/code-frame'
22 error }
23 error
23 error The operation was rejected by your operating system.
23 error It is likely you do not have the permissions to access this file as the current user
23 error
23 error If you believe this might be a permissions issue, please double-check the
23 error permissions of the file and its containing directories, or try running
23 error the command again as root/Administrator.
24 silly unfinished npm timer reify 1772866429666
25 silly unfinished npm timer reify:createSparse 1772866429798
26 verbose cwd /Users/igorvasin/ai-scout-final
27 verbose os Darwin 25.3.0
28 verbose node v24.11.1
29 verbose npm  v11.6.2
30 verbose exit -1
31 verbose code -1
32 error A complete log of this run can be found in: /Users/igorvasin/ai-scout-final/.npm/_logs/2026-03-07T06_53_49_235Z-debug-0.log
