0 verbose cli /usr/local/bin/node /usr/local/bin/npm
1 info using npm@11.6.2
2 info using node@v24.11.1
3 silly config load:file:/usr/local/lib/node_modules/npm/npmrc
4 silly config load:file:/Users/igorvasin/ai-scout-final/.npmrc
5 silly config load:file:/Users/igorvasin/.npmrc
6 silly config load:file:/Users/igorvasin/.npm-global/etc/npmrc
7 verbose title npm install
8 verbose argv "install"
9 verbose logfile logs-max:10 dir:/Users/igorvasin/ai-scout-final/.npm/_logs/2026-03-07T06_57_10_562Z-
10 verbose logfile /Users/igorvasin/ai-scout-final/.npm/_logs/2026-03-07T06_57_10_562Z-debug-0.log
11 silly logfile start cleaning logs, removing 1 files
12 silly packumentCache heap:2348810240 maxSize:587202560 maxEntrySize:293601280
13 silly logfile done cleaning log files
14 verbose shrinkwrap failed to load node_modules/.package-lock.json out of date, updated: node_modules
15 silly idealTree buildDeps
16 silly reify mark retired [
16 silly reify   '/Users/igorvasin/ai-scout-final/node_modules/baseline-browser-mapping',
16 silly reify   '/Users/igorvasin/ai-scout-final/node_modules/.bin/baseline-browser-mapping'
16 silly reify ]
17 silly reify mark retired [ '/Users/igorvasin/ai-scout-final/node_modules/caniuse-lite' ]
18 silly reify mark retired [ '/Users/igorvasin/ai-scout-final/node_modules/electron-to-chromium' ]
19 silly reify mark retired [
19 silly reify   '/Users/igorvasin/ai-scout-final/node_modules/esbuild',
19 silly reify   '/Users/igorvasin/ai-scout-final/node_modules/.bin/esbuild'
19 silly reify ]
20 silly reify mark retired [ '/Users/igorvasin/ai-scout-final/node_modules/picomatch' ]
21 silly reify mark retired [
21 silly reify   '/Users/igorvasin/ai-scout-final/node_modules/semver',
21 silly reify   '/Users/igorvasin/ai-scout-final/node_modules/.bin/semver'
21 silly reify ]
22 silly reify mark retired [
22 silly reify   '/Users/igorvasin/ai-scout-final/node_modules/rollup',
22 silly reify   '/Users/igorvasin/ai-scout-final/node_modules/.bin/rollup'
22 silly reify ]
23 silly reify mark retired [
23 silly reify   '/Users/igorvasin/ai-scout-final/node_modules/@rollup/rollup-darwin-arm64'
23 silly reify ]
24 silly reify moves {
24 silly reify   '/Users/igorvasin/ai-scout-final/node_modules/baseline-browser-mapping': '/Users/igorvasin/ai-scout-final/node_modules/.baseline-browser-mapping-FXEqjAUT',
24 silly reify   '/Users/igorvasin/ai-scout-final/node_modules/.bin/baseline-browser-mapping': '/Users/igorvasin/ai-scout-final/node_modules/.bin/.baseline-browser-mapping-j8hFxP1M',
24 silly reify   '/Users/igorvasin/ai-scout-final/node_modules/caniuse-lite': '/Users/igorvasin/ai-scout-final/node_modules/.caniuse-lite-59KdB6Dy',
24 silly reify   '/Users/igorvasin/ai-scout-final/node_modules/electron-to-chromium': '/Users/igorvasin/ai-scout-final/node_modules/.electron-to-chromium-mphD93Eg',
24 silly reify   '/Users/igorvasin/ai-scout-final/node_modules/esbuild': '/Users/igorvasin/ai-scout-final/node_modules/.esbuild-8MK7iz1S',
24 silly reify   '/Users/igorvasin/ai-scout-final/node_modules/.bin/esbuild': '/Users/igorvasin/ai-scout-final/node_modules/.bin/.esbuild-bF2dg3AQ',
24 silly reify   '/Users/igorvasin/ai-scout-final/node_modules/picomatch': '/Users/igorvasin/ai-scout-final/node_modules/.picomatch-eDnS3tqq',
24 silly reify   '/Users/igorvasin/ai-scout-final/node_modules/semver': '/Users/igorvasin/ai-scout-final/node_modules/.semver-z7Ao90jy',
24 silly reify   '/Users/igorvasin/ai-scout-final/node_modules/.bin/semver': '/Users/igorvasin/ai-scout-final/node_modules/.bin/.semver-v25B5yCb',
24 silly reify   '/Users/igorvasin/ai-scout-final/node_modules/rollup': '/Users/igorvasin/ai-scout-final/node_modules/.rollup-AgDEBLTK',
24 silly reify   '/Users/igorvasin/ai-scout-final/node_modules/.bin/rollup': '/Users/igorvasin/ai-scout-final/node_modules/.bin/.rollup-zC3Hxct0',
24 silly reify   '/Users/igorvasin/ai-scout-final/node_modules/@rollup/rollup-darwin-arm64': '/Users/igorvasin/ai-scout-final/node_modules/@rollup/.rollup-darwin-arm64-yCh01eOz'
24 silly reify }
25 silly audit bulk request {
25 silly audit   '@babel/code-frame': [ '7.29.0' ],
25 silly audit   '@babel/compat-data': [ '7.29.0' ],
25 silly audit   '@babel/core': [ '7.29.0' ],
25 silly audit   semver: [ '6.3.1', '7.7.4' ],
25 silly audit   '@babel/generator': [ '7.29.1' ],
25 silly audit   '@babel/helper-compilation-targets': [ '7.28.6' ],
25 silly audit   '@babel/helper-globals': [ '7.28.0' ],
25 silly audit   '@babel/helper-module-imports': [ '7.28.6' ],
25 silly audit   '@babel/helper-module-transforms': [ '7.28.6' ],
25 silly audit   '@babel/helper-plugin-utils': [ '7.28.6' ],
25 silly audit   '@babel/helper-string-parser': [ '7.27.1' ],
25 silly audit   '@babel/helper-validator-identifier': [ '7.28.5' ],
25 silly audit   '@babel/helper-validator-option': [ '7.27.1' ],
25 silly audit   '@babel/helpers': [ '7.28.6' ],
25 silly audit   '@babel/parser': [ '7.29.0' ],
25 silly audit   '@babel/plugin-transform-react-jsx-self': [ '7.27.1' ],
25 silly audit   '@babel/plugin-transform-react-jsx-source': [ '7.27.1' ],
25 silly audit   '@babel/runtime': [ '7.28.6' ],
25 silly audit   '@babel/template': [ '7.28.6' ],
25 silly audit   '@babel/traverse': [ '7.29.0' ],
25 silly audit   '@babel/types': [ '7.29.0' ],
25 silly audit   '@cspotcode/source-map-support': [ '0.8.1' ],
25 silly audit   '@jridgewell/trace-mapping': [ '0.3.9', '0.3.31' ],
25 silly audit   '@edge-runtime/format': [ '2.2.1' ],
25 silly audit   '@edge-runtime/node-utils': [ '2.3.0' ],
25 silly audit   '@edge-runtime/ponyfill': [ '2.4.2' ],
25 silly audit   '@edge-runtime/primitives': [ '4.1.0' ],
25 silly audit   '@edge-runtime/vm': [ '3.2.0' ],
25 silly audit   '@esbuild/aix-ppc64': [ '0.25.12' ],
25 silly audit   '@esbuild/android-arm': [ '0.25.12' ],
25 silly audit   '@esbuild/android-arm64': [ '0.25.12' ],
25 silly audit   '@esbuild/android-x64': [ '0.25.12' ],
25 silly audit   '@esbuild/darwin-arm64': [ '0.25.12' ],
25 silly audit   '@esbuild/darwin-x64': [ '0.25.12' ],
25 silly audit   '@esbuild/freebsd-arm64': [ '0.25.12' ],
25 silly audit   '@esbuild/freebsd-x64': [ '0.25.12' ],
25 silly audit   '@esbuild/linux-arm': [ '0.25.12' ],
25 silly audit   '@esbuild/linux-arm64': [ '0.25.12' ],
25 silly audit   '@esbuild/linux-ia32': [ '0.25.12' ],
25 silly audit   '@esbuild/linux-loong64': [ '0.25.12' ],
25 silly audit   '@esbuild/linux-mips64el': [ '0.25.12' ],
25 silly audit   '@esbuild/linux-ppc64': [ '0.25.12' ],
25 silly audit   '@esbuild/linux-riscv64': [ '0.25.12' ],
25 silly audit   '@esbuild/linux-s390x': [ '0.25.12' ],
25 silly audit   '@esbuild/linux-x64': [ '0.25.12' ],
25 silly audit   '@esbuild/netbsd-arm64': [ '0.25.12' ],
25 silly audit   '@esbuild/netbsd-x64': [ '0.25.12' ],
25 silly audit   '@esbuild/openbsd-arm64': [ '0.25.12' ],
25 silly audit   '@esbuild/openbsd-x64': [ '0.25.12' ],
25 silly audit   '@esbuild/openharmony-arm64': [ '0.25.12' ],
25 silly audit   '@esbuild/sunos-x64': [ '0.25.12' ],
25 silly audit   '@esbuild/win32-arm64': [ '0.25.12' ],
25 silly audit   '@esbuild/win32-ia32': [ '0.25.12' ],
25 silly audit   '@esbuild/win32-x64': [ '0.25.12' ],
25 silly audit   '@fastify/busboy': [ '2.1.1' ],
25 silly audit   '@jridgewell/gen-mapping': [ '0.3.13' ],
25 silly audit   '@jridgewell/remapping': [ '2.3.5' ],
25 silly audit   '@jridgewell/resolve-uri': [ '3.1.2' ],
25 silly audit   '@jridgewell/sourcemap-codec': [ '1.5.5' ],
25 silly audit   '@mapbox/node-pre-gyp': [ '1.0.11' ],
25 silly audit   '@nodelib/fs.scandir': [ '2.1.5' ],
25 silly audit   '@nodelib/fs.stat': [ '2.0.5' ],
25 silly audit   '@nodelib/fs.walk': [ '1.2.8' ],
25 silly audit   '@rolldown/pluginutils': [ '1.0.0-beta.47' ],
25 silly audit   '@rollup/pluginutils': [ '4.2.1' ],
25 silly audit   '@rollup/rollup-android-arm-eabi': [ '4.59.0' ],
25 silly audit   '@rollup/rollup-android-arm64': [ '4.59.0' ],
25 silly audit   '@rollup/rollup-darwin-arm64': [ '4.59.0' ],
25 silly audit   '@rollup/rollup-darwin-x64': [ '4.59.0' ],
25 silly audit   '@rollup/rollup-freebsd-arm64': [ '4.59.0' ],
25 silly audit   '@rollup/rollup-freebsd-x64': [ '4.59.0' ],
25 silly audit   '@rollup/rollup-linux-arm-gnueabihf': [ '4.59.0' ],
25 silly audit   '@rollup/rollup-linux-arm-musleabihf': [ '4.59.0' ],
25 silly audit   '@rollup/rollup-linux-arm64-gnu': [ '4.59.0' ],
25 silly audit   '@rollup/rollup-linux-arm64-musl': [ '4.59.0' ],
25 silly audit   '@rollup/rollup-linux-loong64-gnu': [ '4.59.0' ],
25 silly audit   '@rollup/rollup-linux-loong64-musl': [ '4.59.0' ],
25 silly audit   '@rollup/rollup-linux-ppc64-gnu': [ '4.59.0' ],
25 silly audit   '@rollup/rollup-linux-ppc64-musl': [ '4.59.0' ],
25 silly audit   '@rollup/rollup-linux-riscv64-gnu': [ '4.59.0' ],
25 silly audit   '@rollup/rollup-linux-riscv64-musl': [ '4.59.0' ],
25 silly audit   '@rollup/rollup-linux-s390x-gnu': [ '4.59.0' ],
25 silly audit   '@rollup/rollup-linux-x64-gnu': [ '4.59.0' ],
25 silly audit   '@rollup/rollup-linux-x64-musl': [ '4.59.0' ],
25 silly audit   '@rollup/rollup-openbsd-x64': [ '4.59.0' ],
25 silly audit   '@rollup/rollup-openharmony-arm64': [ '4.59.0' ],
25 silly audit   '@rollup/rollup-win32-arm64-msvc': [ '4.59.0' ],
25 silly audit   '@rollup/rollup-win32-ia32-msvc': [ '4.59.0' ],
25 silly audit   '@rollup/rollup-win32-x64-gnu': [ '4.59.0' ],
25 silly audit   '@rollup/rollup-win32-x64-msvc': [ '4.59.0' ],
25 silly audit   '@supabase/auth-js': [ '2.97.0' ],
25 silly audit   '@supabase/functions-js': [ '2.97.0' ],
25 silly audit   '@supabase/postgrest-js': [ '2.97.0' ],
25 silly audit   '@supabase/realtime-js': [ '2.97.0' ],
25 silly audit   '@supabase/storage-js': [ '2.97.0' ],
25 silly audit   '@supabase/supabase-js': [ '2.97.0' ],
25 silly audit   '@tailwindcss/node': [ '4.1.17' ],
25 silly audit   '@tailwindcss/oxide': [ '4.1.17' ],
25 silly audit   '@tailwindcss/oxide-android-arm64': [ '4.1.17' ],
25 silly audit   '@tailwindcss/oxide-darwin-arm64': [ '4.1.17' ],
25 silly audit   '@tailwindcss/oxide-darwin-x64': [ '4.1.17' ],
25 silly audit   '@tailwindcss/oxide-freebsd-x64': [ '4.1.17' ],
25 silly audit   '@tailwindcss/oxide-linux-arm-gnueabihf': [ '4.1.17' ],
25 silly audit   '@tailwindcss/oxide-linux-arm64-gnu': [ '4.1.17' ],
25 silly audit   '@tailwindcss/oxide-linux-arm64-musl': [ '4.1.17' ],
25 silly audit   '@tailwindcss/oxide-linux-x64-gnu': [ '4.1.17' ],
25 silly audit   '@tailwindcss/oxide-linux-x64-musl': [ '4.1.17' ],
25 silly audit   '@tailwindcss/oxide-wasm32-wasi': [ '4.1.17' ],
25 silly audit   '@tailwindcss/oxide-win32-arm64-msvc': [ '4.1.17' ],
25 silly audit   '@tailwindcss/oxide-win32-x64-msvc': [ '4.1.17' ],
25 silly audit   '@tailwindcss/vite': [ '4.1.17' ],
25 silly audit   '@ts-morph/common': [ '0.11.1' ],
25 silly audit   '@tsconfig/node10': [ '1.0.12' ],
25 silly audit   '@tsconfig/node12': [ '1.0.11' ],
25 silly audit   '@tsconfig/node14': [ '1.0.3' ],
25 silly audit   '@tsconfig/node16': [ '1.0.4' ],
25 silly audit   '@types/babel__core': [ '7.20.5' ],
25 silly audit   '@types/babel__generator': [ '7.27.0' ],
25 silly audit   '@types/babel__template': [ '7.4.4' ],
25 silly audit   '@types/babel__traverse': [ '7.28.0' ],
25 silly audit   '@types/debug': [ '4.1.12' ],
25 silly audit   '@types/estree': [ '1.0.8' ],
25 silly audit   '@types/estree-jsx': [ '1.0.5' ],
25 silly audit   '@types/hast': [ '3.0.4' ],
25 silly audit   '@types/json-schema': [ '7.0.15' ],
25 silly audit   '@types/mdast': [ '4.0.4' ],
25 silly audit   '@types/ms': [ '2.1.0' ],
25 silly audit   '@types/node': [ '22.19.11', '16.18.11' ],
25 silly audit   '@types/phoenix': [ '1.6.7' ],
25 silly audit   '@types/react': [ '19.2.7' ],
25 silly audit   '@types/react-dom': [ '19.2.3' ],
25 silly audit   '@types/react-window': [ '1.8.8' ],
25 silly audit   '@types/unist': [ '3.0.3', '2.0.11' ],
25 silly audit   '@types/ws': [ '8.18.1' ],
25 silly audit   '@ungap/structured-clone': [ '1.3.0' ],
25 silly audit   '@vercel/build-utils': [ '8.7.0' ],
25 silly audit   '@vercel/error-utils': [ '2.0.3' ],
25 silly audit   '@vercel/nft': [ '0.27.3' ],
25 silly audit   '@vercel/node': [ '3.2.29' ],
25 silly audit   typescript: [ '4.9.5', '5.9.3' ],
25 silly audit   '@vercel/static-config': [ '3.0.0' ],
25 silly audit   '@vitejs/plugin-react': [ '5.1.1' ],
25 silly audit   abbrev: [ '1.1.1' ],
25 silly audit   acorn: [ '8.16.0' ],
25 silly audit   'acorn-import-attributes': [ '1.9.5' ],
25 silly audit   'acorn-walk': [ '8.3.5' ],
25 silly audit   'agent-base': [ '6.0.2' ],
25 silly audit   ajv: [ '8.6.3' ],
25 silly audit   'ansi-regex': [ '5.0.1' ],
25 silly audit   aproba: [ '2.1.0' ],
25 silly audit   'are-we-there-yet': [ '2.0.0' ],
25 silly audit   arg: [ '4.1.3' ],
25 silly audit   'async-listen': [ '3.0.0', '3.0.1' ],
25 silly audit   'async-sema': [ '3.1.1' ],
25 silly audit   bail: [ '2.0.2' ],
25 silly audit   'balanced-match': [ '1.0.2' ],
25 silly audit   'baseline-browser-mapping': [ '2.10.0' ],
25 silly audit   bindings: [ '1.5.0' ],
25 silly audit   'brace-expansion': [ '1.1.12' ],
25 silly audit   braces: [ '3.0.3' ],
25 silly audit   browserslist: [ '4.28.1' ],
25 silly audit   'caniuse-lite': [ '1.0.30001774' ],
25 silly audit   ccount: [ '2.0.1' ],
25 silly audit   'character-entities': [ '2.0.2' ],
25 silly audit   'character-entities-html4': [ '2.1.0' ],
25 silly audit   'character-entities-legacy': [ '3.0.0' ],
25 silly audit   'character-reference-invalid': [ '2.0.1' ],
25 silly audit   chownr: [ '2.0.0' ],
25 silly audit   'cjs-module-lexer': [ '1.2.3' ],
25 silly audit   clsx: [ '2.1.1' ],
25 silly audit   'code-block-writer': [ '10.1.1' ],
25 silly audit   'color-support': [ '1.1.3' ],
25 silly audit   'comma-separated-tokens': [ '2.0.3' ],
25 silly audit   'concat-map': [ '0.0.1' ],
25 silly audit   'console-control-strings': [ '1.1.0' ],
25 silly audit   'convert-hrtime': [ '3.0.0' ],
25 silly audit   'convert-source-map': [ '2.0.0' ],
25 silly audit   'create-require': [ '1.1.1' ],
25 silly audit   csstype: [ '3.2.3' ],
25 silly audit   debug: [ '4.4.3' ],
25 silly audit   'decode-named-character-reference': [ '1.3.0' ],
25 silly audit   delegates: [ '1.0.0' ],
25 silly audit   dequal: [ '2.0.3' ],
25 silly audit   'detect-libc': [ '2.1.2' ],
25 silly audit   devlop: [ '1.1.0' ],
25 silly audit   diff: [ '4.0.4' ],
25 silly audit   'edge-runtime': [ '2.5.9' ],
25 silly audit   picocolors: [ '1.0.0', '1.1.1' ],
25 silly audit   'electron-to-chromium': [ '1.5.302' ],
25 silly audit   'emoji-regex': [ '8.0.0' ],
25 silly audit   'enhanced-resolve': [ '5.19.0' ],
25 silly audit   'es-module-lexer': [ '1.4.1' ],
25 silly audit   esbuild: [ '0.14.47', '0.25.12' ],
25 silly audit   'esbuild-android-64': [ '0.14.47' ],
25 silly audit   'esbuild-android-arm64': [ '0.14.47' ],
25 silly audit   'esbuild-darwin-64': [ '0.14.47' ],
25 silly audit   'esbuild-darwin-arm64': [ '0.14.47' ],
25 silly audit   'esbuild-freebsd-64': [ '0.14.47' ],
25 silly audit   'esbuild-freebsd-arm64': [ '0.14.47' ],
25 silly audit   'esbuild-linux-32': [ '0.14.47' ],
25 silly audit   'esbuild-linux-64': [ '0.14.47' ],
25 silly audit   'esbuild-linux-arm': [ '0.14.47' ],
25 silly audit   'esbuild-linux-arm64': [ '0.14.47' ],
25 silly audit   'esbuild-linux-mips64le': [ '0.14.47' ],
25 silly audit   'esbuild-linux-ppc64le': [ '0.14.47' ],
25 silly audit   'esbuild-linux-riscv64': [ '0.14.47' ],
25 silly audit   'esbuild-linux-s390x': [ '0.14.47' ],
25 silly audit   'esbuild-netbsd-64': [ '0.14.47' ],
25 silly audit   'esbuild-openbsd-64': [ '0.14.47' ],
25 silly audit   'esbuild-sunos-64': [ '0.14.47' ],
25 silly audit   'esbuild-windows-32': [ '0.14.47' ],
25 silly audit   'esbuild-windows-64': [ '0.14.47' ],
25 silly audit   'esbuild-windows-arm64': [ '0.14.47' ],
25 silly audit   escalade: [ '3.2.0' ],
25 silly audit   'estree-util-is-identifier-name': [ '3.0.0' ],
25 silly audit   'estree-walker': [ '2.0.2' ],
25 silly audit   etag: [ '1.8.1' ],
25 silly audit   extend: [ '3.0.2' ],
25 silly audit   'fast-deep-equal': [ '3.1.3' ],
25 silly audit   'fast-glob': [ '3.3.3' ],
25 silly audit   fastq: [ '1.20.1' ],
25 silly audit   'file-uri-to-path': [ '1.0.0' ],
25 silly audit   'fill-range': [ '7.1.1' ],
25 silly audit   'fs-minipass': [ '2.1.0' ],
25 silly audit   minipass: [ '3.3.6', '5.0.0' ],
25 silly audit   yallist: [ '4.0.0', '3.1.1' ],
25 silly audit   'fs.realpath': [ '1.0.0' ],
25 silly audit   fsevents: [ '2.3.3' ],
25 silly audit   gauge: [ '3.0.2' ],
25 silly audit   'signal-exit': [ '3.0.7', '4.0.2' ],
25 silly audit   gensync: [ '1.0.0-beta.2' ],
25 silly audit   glob: [ '7.2.3' ],
25 silly audit   'glob-parent': [ '5.1.2' ],
25 silly audit   'graceful-fs': [ '4.2.11' ],
25 silly audit   'has-unicode': [ '2.0.1' ],
25 silly audit   'hast-util-to-jsx-runtime': [ '2.3.6' ],
25 silly audit   'hast-util-whitespace': [ '3.0.0' ],
25 silly audit   'html-url-attributes': [ '3.0.1' ],
25 silly audit   'https-proxy-agent': [ '5.0.1' ],
25 silly audit   'iceberg-js': [ '0.8.1' ],
25 silly audit   inflight: [ '1.0.6' ],
25 silly audit   inherits: [ '2.0.4' ],
25 silly audit   'inline-style-parser': [ '0.2.7' ],
25 silly audit   'is-alphabetical': [ '2.0.1' ],
25 silly audit   'is-alphanumerical': [ '2.0.1' ],
25 silly audit   'is-decimal': [ '2.0.1' ],
25 silly audit   'is-extglob': [ '2.1.1' ],
25 silly audit   'is-fullwidth-code-point': [ '3.0.0' ],
25 silly audit   'is-glob': [ '4.0.3' ],
25 silly audit   'is-hexadecimal': [ '2.0.1' ],
25 silly audit   'is-number': [ '7.0.0' ],
25 silly audit   'is-plain-obj': [ '4.1.0' ],
25 silly audit   jiti: [ '2.6.1' ],
25 silly audit   'js-tokens': [ '4.0.0' ],
25 silly audit   jsesc: [ '3.1.0' ],
25 silly audit   'json-schema-to-ts': [ '1.6.4' ],
25 silly audit   'json-schema-traverse': [ '1.0.0' ],
25 silly audit   json5: [ '2.2.3' ],
25 silly audit   lightningcss: [ '1.30.2' ],
25 silly audit   'lightningcss-android-arm64': [ '1.30.2' ],
25 silly audit   'lightningcss-darwin-arm64': [ '1.30.2' ],
25 silly audit   'lightningcss-darwin-x64': [ '1.30.2' ],
25 silly audit   'lightningcss-freebsd-x64': [ '1.30.2' ],
25 silly audit   'lightningcss-linux-arm-gnueabihf': [ '1.30.2' ],
25 silly audit   'lightningcss-linux-arm64-gnu': [ '1.30.2' ],
25 silly audit   'lightningcss-linux-arm64-musl': [ '1.30.2' ],
25 silly audit   'lightningcss-linux-x64-gnu': [ '1.30.2' ],
25 silly audit   'lightningcss-linux-x64-musl': [ '1.30.2' ],
25 silly audit   'lightningcss-win32-arm64-msvc': [ '1.30.2' ],
25 silly audit   'lightningcss-win32-x64-msvc': [ '1.30.2' ],
25 silly audit   'longest-streak': [ '3.1.0' ],
25 silly audit   'lru-cache': [ '5.1.1' ],
25 silly audit   'lucide-react': [ '0.574.0' ],
25 silly audit   'magic-string': [ '0.30.21' ],
25 silly audit   'make-dir': [ '3.1.0' ],
25 silly audit   'make-error': [ '1.3.6' ],
25 silly audit   'mdast-util-from-markdown': [ '2.0.3' ],
25 silly audit   'mdast-util-mdx-expression': [ '2.0.1' ],
25 silly audit   'mdast-util-mdx-jsx': [ '3.2.0' ],
25 silly audit   'mdast-util-mdxjs-esm': [ '2.0.1' ],
25 silly audit   'mdast-util-phrasing': [ '4.1.0' ],
25 silly audit   'mdast-util-to-hast': [ '13.2.1' ],
25 silly audit   'mdast-util-to-markdown': [ '2.1.2' ],
25 silly audit   'mdast-util-to-string': [ '4.0.0' ],
25 silly audit   'memoize-one': [ '5.2.1' ],
25 silly audit   merge2: [ '1.4.1' ],
25 silly audit   micromark: [ '4.0.2' ],
25 silly audit   'micromark-core-commonmark': [ '2.0.3' ],
25 silly audit   'micromark-factory-destination': [ '2.0.1' ],
25 silly audit   'micromark-factory-label': [ '2.0.1' ],
25 silly audit   'micromark-factory-space': [ '2.0.1' ],
25 silly audit   'micromark-factory-title': [ '2.0.1' ],
25 silly audit   'micromark-factory-whitespace': [ '2.0.1' ],
25 silly audit   'micromark-util-character': [ '2.1.1' ],
25 silly audit   'micromark-util-chunked': [ '2.0.1' ],
25 silly audit   'micromark-util-classify-character': [ '2.0.1' ],
25 silly audit   'micromark-util-combine-extensions': [ '2.0.1' ],
25 silly audit   'micromark-util-decode-numeric-character-reference': [ '2.0.2' ],
25 silly audit   'micromark-util-decode-string': [ '2.0.1' ],
25 silly audit   'micromark-util-encode': [ '2.0.1' ],
25 silly audit   'micromark-util-html-tag-name': [ '2.0.1' ],
25 silly audit   'micromark-util-normalize-identifier': [ '2.0.1' ],
25 silly audit   'micromark-util-resolve-all': [ '2.0.1' ],
25 silly audit   'micromark-util-sanitize-uri': [ '2.0.1' ],
25 silly audit   'micromark-util-subtokenize': [ '2.1.0' ],
25 silly audit   'micromark-util-symbol': [ '2.0.1' ],
25 silly audit   'micromark-util-types': [ '2.0.2' ],
25 silly audit   micromatch: [ '4.0.8' ],
25 silly audit   minimatch: [ '3.1.4' ],
25 silly audit   minizlib: [ '2.1.2' ],
25 silly audit   mkdirp: [ '1.0.4' ],
25 silly audit   mri: [ '1.2.0' ],
25 silly audit   ms: [ '2.1.3' ],
25 silly audit   nanoid: [ '3.3.11' ],
25 silly audit   'node-fetch': [ '2.6.9' ],
25 silly audit   'node-gyp-build': [ '4.8.4' ],
25 silly audit   'node-releases': [ '2.0.27' ],
25 silly audit   nopt: [ '5.0.0' ],
25 silly audit   npmlog: [ '5.0.1' ],
25 silly audit   'object-assign': [ '4.1.1' ],
25 silly audit   once: [ '1.4.0' ],
25 silly audit   'parse-entities': [ '4.0.2' ],
25 silly audit   'parse-ms': [ '2.1.0' ],
25 silly audit   'path-browserify': [ '1.0.1' ],
25 silly audit   'path-is-absolute': [ '1.0.1' ],
25 silly audit   'path-to-regexp': [ '6.2.1' ],
25 silly audit   picomatch: [ '2.3.1', '4.0.3' ],
25 silly audit   postcss: [ '8.5.6' ],
25 silly audit   'pretty-ms': [ '7.0.1' ],
25 silly audit   'property-information': [ '7.1.0' ],
25 silly audit   punycode: [ '2.3.1' ],
25 silly audit   'queue-microtask': [ '1.2.3' ],
25 silly audit   react: [ '19.2.3' ],
25 silly audit   'react-dom': [ '19.2.3' ],
25 silly audit   'react-markdown': [ '10.1.0' ],
25 silly audit   'react-refresh': [ '0.18.0' ],
25 silly audit   'react-window': [ '1.8.11' ],
25 silly audit   'readable-stream': [ '3.6.2' ],
25 silly audit   'remark-parse': [ '11.0.0' ],
25 silly audit   'remark-rehype': [ '11.1.2' ],
25 silly audit   'require-from-string': [ '2.0.2' ],
25 silly audit   'resolve-from': [ '5.0.0' ],
25 silly audit   reusify: [ '1.1.0' ],
25 silly audit   rimraf: [ '3.0.2' ],
25 silly audit   rollup: [ '4.59.0' ],
25 silly audit   'run-parallel': [ '1.2.0' ],
25 silly audit   'safe-buffer': [ '5.2.1' ],
25 silly audit   scheduler: [ '0.27.0' ],
25 silly audit   'set-blocking': [ '2.0.0' ],
25 silly audit   'source-map-js': [ '1.2.1' ],
25 silly audit   'space-separated-tokens': [ '2.0.2' ],
25 silly audit   string_decoder: [ '1.3.0' ],
25 silly audit   'string-width': [ '4.2.3' ],
25 silly audit   'stringify-entities': [ '4.0.4' ],
25 silly audit   'strip-ansi': [ '6.0.1' ],
25 silly audit   'style-to-js': [ '1.1.21' ],
25 silly audit   'style-to-object': [ '1.0.14' ],
25 silly audit   'tailwind-merge': [ '3.4.0' ],
25 silly audit   tailwindcss: [ '4.1.17' ],
25 silly audit   tapable: [ '2.3.0' ],
25 silly audit   tar: [ '6.2.1' ],
25 silly audit   'time-span': [ '4.0.0' ],
25 silly audit   tinyglobby: [ '0.2.15' ],
25 silly audit   fdir: [ '6.5.0' ],
25 silly audit   'to-regex-range': [ '5.0.1' ],
25 silly audit   tr46: [ '0.0.3' ],
25 silly audit   'trim-lines': [ '3.0.1' ],
25 silly audit   trough: [ '2.2.0' ],
25 silly audit   'ts-morph': [ '12.0.0' ],
25 silly audit   'ts-node': [ '10.9.1' ],
25 silly audit   'ts-toolbelt': [ '6.15.5' ],
25 silly audit   tslib: [ '2.8.1' ],
25 silly audit   undici: [ '5.28.4' ],
25 silly audit   'undici-types': [ '6.21.0' ],
25 silly audit   unified: [ '11.0.5' ],
25 silly audit   'unist-util-is': [ '6.0.1' ],
25 silly audit   'unist-util-position': [ '5.0.0' ],
25 silly audit   'unist-util-stringify-position': [ '4.0.0' ],
25 silly audit   'unist-util-visit': [ '5.1.0' ],
25 silly audit   'unist-util-visit-parents': [ '6.0.2' ],
25 silly audit   'update-browserslist-db': [ '1.2.3' ],
25 silly audit   'uri-js': [ '4.4.1' ],
25 silly audit   'util-deprecate': [ '1.0.2' ],
25 silly audit   'v8-compile-cache-lib': [ '3.0.1' ],
25 silly audit   vfile: [ '6.0.3' ],
25 silly audit   'vfile-message': [ '4.0.3' ],
25 silly audit   vite: [ '7.2.4' ],
25 silly audit   'vite-plugin-singlefile': [ '2.3.0' ],
25 silly audit   'webidl-conversions': [ '3.0.1' ],
25 silly audit   'whatwg-url': [ '5.0.0' ],
25 silly audit   'wide-align': [ '1.1.5' ],
25 silly audit   wrappy: [ '1.0.2' ],
25 silly audit   ws: [ '8.19.0' ],
25 silly audit   yn: [ '3.1.1' ],
25 silly audit   zwitch: [ '2.0.4' ]
25 silly audit }
26 http cache yn@https://registry.npmjs.org/yn/-/yn-3.1.1.tgz 0ms (cache hit)
27 http cache zwitch@https://registry.npmjs.org/zwitch/-/zwitch-2.0.4.tgz 1ms (cache hit)
28 http cache wide-align@https://registry.npmjs.org/wide-align/-/wide-align-1.1.5.tgz 0ms (cache hit)
29 http cache wrappy@https://registry.npmjs.org/wrappy/-/wrappy-1.0.2.tgz 0ms (cache hit)
30 http cache whatwg-url@https://registry.npmjs.org/whatwg-url/-/whatwg-url-5.0.0.tgz 0ms (cache hit)
31 http cache webidl-conversions@https://registry.npmjs.org/webidl-conversions/-/webidl-conversions-3.0.1.tgz 0ms (cache hit)
32 http cache vfile-message@https://registry.npmjs.org/vfile-message/-/vfile-message-4.0.3.tgz 0ms (cache hit)
33 http cache vfile@https://registry.npmjs.org/vfile/-/vfile-6.0.3.tgz 0ms (cache hit)
34 http cache v8-compile-cache-lib@https://registry.npmjs.org/v8-compile-cache-lib/-/v8-compile-cache-lib-3.0.1.tgz 0ms (cache hit)
35 http cache unist-util-visit-parents@https://registry.npmjs.org/unist-util-visit-parents/-/unist-util-visit-parents-6.0.2.tgz 0ms (cache hit)
36 http cache unist-util-visit@https://registry.npmjs.org/unist-util-visit/-/unist-util-visit-5.1.0.tgz 0ms (cache hit)
37 http cache uri-js@https://registry.npmjs.org/uri-js/-/uri-js-4.4.1.tgz 0ms (cache hit)
38 http cache unist-util-position@https://registry.npmjs.org/unist-util-position/-/unist-util-position-5.0.0.tgz 0ms (cache hit)
39 http cache unist-util-stringify-position@https://registry.npmjs.org/unist-util-stringify-position/-/unist-util-stringify-position-4.0.0.tgz 0ms (cache hit)
40 http cache unist-util-is@https://registry.npmjs.org/unist-util-is/-/unist-util-is-6.0.1.tgz 0ms (cache hit)
41 http cache unified@https://registry.npmjs.org/unified/-/unified-11.0.5.tgz 0ms (cache hit)
42 http cache undici@https://registry.npmjs.org/undici/-/undici-5.28.4.tgz 0ms (cache hit)
43 http cache ts-node@https://registry.npmjs.org/ts-node/-/ts-node-10.9.1.tgz 0ms (cache hit)
44 http cache ts-morph@https://registry.npmjs.org/ts-morph/-/ts-morph-12.0.0.tgz 0ms (cache hit)
45 http cache trough@https://registry.npmjs.org/trough/-/trough-2.2.0.tgz 0ms (cache hit)
46 http cache trim-lines@https://registry.npmjs.org/trim-lines/-/trim-lines-3.0.1.tgz 0ms (cache hit)
47 http cache ts-toolbelt@https://registry.npmjs.org/ts-toolbelt/-/ts-toolbelt-6.15.5.tgz 0ms (cache hit)
48 http cache time-span@https://registry.npmjs.org/time-span/-/time-span-4.0.0.tgz 0ms (cache hit)
49 http cache tr46@https://registry.npmjs.org/tr46/-/tr46-0.0.3.tgz 0ms (cache hit)
50 http cache style-to-object@https://registry.npmjs.org/style-to-object/-/style-to-object-1.0.14.tgz 0ms (cache hit)
51 http cache style-to-js@https://registry.npmjs.org/style-to-js/-/style-to-js-1.1.21.tgz 0ms (cache hit)
52 http cache strip-ansi@https://registry.npmjs.org/strip-ansi/-/strip-ansi-6.0.1.tgz 0ms (cache hit)
53 http cache stringify-entities@https://registry.npmjs.org/stringify-entities/-/stringify-entities-4.0.4.tgz 0ms (cache hit)
54 http cache tar@https://registry.npmjs.org/tar/-/tar-6.2.1.tgz 0ms (cache hit)
55 http cache util-deprecate@https://registry.npmjs.org/util-deprecate/-/util-deprecate-1.0.2.tgz 0ms (cache hit)
56 http cache string-width@https://registry.npmjs.org/string-width/-/string-width-4.2.3.tgz 0ms (cache hit)
57 http cache space-separated-tokens@https://registry.npmjs.org/space-separated-tokens/-/space-separated-tokens-2.0.2.tgz 0ms (cache hit)
58 http cache string_decoder@https://registry.npmjs.org/string_decoder/-/string_decoder-1.3.0.tgz 0ms (cache hit)
59 http cache set-blocking@https://registry.npmjs.org/set-blocking/-/set-blocking-2.0.0.tgz 0ms (cache hit)
60 http cache safe-buffer@https://registry.npmjs.org/safe-buffer/-/safe-buffer-5.2.1.tgz 0ms (cache hit)
61 http cache run-parallel@https://registry.npmjs.org/run-parallel/-/run-parallel-1.2.0.tgz 0ms (cache hit)
62 http cache signal-exit@https://registry.npmjs.org/signal-exit/-/signal-exit-4.0.2.tgz 0ms (cache hit)
63 http cache rimraf@https://registry.npmjs.org/rimraf/-/rimraf-3.0.2.tgz 0ms (cache hit)
64 http cache resolve-from@https://registry.npmjs.org/resolve-from/-/resolve-from-5.0.0.tgz 0ms (cache hit)
65 http cache reusify@https://registry.npmjs.org/reusify/-/reusify-1.1.0.tgz 0ms (cache hit)
66 http cache remark-rehype@https://registry.npmjs.org/remark-rehype/-/remark-rehype-11.1.2.tgz 0ms (cache hit)
67 http cache remark-parse@https://registry.npmjs.org/remark-parse/-/remark-parse-11.0.0.tgz 0ms (cache hit)
68 http cache react-window@https://registry.npmjs.org/react-window/-/react-window-1.8.11.tgz 0ms (cache hit)
69 http cache require-from-string@https://registry.npmjs.org/require-from-string/-/require-from-string-2.0.2.tgz 0ms (cache hit)
70 http cache react-markdown@https://registry.npmjs.org/react-markdown/-/react-markdown-10.1.0.tgz 0ms (cache hit)
71 http cache queue-microtask@https://registry.npmjs.org/queue-microtask/-/queue-microtask-1.2.3.tgz 0ms (cache hit)
72 http cache punycode@https://registry.npmjs.org/punycode/-/punycode-2.3.1.tgz 0ms (cache hit)
73 http cache readable-stream@https://registry.npmjs.org/readable-stream/-/readable-stream-3.6.2.tgz 0ms (cache hit)
74 http cache property-information@https://registry.npmjs.org/property-information/-/property-information-7.1.0.tgz 0ms (cache hit)
75 http cache pretty-ms@https://registry.npmjs.org/pretty-ms/-/pretty-ms-7.0.1.tgz 0ms (cache hit)
76 http cache path-is-absolute@https://registry.npmjs.org/path-is-absolute/-/path-is-absolute-1.0.1.tgz 0ms (cache hit)
77 http cache path-browserify@https://registry.npmjs.org/path-browserify/-/path-browserify-1.0.1.tgz 0ms (cache hit)
78 http cache path-to-regexp@https://registry.npmjs.org/path-to-regexp/-/path-to-regexp-6.2.1.tgz 0ms (cache hit)
79 http cache parse-entities@https://registry.npmjs.org/parse-entities/-/parse-entities-4.0.2.tgz 0ms (cache hit)
80 http cache parse-ms@https://registry.npmjs.org/parse-ms/-/parse-ms-2.1.0.tgz 0ms (cache hit)
81 http cache object-assign@https://registry.npmjs.org/object-assign/-/object-assign-4.1.1.tgz 0ms (cache hit)
82 http cache once@https://registry.npmjs.org/once/-/once-1.4.0.tgz 0ms (cache hit)
83 http cache nopt@https://registry.npmjs.org/nopt/-/nopt-5.0.0.tgz 0ms (cache hit)
84 http cache node-gyp-build@https://registry.npmjs.org/node-gyp-build/-/node-gyp-build-4.8.4.tgz 0ms (cache hit)
85 http cache npmlog@https://registry.npmjs.org/npmlog/-/npmlog-5.0.1.tgz 0ms (cache hit)
86 http cache node-fetch@https://registry.npmjs.org/node-fetch/-/node-fetch-2.6.9.tgz 0ms (cache hit)
87 http cache mri@https://registry.npmjs.org/mri/-/mri-1.2.0.tgz 0ms (cache hit)
88 http cache mkdirp@https://registry.npmjs.org/mkdirp/-/mkdirp-1.0.4.tgz 0ms (cache hit)
89 http cache minizlib@https://registry.npmjs.org/minizlib/-/minizlib-2.1.2.tgz 0ms (cache hit)
90 http cache minipass@https://registry.npmjs.org/minipass/-/minipass-5.0.0.tgz 0ms (cache hit)
91 http cache minimatch@https://registry.npmjs.org/minimatch/-/minimatch-3.1.4.tgz 0ms (cache hit)
92 http cache micromark-util-symbol@https://registry.npmjs.org/micromark-util-symbol/-/micromark-util-symbol-2.0.1.tgz 0ms (cache hit)
93 http cache micromark-util-subtokenize@https://registry.npmjs.org/micromark-util-subtokenize/-/micromark-util-subtokenize-2.1.0.tgz 0ms (cache hit)
94 http cache micromark-util-types@https://registry.npmjs.org/micromark-util-types/-/micromark-util-types-2.0.2.tgz 0ms (cache hit)
95 http cache micromark-util-sanitize-uri@https://registry.npmjs.org/micromark-util-sanitize-uri/-/micromark-util-sanitize-uri-2.0.1.tgz 0ms (cache hit)
96 http cache micromark-util-resolve-all@https://registry.npmjs.org/micromark-util-resolve-all/-/micromark-util-resolve-all-2.0.1.tgz 0ms (cache hit)
97 http cache micromark-util-normalize-identifier@https://registry.npmjs.org/micromark-util-normalize-identifier/-/micromark-util-normalize-identifier-2.0.1.tgz 0ms (cache hit)
98 http cache micromark-util-encode@https://registry.npmjs.org/micromark-util-encode/-/micromark-util-encode-2.0.1.tgz 0ms (cache hit)
99 http cache micromark-util-decode-string@https://registry.npmjs.org/micromark-util-decode-string/-/micromark-util-decode-string-2.0.1.tgz 0ms (cache hit)
100 http cache micromark-util-html-tag-name@https://registry.npmjs.org/micromark-util-html-tag-name/-/micromark-util-html-tag-name-2.0.1.tgz 0ms (cache hit)
101 http cache micromark-util-combine-extensions@https://registry.npmjs.org/micromark-util-combine-extensions/-/micromark-util-combine-extensions-2.0.1.tgz 1ms (cache hit)
102 http cache micromark-util-classify-character@https://registry.npmjs.org/micromark-util-classify-character/-/micromark-util-classify-character-2.0.1.tgz 0ms (cache hit)
103 http cache micromark-util-chunked@https://registry.npmjs.org/micromark-util-chunked/-/micromark-util-chunked-2.0.1.tgz 0ms (cache hit)
104 http cache micromark-util-decode-numeric-character-reference@https://registry.npmjs.org/micromark-util-decode-numeric-character-reference/-/micromark-util-decode-numeric-character-reference-2.0.2.tgz 0ms (cache hit)
105 http cache micromark-util-character@https://registry.npmjs.org/micromark-util-character/-/micromark-util-character-2.1.1.tgz 0ms (cache hit)
106 http cache micromark-factory-space@https://registry.npmjs.org/micromark-factory-space/-/micromark-factory-space-2.0.1.tgz 0ms (cache hit)
107 http cache micromark-factory-title@https://registry.npmjs.org/micromark-factory-title/-/micromark-factory-title-2.0.1.tgz 0ms (cache hit)
108 http cache micromark-factory-label@https://registry.npmjs.org/micromark-factory-label/-/micromark-factory-label-2.0.1.tgz 0ms (cache hit)
109 http cache micromark-factory-whitespace@https://registry.npmjs.org/micromark-factory-whitespace/-/micromark-factory-whitespace-2.0.1.tgz 0ms (cache hit)
110 http cache micromark-factory-destination@https://registry.npmjs.org/micromark-factory-destination/-/micromark-factory-destination-2.0.1.tgz 0ms (cache hit)
111 http cache micromark@https://registry.npmjs.org/micromark/-/micromark-4.0.2.tgz 0ms (cache hit)
112 http cache memoize-one@https://registry.npmjs.org/memoize-one/-/memoize-one-5.2.1.tgz 0ms (cache hit)
113 http cache mdast-util-to-string@https://registry.npmjs.org/mdast-util-to-string/-/mdast-util-to-string-4.0.0.tgz 0ms (cache hit)
114 http cache mdast-util-to-markdown@https://registry.npmjs.org/mdast-util-to-markdown/-/mdast-util-to-markdown-2.1.2.tgz 0ms (cache hit)
115 http cache mdast-util-to-hast@https://registry.npmjs.org/mdast-util-to-hast/-/mdast-util-to-hast-13.2.1.tgz 0ms (cache hit)
116 http cache mdast-util-phrasing@https://registry.npmjs.org/mdast-util-phrasing/-/mdast-util-phrasing-4.1.0.tgz 0ms (cache hit)
117 http cache mdast-util-mdxjs-esm@https://registry.npmjs.org/mdast-util-mdxjs-esm/-/mdast-util-mdxjs-esm-2.0.1.tgz 0ms (cache hit)
118 http cache mdast-util-mdx-jsx@https://registry.npmjs.org/mdast-util-mdx-jsx/-/mdast-util-mdx-jsx-3.2.0.tgz 0ms (cache hit)
119 http cache mdast-util-mdx-expression@https://registry.npmjs.org/mdast-util-mdx-expression/-/mdast-util-mdx-expression-2.0.1.tgz 0ms (cache hit)
120 http cache merge2@https://registry.npmjs.org/merge2/-/merge2-1.4.1.tgz 0ms (cache hit)
121 http cache mdast-util-from-markdown@https://registry.npmjs.org/mdast-util-from-markdown/-/mdast-util-from-markdown-2.0.3.tgz 0ms (cache hit)
122 http cache make-error@https://registry.npmjs.org/make-error/-/make-error-1.3.6.tgz 0ms (cache hit)
123 http cache longest-streak@https://registry.npmjs.org/longest-streak/-/longest-streak-3.1.0.tgz 0ms (cache hit)
124 http cache micromark-core-commonmark@https://registry.npmjs.org/micromark-core-commonmark/-/micromark-core-commonmark-2.0.3.tgz 0ms (cache hit)
125 http cache json-schema-traverse@https://registry.npmjs.org/json-schema-traverse/-/json-schema-traverse-1.0.0.tgz 0ms (cache hit)
126 http cache json-schema-to-ts@https://registry.npmjs.org/json-schema-to-ts/-/json-schema-to-ts-1.6.4.tgz 0ms (cache hit)
127 http cache is-plain-obj@https://registry.npmjs.org/is-plain-obj/-/is-plain-obj-4.1.0.tgz 0ms (cache hit)
128 http cache is-hexadecimal@https://registry.npmjs.org/is-hexadecimal/-/is-hexadecimal-2.0.1.tgz 0ms (cache hit)
129 http cache make-dir@https://registry.npmjs.org/make-dir/-/make-dir-3.1.0.tgz 0ms (cache hit)
130 http cache is-glob@https://registry.npmjs.org/is-glob/-/is-glob-4.0.3.tgz 0ms (cache hit)
131 http cache is-fullwidth-code-point@https://registry.npmjs.org/is-fullwidth-code-point/-/is-fullwidth-code-point-3.0.0.tgz 0ms (cache hit)
132 http cache is-alphanumerical@https://registry.npmjs.org/is-alphanumerical/-/is-alphanumerical-2.0.1.tgz 0ms (cache hit)
133 http cache is-decimal@https://registry.npmjs.org/is-decimal/-/is-decimal-2.0.1.tgz 0ms (cache hit)
134 http cache is-extglob@https://registry.npmjs.org/is-extglob/-/is-extglob-2.1.1.tgz 0ms (cache hit)
135 http cache inline-style-parser@https://registry.npmjs.org/inline-style-parser/-/inline-style-parser-0.2.7.tgz 0ms (cache hit)
136 http cache inherits@https://registry.npmjs.org/inherits/-/inherits-2.0.4.tgz 0ms (cache hit)
137 http cache is-alphabetical@https://registry.npmjs.org/is-alphabetical/-/is-alphabetical-2.0.1.tgz 0ms (cache hit)
138 http cache https-proxy-agent@https://registry.npmjs.org/https-proxy-agent/-/https-proxy-agent-5.0.1.tgz 0ms (cache hit)
139 http cache html-url-attributes@https://registry.npmjs.org/html-url-attributes/-/html-url-attributes-3.0.1.tgz 0ms (cache hit)
140 http cache hast-util-whitespace@https://registry.npmjs.org/hast-util-whitespace/-/hast-util-whitespace-3.0.0.tgz 0ms (cache hit)
141 http cache inflight@https://registry.npmjs.org/inflight/-/inflight-1.0.6.tgz 0ms (cache hit)
142 http cache has-unicode@https://registry.npmjs.org/has-unicode/-/has-unicode-2.0.1.tgz 0ms (cache hit)
143 http cache glob-parent@https://registry.npmjs.org/glob-parent/-/glob-parent-5.1.2.tgz 0ms (cache hit)
144 http cache gauge@https://registry.npmjs.org/gauge/-/gauge-3.0.2.tgz 0ms (cache hit)
145 http cache glob@https://registry.npmjs.org/glob/-/glob-7.2.3.tgz 0ms (cache hit)
146 http cache fsevents@https://registry.npmjs.org/fsevents/-/fsevents-2.3.3.tgz 0ms (cache hit)
147 http cache hast-util-to-jsx-runtime@https://registry.npmjs.org/hast-util-to-jsx-runtime/-/hast-util-to-jsx-runtime-2.3.6.tgz 0ms (cache hit)
148 http cache file-uri-to-path@https://registry.npmjs.org/file-uri-to-path/-/file-uri-to-path-1.0.0.tgz 0ms (cache hit)
149 http cache fs-minipass@https://registry.npmjs.org/fs-minipass/-/fs-minipass-2.1.0.tgz 0ms (cache hit)
150 http cache fastq@https://registry.npmjs.org/fastq/-/fastq-1.20.1.tgz 0ms (cache hit)
151 http cache extend@https://registry.npmjs.org/extend/-/extend-3.0.2.tgz 0ms (cache hit)
152 http cache fast-glob@https://registry.npmjs.org/fast-glob/-/fast-glob-3.3.3.tgz 0ms (cache hit)
153 http cache etag@https://registry.npmjs.org/etag/-/etag-1.8.1.tgz 0ms (cache hit)
154 http cache estree-walker@https://registry.npmjs.org/estree-walker/-/estree-walker-2.0.2.tgz 0ms (cache hit)
155 http cache estree-util-is-identifier-name@https://registry.npmjs.org/estree-util-is-identifier-name/-/estree-util-is-identifier-name-3.0.0.tgz 0ms (cache hit)
156 http cache fs.realpath@https://registry.npmjs.org/fs.realpath/-/fs.realpath-1.0.0.tgz 0ms (cache hit)
157 http cache esbuild-darwin-arm64@https://registry.npmjs.org/esbuild-darwin-arm64/-/esbuild-darwin-arm64-0.14.47.tgz 0ms (cache hit)
158 http cache es-module-lexer@https://registry.npmjs.org/es-module-lexer/-/es-module-lexer-1.4.1.tgz 0ms (cache hit)
159 http cache emoji-regex@https://registry.npmjs.org/emoji-regex/-/emoji-regex-8.0.0.tgz 0ms (cache hit)
160 http cache edge-runtime@https://registry.npmjs.org/edge-runtime/-/edge-runtime-2.5.9.tgz 0ms (cache hit)
161 http cache fast-deep-equal@https://registry.npmjs.org/fast-deep-equal/-/fast-deep-equal-3.1.3.tgz 0ms (cache hit)
162 http cache diff@https://registry.npmjs.org/diff/-/diff-4.0.4.tgz 0ms (cache hit)
163 http cache devlop@https://registry.npmjs.org/devlop/-/devlop-1.1.0.tgz 0ms (cache hit)
164 http cache dequal@https://registry.npmjs.org/dequal/-/dequal-2.0.3.tgz 0ms (cache hit)
165 http cache decode-named-character-reference@https://registry.npmjs.org/decode-named-character-reference/-/decode-named-character-reference-1.3.0.tgz 0ms (cache hit)
166 http cache create-require@https://registry.npmjs.org/create-require/-/create-require-1.1.1.tgz 0ms (cache hit)
167 http cache console-control-strings@https://registry.npmjs.org/console-control-strings/-/console-control-strings-1.1.0.tgz 0ms (cache hit)
168 http cache delegates@https://registry.npmjs.org/delegates/-/delegates-1.0.0.tgz 0ms (cache hit)
169 http cache comma-separated-tokens@https://registry.npmjs.org/comma-separated-tokens/-/comma-separated-tokens-2.0.3.tgz 0ms (cache hit)
170 http cache concat-map@https://registry.npmjs.org/concat-map/-/concat-map-0.0.1.tgz 0ms (cache hit)
171 http cache convert-hrtime@https://registry.npmjs.org/convert-hrtime/-/convert-hrtime-3.0.0.tgz 0ms (cache hit)
172 http cache color-support@https://registry.npmjs.org/color-support/-/color-support-1.1.3.tgz 0ms (cache hit)
173 http cache chownr@https://registry.npmjs.org/chownr/-/chownr-2.0.0.tgz 0ms (cache hit)
174 http cache cjs-module-lexer@https://registry.npmjs.org/cjs-module-lexer/-/cjs-module-lexer-1.2.3.tgz 0ms (cache hit)
175 http cache code-block-writer@https://registry.npmjs.org/code-block-writer/-/code-block-writer-10.1.1.tgz 0ms (cache hit)
176 http cache character-entities-legacy@https://registry.npmjs.org/character-entities-legacy/-/character-entities-legacy-3.0.0.tgz 0ms (cache hit)
177 http cache character-entities-html4@https://registry.npmjs.org/character-entities-html4/-/character-entities-html4-2.1.0.tgz 0ms (cache hit)
178 http cache character-reference-invalid@https://registry.npmjs.org/character-reference-invalid/-/character-reference-invalid-2.0.1.tgz 0ms (cache hit)
179 http cache ccount@https://registry.npmjs.org/ccount/-/ccount-2.0.1.tgz 0ms (cache hit)
180 http cache brace-expansion@https://registry.npmjs.org/brace-expansion/-/brace-expansion-1.1.12.tgz 0ms (cache hit)
181 http cache bindings@https://registry.npmjs.org/bindings/-/bindings-1.5.0.tgz 0ms (cache hit)
182 http cache character-entities@https://registry.npmjs.org/character-entities/-/character-entities-2.0.2.tgz 0ms (cache hit)
183 http cache balanced-match@https://registry.npmjs.org/balanced-match/-/balanced-match-1.0.2.tgz 0ms (cache hit)
184 http cache bail@https://registry.npmjs.org/bail/-/bail-2.0.2.tgz 0ms (cache hit)
185 http cache async-sema@https://registry.npmjs.org/async-sema/-/async-sema-3.1.1.tgz 0ms (cache hit)
186 http cache arg@https://registry.npmjs.org/arg/-/arg-4.1.3.tgz 0ms (cache hit)
187 http cache aproba@https://registry.npmjs.org/aproba/-/aproba-2.1.0.tgz 0ms (cache hit)
188 http cache are-we-there-yet@https://registry.npmjs.org/are-we-there-yet/-/are-we-there-yet-2.0.0.tgz 0ms (cache hit)
189 http cache async-listen@https://registry.npmjs.org/async-listen/-/async-listen-3.0.0.tgz 0ms (cache hit)
190 http cache ansi-regex@https://registry.npmjs.org/ansi-regex/-/ansi-regex-5.0.1.tgz 0ms (cache hit)
191 http cache agent-base@https://registry.npmjs.org/agent-base/-/agent-base-6.0.2.tgz 0ms (cache hit)
192 http cache ajv@https://registry.npmjs.org/ajv/-/ajv-8.6.3.tgz 0ms (cache hit)
193 http cache acorn-import-attributes@https://registry.npmjs.org/acorn-import-attributes/-/acorn-import-attributes-1.9.5.tgz 0ms (cache hit)
194 http cache acorn-walk@https://registry.npmjs.org/acorn-walk/-/acorn-walk-8.3.5.tgz 0ms (cache hit)
195 http cache abbrev@https://registry.npmjs.org/abbrev/-/abbrev-1.1.1.tgz 0ms (cache hit)
196 http cache @vercel/static-config@https://registry.npmjs.org/@vercel/static-config/-/static-config-3.0.0.tgz 0ms (cache hit)
197 http cache @vercel/nft@https://registry.npmjs.org/@vercel/nft/-/nft-0.27.3.tgz 0ms (cache hit)
198 http cache @vercel/error-utils@https://registry.npmjs.org/@vercel/error-utils/-/error-utils-2.0.3.tgz 0ms (cache hit)
199 http cache @vercel/node@https://registry.npmjs.org/@vercel/node/-/node-3.2.29.tgz 0ms (cache hit)
200 http cache @vercel/build-utils@https://registry.npmjs.org/@vercel/build-utils/-/build-utils-8.7.0.tgz 0ms (cache hit)
201 http cache @ungap/structured-clone@https://registry.npmjs.org/@ungap/structured-clone/-/structured-clone-1.3.0.tgz 0ms (cache hit)
202 http cache @types/unist@https://registry.npmjs.org/@types/unist/-/unist-3.0.3.tgz 0ms (cache hit)
203 http cache acorn@https://registry.npmjs.org/acorn/-/acorn-8.16.0.tgz 0ms (cache hit)
204 http cache @types/react-window@https://registry.npmjs.org/@types/react-window/-/react-window-1.8.8.tgz 0ms (cache hit)
205 http cache @types/mdast@https://registry.npmjs.org/@types/mdast/-/mdast-4.0.4.tgz 0ms (cache hit)
206 http cache @types/json-schema@https://registry.npmjs.org/@types/json-schema/-/json-schema-7.0.15.tgz 0ms (cache hit)
207 http cache @types/ms@https://registry.npmjs.org/@types/ms/-/ms-2.1.0.tgz 0ms (cache hit)
208 http cache @types/hast@https://registry.npmjs.org/@types/hast/-/hast-3.0.4.tgz 0ms (cache hit)
209 http cache @types/estree-jsx@https://registry.npmjs.org/@types/estree-jsx/-/estree-jsx-1.0.5.tgz 0ms (cache hit)
210 http cache @types/debug@https://registry.npmjs.org/@types/debug/-/debug-4.1.12.tgz 0ms (cache hit)
211 http cache @tsconfig/node14@https://registry.npmjs.org/@tsconfig/node14/-/node14-1.0.3.tgz 0ms (cache hit)
212 http cache @tsconfig/node12@https://registry.npmjs.org/@tsconfig/node12/-/node12-1.0.11.tgz 0ms (cache hit)
213 http cache @tsconfig/node16@https://registry.npmjs.org/@tsconfig/node16/-/node16-1.0.4.tgz 0ms (cache hit)
214 http cache @tsconfig/node10@https://registry.npmjs.org/@tsconfig/node10/-/node10-1.0.12.tgz 0ms (cache hit)
215 http cache @rollup/pluginutils@https://registry.npmjs.org/@rollup/pluginutils/-/pluginutils-4.2.1.tgz 0ms (cache hit)
216 http cache @nodelib/fs.stat@https://registry.npmjs.org/@nodelib/fs.stat/-/fs.stat-2.0.5.tgz 0ms (cache hit)
217 http cache @nodelib/fs.walk@https://registry.npmjs.org/@nodelib/fs.walk/-/fs.walk-1.2.8.tgz 0ms (cache hit)
218 http cache @nodelib/fs.scandir@https://registry.npmjs.org/@nodelib/fs.scandir/-/fs.scandir-2.1.5.tgz 0ms (cache hit)
219 http cache @mapbox/node-pre-gyp@https://registry.npmjs.org/@mapbox/node-pre-gyp/-/node-pre-gyp-1.0.11.tgz 0ms (cache hit)
220 http cache @edge-runtime/primitives@https://registry.npmjs.org/@edge-runtime/primitives/-/primitives-4.1.0.tgz 0ms (cache hit)
221 http cache @edge-runtime/vm@https://registry.npmjs.org/@edge-runtime/vm/-/vm-3.2.0.tgz 0ms (cache hit)
222 http cache @fastify/busboy@https://registry.npmjs.org/@fastify/busboy/-/busboy-2.1.1.tgz 0ms (cache hit)
223 http cache @edge-runtime/ponyfill@https://registry.npmjs.org/@edge-runtime/ponyfill/-/ponyfill-2.4.2.tgz 0ms (cache hit)
224 http cache @edge-runtime/node-utils@https://registry.npmjs.org/@edge-runtime/node-utils/-/node-utils-2.3.0.tgz 0ms (cache hit)
225 http cache @cspotcode/source-map-support@https://registry.npmjs.org/@cspotcode/source-map-support/-/source-map-support-0.8.1.tgz 0ms (cache hit)
226 http cache @ts-morph/common@https://registry.npmjs.org/@ts-morph/common/-/common-0.11.1.tgz 0ms (cache hit)
227 http cache @edge-runtime/format@https://registry.npmjs.org/@edge-runtime/format/-/format-2.2.1.tgz 0ms (cache hit)
228 http cache @rollup/rollup-darwin-arm64@https://registry.npmjs.org/@rollup/rollup-darwin-arm64/-/rollup-darwin-arm64-4.59.0.tgz 0ms (cache hit)
229 http cache semver@https://registry.npmjs.org/semver/-/semver-7.7.4.tgz 0ms (cache hit)
230 http cache rollup@https://registry.npmjs.org/rollup/-/rollup-4.59.0.tgz 0ms (cache hit)
231 http cache @babel/runtime@https://registry.npmjs.org/@babel/runtime/-/runtime-7.28.6.tgz 0ms (cache hit)
232 http cache esbuild@https://registry.npmjs.org/esbuild/-/esbuild-0.14.47.tgz 0ms (cache hit)
233 http cache electron-to-chromium@https://registry.npmjs.org/electron-to-chromium/-/electron-to-chromium-1.5.302.tgz 0ms (cache hit)
234 http cache picomatch@https://registry.npmjs.org/picomatch/-/picomatch-2.3.1.tgz 0ms (cache hit)
235 http cache baseline-browser-mapping@https://registry.npmjs.org/baseline-browser-mapping/-/baseline-browser-mapping-2.10.0.tgz 0ms (cache hit)
236 http cache yallist@https://registry.npmjs.org/yallist/-/yallist-4.0.0.tgz 0ms (cache hit)
237 http cache yallist@https://registry.npmjs.org/yallist/-/yallist-4.0.0.tgz 0ms (cache hit)
238 http cache minipass@https://registry.npmjs.org/minipass/-/minipass-3.3.6.tgz 0ms (cache hit)
239 http cache @types/unist@https://registry.npmjs.org/@types/unist/-/unist-2.0.11.tgz 0ms (cache hit)
240 http cache semver@https://registry.npmjs.org/semver/-/semver-6.3.1.tgz 0ms (cache hit)
241 http cache minipass@https://registry.npmjs.org/minipass/-/minipass-3.3.6.tgz 0ms (cache hit)
242 http cache yallist@https://registry.npmjs.org/yallist/-/yallist-4.0.0.tgz 0ms (cache hit)
243 http cache signal-exit@https://registry.npmjs.org/signal-exit/-/signal-exit-3.0.7.tgz 0ms (cache hit)
244 http cache picocolors@https://registry.npmjs.org/picocolors/-/picocolors-1.0.0.tgz 0ms (cache hit)
245 http cache async-listen@https://registry.npmjs.org/async-listen/-/async-listen-3.0.1.tgz 0ms (cache hit)
246 http cache caniuse-lite@https://registry.npmjs.org/caniuse-lite/-/caniuse-lite-1.0.30001774.tgz 0ms (cache hit)
247 http cache @types/node@https://registry.npmjs.org/@types/node/-/node-16.18.11.tgz 0ms (cache hit)
248 http cache @jridgewell/trace-mapping@https://registry.npmjs.org/@jridgewell/trace-mapping/-/trace-mapping-0.3.9.tgz 0ms (cache hit)
249 http cache typescript@https://registry.npmjs.org/typescript/-/typescript-4.9.5.tgz 0ms (cache hit)
250 http cache picomatch@https://registry.npmjs.org/picomatch/-/picomatch-4.0.3.tgz 0ms (cache hit)
251 http cache semver@https://registry.npmjs.org/semver/-/semver-6.3.1.tgz 0ms (cache hit)
252 http cache fdir@https://registry.npmjs.org/fdir/-/fdir-6.5.0.tgz 0ms (cache hit)
253 http cache picomatch@https://registry.npmjs.org/picomatch/-/picomatch-4.0.3.tgz 0ms (cache hit)
254 http cache esbuild@https://registry.npmjs.org/esbuild/-/esbuild-0.25.12.tgz 1ms (cache hit)
255 http cache fdir@https://registry.npmjs.org/fdir/-/fdir-6.5.0.tgz 0ms (cache hit)
256 http cache semver@https://registry.npmjs.org/semver/-/semver-6.3.1.tgz 0ms (cache hit)
257 silly tarball no local data for ts-node@https://registry.npmjs.org/ts-node/-/ts-node-10.9.1.tgz. Extracting by manifest.
258 silly tarball no local data for ts-morph@https://registry.npmjs.org/ts-morph/-/ts-morph-12.0.0.tgz. Extracting by manifest.
259 silly tarball no local data for tr46@https://registry.npmjs.org/tr46/-/tr46-0.0.3.tgz. Extracting by manifest.
260 silly tarball no local data for safe-buffer@https://registry.npmjs.org/safe-buffer/-/safe-buffer-5.2.1.tgz. Extracting by manifest.
261 warn deprecated inflight@1.0.6: This module is not supported, and leaks memory. Do not use it. Check out lru-cache if you want a good and tested way to coalesce async requests by a key value, which is much more comprehensive and powerful.
262 warn deprecated npmlog@5.0.1: This package is no longer supported.
263 warn deprecated rimraf@3.0.2: Rimraf versions prior to v4 are no longer supported
264 warn deprecated glob@7.2.3: Old versions of glob are not supported, and contain widely publicized security vulnerabilities, which have been fixed in the current version. Please update. Support for old versions may be purchased (at exorbitant rates) by contacting i@izs.me
265 warn deprecated are-we-there-yet@2.0.0: This package is no longer supported.
266 warn deprecated gauge@3.0.2: This package is no longer supported.
267 http fetch GET 200 https://registry.npmjs.org/safe-buffer/-/safe-buffer-5.2.1.tgz 624ms (cache miss)
268 http fetch GET 200 https://registry.npmjs.org/tr46/-/tr46-0.0.3.tgz 661ms (cache miss)
269 warn deprecated tar@6.2.1: Old versions of tar are not supported, and contain widely publicized security vulnerabilities, which have been fixed in the current version. Please update. Support for old versions may be purchased (at exorbitant rates) by contacting i@izs.me
270 http fetch POST 200 https://registry.npmjs.org/-/npm/v1/security/advisories/bulk 790ms
271 silly audit report {
271 silly audit report   ajv: [
271 silly audit report     {
271 silly audit report       id: 1113715,
271 silly audit report       url: 'https://github.com/advisories/GHSA-2g4f-4pwh-qvx6',
271 silly audit report       title: 'ajv has ReDoS when using `$data` option',
271 silly audit report       severity: 'moderate',
271 silly audit report       vulnerable_versions: '>=7.0.0-alpha.0 <8.18.0',
271 silly audit report       cwe: [Array],
271 silly audit report       cvss: [Object]
271 silly audit report     }
271 silly audit report   ],
271 silly audit report   esbuild: [
271 silly audit report     {
271 silly audit report       id: 1102341,
271 silly audit report       url: 'https://github.com/advisories/GHSA-67mh-4wv8-2f99',
271 silly audit report       title: 'esbuild enables any website to send any requests to the development server and read the response',
271 silly audit report       severity: 'moderate',
271 silly audit report       vulnerable_versions: '<=0.24.2',
271 silly audit report       cwe: [Array],
271 silly audit report       cvss: [Object]
271 silly audit report     }
271 silly audit report   ],
271 silly audit report   'path-to-regexp': [
271 silly audit report     {
271 silly audit report       id: 1101846,
271 silly audit report       url: 'https://github.com/advisories/GHSA-9wv6-86v2-598j',
271 silly audit report       title: 'path-to-regexp outputs backtracking regular expressions',
271 silly audit report       severity: 'high',
271 silly audit report       vulnerable_versions: '>=4.0.0 <6.3.0',
271 silly audit report       cwe: [Array],
271 silly audit report       cvss: [Object]
271 silly audit report     }
271 silly audit report   ],
271 silly audit report   tar: [
271 silly audit report     {
271 silly audit report       id: 1112329,
271 silly audit report       url: 'https://github.com/advisories/GHSA-r6q2-hw4h-h46w',
271 silly audit report       title: 'Race Condition in node-tar Path Reservations via Unicode Ligature Collisions on macOS APFS',
271 silly audit report       severity: 'high',
271 silly audit report       vulnerable_versions: '<=7.5.3',
271 silly audit report       cwe: [Array],
271 silly audit report       cvss: [Object]
271 silly audit report     },
271 silly audit report     {
271 silly audit report       id: 1112659,
271 silly audit report       url: 'https://github.com/advisories/GHSA-34x7-hfp2-rc4v',
271 silly audit report       title: 'node-tar Vulnerable to Arbitrary File Creation/Overwrite via Hardlink Path Traversal',
271 silly audit report       severity: 'high',
271 silly audit report       vulnerable_versions: '<7.5.7',
271 silly audit report       cwe: [Array],
271 silly audit report       cvss: [Object]
271 silly audit report     },
271 silly audit report     {
271 silly audit report       id: 1113300,
271 silly audit report       url: 'https://github.com/advisories/GHSA-8qq5-rm4j-mr97',
271 silly audit report       title: 'node-tar is Vulnerable to Arbitrary File Overwrite and Symlink Poisoning via Insufficient Path Sanitization',
271 silly audit report       severity: 'high',
271 silly audit report       vulnerable_versions: '<=7.5.2',
271 silly audit report       cwe: [Array],
271 silly audit report       cvss: [Object]
271 silly audit report     },
271 silly audit report     {
271 silly audit report       id: 1113375,
271 silly audit report       url: 'https://github.com/advisories/GHSA-83g3-92jg-28cx',
271 silly audit report       title: 'Arbitrary File Read/Write via Hardlink Target Escape Through Symlink Chain in node-tar Extraction',
271 silly audit report       severity: 'high',
271 silly audit report       vulnerable_versions: '<7.5.8',
271 silly audit report       cwe: [Array],
271 silly audit report       cvss: [Object]
271 silly audit report     },
271 silly audit report     {
271 silly audit report       id: 1114071,
271 silly audit report       url: 'https://github.com/advisories/GHSA-qffp-2rhf-9h96',
271 silly audit report       title: 'tar has Hardlink Path Traversal via Drive-Relative Linkpath',
271 silly audit report       severity: 'high',
271 silly audit report       vulnerable_versions: '<=7.5.9',
271 silly audit report       cwe: [Array],
271 silly audit report       cvss: [Object]
271 silly audit report     }
271 silly audit report   ],
271 silly audit report   undici: [
271 silly audit report     {
271 silly audit report       id: 1101610,
271 silly audit report       url: 'https://github.com/advisories/GHSA-c76h-2ccp-4975',
271 silly audit report       title: 'Use of Insufficiently Random Values in undici',
271 silly audit report       severity: 'moderate',
271 silly audit report       vulnerable_versions: '>=4.5.0 <5.28.5',
271 silly audit report       cwe: [Array],
271 silly audit report       cvss: [Object]
271 silly audit report     },
271 silly audit report     {
271 silly audit report       id: 1112496,
271 silly audit report       url: 'https://github.com/advisories/GHSA-g9mf-h72j-4rw9',
271 silly audit report       title: 'Undici has an unbounded decompression chain in HTTP responses on Node.js Fetch API via Content-Encoding leads to resource exhaustion',
271 silly audit report       severity: 'moderate',
271 silly audit report       vulnerable_versions: '<6.23.0',
271 silly audit report       cwe: [Array],
271 silly audit report       cvss: [Object]
271 silly audit report     },
271 silly audit report     {
271 silly audit report       id: 1113069,
271 silly audit report       url: 'https://github.com/advisories/GHSA-cxrh-j4jr-qwg3',
271 silly audit report       title: 'undici Denial of Service attack via bad certificate data',
271 silly audit report       severity: 'low',
271 silly audit report       vulnerable_versions: '<5.29.0',
271 silly audit report       cwe: [Array],
271 silly audit report       cvss: [Object]
271 silly audit report     }
271 silly audit report   ]
271 silly audit report }
272 silly packumentCache corgi:https://registry.npmjs.org/ajv cache-miss
273 silly packumentCache corgi:https://registry.npmjs.org/esbuild cache-miss
274 silly packumentCache corgi:https://registry.npmjs.org/path-to-regexp cache-miss
275 silly packumentCache corgi:https://registry.npmjs.org/tar cache-miss
276 silly packumentCache corgi:https://registry.npmjs.org/undici cache-miss
277 http cache https://registry.npmjs.org/ajv 25ms (cache hit)
278 silly packumentCache corgi:https://registry.npmjs.org/ajv set size:464537 disposed:false
279 http cache https://registry.npmjs.org/esbuild 30ms (cache hit)
280 silly packumentCache corgi:https://registry.npmjs.org/esbuild set size:879341 disposed:false
281 http cache https://registry.npmjs.org/tar 35ms (cache hit)
282 silly packumentCache corgi:https://registry.npmjs.org/tar set size:196430 disposed:false
283 http cache https://registry.npmjs.org/undici 38ms (cache hit)
284 silly packumentCache corgi:https://registry.npmjs.org/undici set size:409147 disposed:false
285 http cache https://registry.npmjs.org/path-to-regexp 42ms (cache hit)
286 silly packumentCache corgi:https://registry.npmjs.org/path-to-regexp set size:63416 disposed:false
287 silly packumentCache corgi:https://registry.npmjs.org/@vercel%2fstatic-config cache-miss
288 http cache https://registry.npmjs.org/@vercel%2fstatic-config 12ms (cache hit)
289 silly packumentCache corgi:https://registry.npmjs.org/@vercel%2fstatic-config set size:44731 disposed:false
290 silly packumentCache corgi:https://registry.npmjs.org/@vercel%2fnode cache-miss
291 http fetch GET 200 https://registry.npmjs.org/ts-morph/-/ts-morph-12.0.0.tgz 779ms (cache miss)
292 http cache https://registry.npmjs.org/@vercel%2fnode 11ms (cache hit)
293 silly packumentCache corgi:https://registry.npmjs.org/@vercel%2fnode set size:783820 disposed:false
294 silly packumentCache corgi:https://registry.npmjs.org/@mapbox%2fnode-pre-gyp cache-miss
295 http cache https://registry.npmjs.org/@mapbox%2fnode-pre-gyp 9ms (cache hit)
296 silly packumentCache corgi:https://registry.npmjs.org/@mapbox%2fnode-pre-gyp set size:47144 disposed:false
297 silly packumentCache corgi:https://registry.npmjs.org/@vercel%2fnft cache-miss
298 http cache https://registry.npmjs.org/@vercel%2fnft 13ms (cache hit)
299 silly packumentCache corgi:https://registry.npmjs.org/@vercel%2fnft set size:288209 disposed:false
300 http fetch GET 200 https://registry.npmjs.org/ts-node/-/ts-node-10.9.1.tgz 889ms (cache miss)
301 info run esbuild@0.14.47 postinstall node_modules/esbuild node install.js
302 info run esbuild@0.25.12 postinstall node_modules/vite/node_modules/esbuild node install.js
303 info run esbuild@0.14.47 postinstall { code: 0, signal: null }
304 info run esbuild@0.25.12 postinstall { code: 0, signal: null }
305 silly ADD node_modules/zwitch
306 silly ADD node_modules/yn
307 silly ADD node_modules/wrappy
308 silly ADD node_modules/wide-align
309 silly ADD node_modules/whatwg-url
310 silly ADD node_modules/webidl-conversions
311 silly ADD node_modules/vfile-message
312 silly ADD node_modules/vfile
313 silly ADD node_modules/v8-compile-cache-lib
314 silly ADD node_modules/util-deprecate
315 silly ADD node_modules/uri-js
316 silly ADD node_modules/unist-util-visit-parents
317 silly ADD node_modules/unist-util-visit
318 silly ADD node_modules/unist-util-stringify-position
319 silly ADD node_modules/unist-util-position
320 silly ADD node_modules/unist-util-is
321 silly ADD node_modules/unified
322 silly ADD node_modules/undici
323 silly ADD node_modules/ts-toolbelt
324 silly ADD node_modules/ts-node
325 silly ADD node_modules/ts-morph
326 silly ADD node_modules/trough
327 silly ADD node_modules/trim-lines
328 silly ADD node_modules/tr46
329 silly ADD node_modules/time-span
330 silly ADD node_modules/tar
331 silly ADD node_modules/tar/node_modules/yallist
332 silly ADD node_modules/style-to-object
333 silly ADD node_modules/style-to-js
334 silly ADD node_modules/strip-ansi
335 silly ADD node_modules/stringify-entities
336 silly ADD node_modules/string-width
337 silly ADD node_modules/string_decoder
338 silly ADD node_modules/space-separated-tokens
339 silly ADD node_modules/signal-exit
340 silly ADD node_modules/set-blocking
341 silly ADD node_modules/safe-buffer
342 silly ADD node_modules/run-parallel
343 silly ADD node_modules/rimraf
344 silly ADD node_modules/reusify
345 silly ADD node_modules/resolve-from
346 silly ADD node_modules/require-from-string
347 silly ADD node_modules/remark-rehype
348 silly ADD node_modules/remark-parse
349 silly ADD node_modules/readable-stream
350 silly ADD node_modules/react-window
351 silly ADD node_modules/react-markdown
352 silly ADD node_modules/queue-microtask
353 silly ADD node_modules/punycode
354 silly ADD node_modules/property-information
355 silly ADD node_modules/pretty-ms
356 silly ADD node_modules/path-to-regexp
357 silly ADD node_modules/path-is-absolute
358 silly ADD node_modules/path-browserify
359 silly ADD node_modules/parse-ms
360 silly ADD node_modules/parse-entities
361 silly ADD node_modules/parse-entities/node_modules/@types/unist
362 silly ADD node_modules/once
363 silly ADD node_modules/object-assign
364 silly ADD node_modules/npmlog
365 silly ADD node_modules/nopt
366 silly ADD node_modules/node-gyp-build
367 silly ADD node_modules/node-fetch
368 silly ADD node_modules/mri
369 silly ADD node_modules/mkdirp
370 silly ADD node_modules/minizlib
371 silly ADD node_modules/minizlib/node_modules/yallist
372 silly ADD node_modules/minizlib/node_modules/minipass
373 silly ADD node_modules/minipass
374 silly ADD node_modules/minimatch
375 silly ADD node_modules/micromark-util-types
376 silly ADD node_modules/micromark-util-symbol
377 silly ADD node_modules/micromark-util-subtokenize
378 silly ADD node_modules/micromark-util-sanitize-uri
379 silly ADD node_modules/micromark-util-resolve-all
380 silly ADD node_modules/micromark-util-normalize-identifier
381 silly ADD node_modules/micromark-util-html-tag-name
382 silly ADD node_modules/micromark-util-encode
383 silly ADD node_modules/micromark-util-decode-string
384 silly ADD node_modules/micromark-util-decode-numeric-character-reference
385 silly ADD node_modules/micromark-util-combine-extensions
386 silly ADD node_modules/micromark-util-classify-character
387 silly ADD node_modules/micromark-util-chunked
388 silly ADD node_modules/micromark-util-character
389 silly ADD node_modules/micromark-factory-whitespace
390 silly ADD node_modules/micromark-factory-title
391 silly ADD node_modules/micromark-factory-space
392 silly ADD node_modules/micromark-factory-label
393 silly ADD node_modules/micromark-factory-destination
394 silly ADD node_modules/micromark-core-commonmark
395 silly ADD node_modules/micromark
396 silly ADD node_modules/merge2
397 silly ADD node_modules/memoize-one
398 silly ADD node_modules/mdast-util-to-string
399 silly ADD node_modules/mdast-util-to-markdown
400 silly ADD node_modules/mdast-util-to-hast
401 silly ADD node_modules/mdast-util-phrasing
402 silly ADD node_modules/mdast-util-mdxjs-esm
403 silly ADD node_modules/mdast-util-mdx-jsx
404 silly ADD node_modules/mdast-util-mdx-expression
405 silly ADD node_modules/mdast-util-from-markdown
406 silly ADD node_modules/make-error
407 silly ADD node_modules/make-dir
408 silly ADD node_modules/make-dir/node_modules/semver
409 silly ADD node_modules/longest-streak
410 silly ADD node_modules/json-schema-traverse
411 silly ADD node_modules/json-schema-to-ts
412 silly ADD node_modules/is-plain-obj
413 silly ADD node_modules/is-hexadecimal
414 silly ADD node_modules/is-glob
415 silly ADD node_modules/is-fullwidth-code-point
416 silly ADD node_modules/is-extglob
417 silly ADD node_modules/is-decimal
418 silly ADD node_modules/is-alphanumerical
419 silly ADD node_modules/is-alphabetical
420 silly ADD node_modules/inline-style-parser
421 silly ADD node_modules/inherits
422 silly ADD node_modules/inflight
423 silly ADD node_modules/https-proxy-agent
424 silly ADD node_modules/html-url-attributes
425 silly ADD node_modules/hast-util-whitespace
426 silly ADD node_modules/hast-util-to-jsx-runtime
427 silly ADD node_modules/has-unicode
428 silly ADD node_modules/glob-parent
429 silly ADD node_modules/glob
430 silly ADD node_modules/gauge
431 silly ADD node_modules/gauge/node_modules/signal-exit
432 silly ADD node_modules/fsevents
433 silly ADD node_modules/fs.realpath
434 silly ADD node_modules/fs-minipass
435 silly ADD node_modules/fs-minipass/node_modules/yallist
436 silly ADD node_modules/fs-minipass/node_modules/minipass
437 silly ADD node_modules/file-uri-to-path
438 silly ADD node_modules/fastq
439 silly ADD node_modules/fast-glob
440 silly ADD node_modules/fast-deep-equal
441 silly ADD node_modules/extend
442 silly ADD node_modules/etag
443 silly ADD node_modules/estree-walker
444 silly ADD node_modules/estree-util-is-identifier-name
445 silly ADD node_modules/esbuild-darwin-arm64
446 silly ADD node_modules/es-module-lexer
447 silly ADD node_modules/emoji-regex
448 silly ADD node_modules/edge-runtime
449 silly ADD node_modules/edge-runtime/node_modules/picocolors
450 silly ADD node_modules/edge-runtime/node_modules/async-listen
451 silly ADD node_modules/diff
452 silly ADD node_modules/devlop
453 silly ADD node_modules/dequal
454 silly ADD node_modules/delegates
455 silly ADD node_modules/decode-named-character-reference
456 silly ADD node_modules/create-require
457 silly ADD node_modules/convert-hrtime
458 silly ADD node_modules/console-control-strings
459 silly ADD node_modules/concat-map
460 silly ADD node_modules/comma-separated-tokens
461 silly ADD node_modules/color-support
462 silly ADD node_modules/code-block-writer
463 silly ADD node_modules/cjs-module-lexer
464 silly ADD node_modules/chownr
465 silly ADD node_modules/character-reference-invalid
466 silly ADD node_modules/character-entities-legacy
467 silly ADD node_modules/character-entities-html4
468 silly ADD node_modules/character-entities
469 silly ADD node_modules/ccount
470 silly ADD node_modules/brace-expansion
471 silly ADD node_modules/bindings
472 silly ADD node_modules/balanced-match
473 silly ADD node_modules/bail
474 silly ADD node_modules/async-sema
475 silly ADD node_modules/async-listen
476 silly ADD node_modules/arg
477 silly ADD node_modules/are-we-there-yet
478 silly ADD node_modules/aproba
479 silly ADD node_modules/ansi-regex
480 silly ADD node_modules/ajv
481 silly ADD node_modules/agent-base
482 silly ADD node_modules/acorn-walk
483 silly ADD node_modules/acorn-import-attributes
484 silly ADD node_modules/acorn
485 silly ADD node_modules/abbrev
486 silly ADD node_modules/@vercel/static-config
487 silly ADD node_modules/@vercel/node
488 silly ADD node_modules/@vercel/node/node_modules/typescript
489 silly ADD node_modules/@vercel/node/node_modules/@types/node
490 silly ADD node_modules/@vercel/nft
491 silly ADD node_modules/@vercel/error-utils
492 silly ADD node_modules/@vercel/build-utils
493 silly ADD node_modules/@ungap/structured-clone
494 silly ADD node_modules/@types/unist
495 silly ADD node_modules/@types/react-window
496 silly ADD node_modules/@types/ms
497 silly ADD node_modules/@types/mdast
498 silly ADD node_modules/@types/json-schema
499 silly ADD node_modules/@types/hast
500 silly ADD node_modules/@types/estree-jsx
501 silly ADD node_modules/@types/debug
502 silly ADD node_modules/@tsconfig/node16
503 silly ADD node_modules/@tsconfig/node14
504 silly ADD node_modules/@tsconfig/node12
505 silly ADD node_modules/@tsconfig/node10
506 silly ADD node_modules/@ts-morph/common
507 silly ADD node_modules/@rollup/pluginutils
508 silly ADD node_modules/@nodelib/fs.walk
509 silly ADD node_modules/@nodelib/fs.stat
510 silly ADD node_modules/@nodelib/fs.scandir
511 silly ADD node_modules/@mapbox/node-pre-gyp
512 silly ADD node_modules/@fastify/busboy
513 silly ADD node_modules/@edge-runtime/vm
514 silly ADD node_modules/@edge-runtime/primitives
515 silly ADD node_modules/@edge-runtime/ponyfill
516 silly ADD node_modules/@edge-runtime/node-utils
517 silly ADD node_modules/@edge-runtime/format
518 silly ADD node_modules/@cspotcode/source-map-support
519 silly ADD node_modules/@cspotcode/source-map-support/node_modules/@jridgewell/trace-mapping
520 silly ADD node_modules/@babel/runtime
521 silly CHANGE node_modules/@rollup/rollup-darwin-arm64
522 silly ADD node_modules/@babel/helper-compilation-targets/node_modules/semver
523 silly ADD node_modules/@babel/core/node_modules/semver
524 silly ADD node_modules/vite/node_modules/picomatch
525 silly ADD node_modules/vite/node_modules/fdir
526 silly ADD node_modules/vite/node_modules/esbuild
527 silly ADD node_modules/tinyglobby/node_modules/picomatch
528 silly ADD node_modules/tinyglobby/node_modules/fdir
529 silly CHANGE node_modules/rollup
530 silly CHANGE node_modules/semver
531 silly CHANGE node_modules/picomatch
532 silly CHANGE node_modules/esbuild
533 silly CHANGE node_modules/electron-to-chromium
534 silly CHANGE node_modules/caniuse-lite
535 silly CHANGE node_modules/baseline-browser-mapping
536 verbose cwd /Users/igorvasin/ai-scout-final
537 verbose os Darwin 25.3.0
538 verbose node v24.11.1
539 verbose npm  v11.6.2
540 verbose exit 0
541 info ok
