0 verbose cli /usr/local/bin/node /usr/local/bin/npm
1 info using npm@11.6.2
2 info using node@v24.11.1
3 silly config load:file:/usr/local/lib/node_modules/npm/npmrc
4 silly config load:file:/Users/igorvasin/arena-web-search/ai-scout-implementation-plan/.npmrc
5 silly config load:file:/Users/igorvasin/.npmrc
6 silly config load:file:/Users/igorvasin/.npm-global/etc/npmrc
7 verbose title npm config delete cache
8 verbose argv "config" "delete" "cache"
9 verbose logfile logs-max:10 dir:/Users/igorvasin/arena-web-search/ai-scout-implementation-plan/.npm/_logs/2026-02-27T05_29_34_815Z-
10 verbose logfile /Users/igorvasin/arena-web-search/ai-scout-implementation-plan/.npm/_logs/2026-02-27T05_29_34_815Z-debug-0.log
11 silly logfile done cleaning log files
12 verbose stack Error: EPERM: operation not permitted, open '/Users/igorvasin/.npmrc'
12 verbose stack     at async open (node:internal/fs/promises:642:25)
12 verbose stack     at async writeFile (node:internal/fs/promises:1249:14)
12 verbose stack     at async Config.save (/usr/local/lib/node_modules/npm/node_modules/@npmcli/config/lib/index.js:793:5)
12 verbose stack     at async Config.del (/usr/local/lib/node_modules/npm/lib/commands/config.js:224:5)
12 verbose stack     at async Config.exec (/usr/local/lib/node_modules/npm/lib/commands/config.js:147:9)
12 verbose stack     at async Npm.exec (/usr/local/lib/node_modules/npm/lib/npm.js:208:9)
12 verbose stack     at async module.exports (/usr/local/lib/node_modules/npm/lib/cli/entry.js:67:5)
13 error code EPERM
14 error syscall open
15 error path /Users/igorvasin/.npmrc
16 error errno -1
17 error Error: EPERM: operation not permitted, open '/Users/igorvasin/.npmrc'
17 error     at async open (node:internal/fs/promises:642:25)
17 error     at async writeFile (node:internal/fs/promises:1249:14)
17 error     at async Config.save (/usr/local/lib/node_modules/npm/node_modules/@npmcli/config/lib/index.js:793:5)
17 error     at async Config.del (/usr/local/lib/node_modules/npm/lib/commands/config.js:224:5)
17 error     at async Config.exec (/usr/local/lib/node_modules/npm/lib/commands/config.js:147:9)
17 error     at async Npm.exec (/usr/local/lib/node_modules/npm/lib/npm.js:208:9)
17 error     at async module.exports (/usr/local/lib/node_modules/npm/lib/cli/entry.js:67:5) {
17 error   errno: -1,
17 error   code: 'EPERM',
17 error   syscall: 'open',
17 error   path: '/Users/igorvasin/.npmrc'
17 error }
18 error
18 error The operation was rejected by your operating system.
18 error It is likely you do not have the permissions to access this file as the current user
18 error
18 error If you believe this might be a permissions issue, please double-check the
18 error permissions of the file and its containing directories, or try running
18 error the command again as root/Administrator.
19 verbose cwd /Users/igorvasin/arena-web-search/ai-scout-implementation-plan
20 verbose os Darwin 25.2.0
21 verbose node v24.11.1
22 verbose npm  v11.6.2
23 verbose exit -1
24 verbose code -1
25 error A complete log of this run can be found in: /Users/igorvasin/arena-web-search/ai-scout-implementation-plan/.npm/_logs/2026-02-27T05_29_34_815Z-debug-0.log
