0 verbose cli /usr/local/bin/node /usr/local/lib/node_modules/npm/bin/npm-cli.js
1 info using npm@11.6.2
2 info using node@v24.11.1
3 silly config load:file:/usr/local/lib/node_modules/npm/npmrc
4 silly config load:file:/Users/igorvasin/AI-Agent-Projects/ai-scout-implementation-plan/.npmrc
5 silly config load:file:/Users/igorvasin/.npmrc
6 silly config load:file:/Users/igorvasin/.npm-global/etc/npmrc
7 verbose title npm exec tsc --noEmit
8 verbose argv "exec" "--" "tsc" "--noEmit"
9 verbose logfile logs-max:10 dir:/Users/igorvasin/AI-Agent-Projects/ai-scout-implementation-plan/.npm/_logs/2026-03-03T18_45_27_700Z-
10 verbose logfile /Users/igorvasin/AI-Agent-Projects/ai-scout-implementation-plan/.npm/_logs/2026-03-03T18_45_27_700Z-debug-0.log
11 silly logfile start cleaning logs, removing 1 files
12 silly logfile done cleaning log files
13 silly packumentCache heap:2348810240 maxSize:587202560 maxEntrySize:293601280
14 verbose shrinkwrap failed to load /Users/igorvasin/AI-Agent-Projects/ai-scout-implementation-plan EPERM: operation not permitted, open '/Users/igorvasin/AI-Agent-Projects/ai-scout-implementation-plan/node_modules/.package-lock.json'
15 http fetch GET 200 https://registry.npmjs.org/tsc 709ms (cache revalidated)
16 silly packumentCache heap:2348810240 maxSize:587202560 maxEntrySize:293601280
17 silly packumentCache heap:2348810240 maxSize:587202560 maxEntrySize:293601280
18 verbose stack Error: canceled
18 verbose stack     at Interface.<anonymous> (/usr/local/lib/node_modules/npm/node_modules/read/dist/commonjs/read.js:89:21)
18 verbose stack     at Interface.emit (node:events:508:28)
18 verbose stack     at [_ttyWrite] [as _ttyWrite] (node:internal/readline/interface:1317:18)
18 verbose stack     at ReadStream.onkeypress (node:internal/readline/interface:284:20)
18 verbose stack     at ReadStream.emit (node:events:508:28)
18 verbose stack     at emitKeys (node:internal/readline/utils:371:14)
18 verbose stack     at emitKeys.next (<anonymous>)
18 verbose stack     at ReadStream.onData (node:internal/readline/emitKeypressEvents:64:36)
18 verbose stack     at ReadStream.emit (node:events:508:28)
18 verbose stack     at addChunk (node:internal/streams/readable:559:12)
19 error canceled
20 verbose cwd /Users/igorvasin/AI-Agent-Projects/ai-scout-implementation-plan
21 verbose os Darwin 25.2.0
22 verbose node v24.11.1
23 verbose npm  v11.6.2
24 verbose exit 1
25 verbose code 1
26 error A complete log of this run can be found in: /Users/igorvasin/AI-Agent-Projects/ai-scout-implementation-plan/.npm/_logs/2026-03-03T18_45_27_700Z-debug-0.log
