0 verbose cli /usr/local/bin/node /usr/local/lib/node_modules/npm/bin/npm-cli.js
1 info using npm@11.6.2
2 info using node@v24.11.1
3 silly config load:file:/usr/local/lib/node_modules/npm/npmrc
4 silly config load:file:/Users/igorvasin/arena-web-search/ai-scout-implementation-plan/.npmrc
5 silly config load:file:/Users/igorvasin/.npmrc
6 silly config load:file:/Users/igorvasin/.npm-global/etc/npmrc
7 verbose title npm exec vite build
8 verbose argv "exec" "--" "vite" "build"
9 verbose logfile logs-max:10 dir:/Users/igorvasin/arena-web-search/ai-scout-implementation-plan/.npm/_logs/2026-03-01T12_36_46_298Z-
10 verbose logfile /Users/igorvasin/arena-web-search/ai-scout-implementation-plan/.npm/_logs/2026-03-01T12_36_46_298Z-debug-0.log
11 silly logfile done cleaning log files
12 silly packumentCache heap:2348810240 maxSize:587202560 maxEntrySize:293601280
13 verbose shrinkwrap failed to load /Users/igorvasin/arena-web-search/ai-scout-implementation-plan EPERM: operation not permitted, open '/Users/igorvasin/arena-web-search/ai-scout-implementation-plan/node_modules/.package-lock.json'
14 http fetch GET 200 https://registry.npmjs.org/vite 3250ms (cache miss)
15 silly packumentCache heap:2348810240 maxSize:587202560 maxEntrySize:293601280
16 silly packumentCache heap:2348810240 maxSize:587202560 maxEntrySize:293601280
17 silly idealTree buildDeps
18 silly fetch manifest vite@7.3.1
19 silly packumentCache full:https://registry.npmjs.org/vite cache-miss
20 http fetch GET 200 https://registry.npmjs.org/vite 1001ms (cache miss)
21 silly packumentCache full:https://registry.npmjs.org/vite set size:undefined disposed:false
22 silly fetch manifest @types/node@^20.19.0 || >=22.12.0
23 silly packumentCache full:https://registry.npmjs.org/@types%2fnode cache-miss
24 http fetch GET 200 https://registry.npmjs.org/@types%2fnode 285ms (cache miss)
25 silly packumentCache full:https://registry.npmjs.org/@types%2fnode set size:undefined disposed:false
26 silly fetch manifest jiti@>=1.21.0
27 silly packumentCache full:https://registry.npmjs.org/jiti cache-miss
28 http fetch GET 200 https://registry.npmjs.org/jiti 118ms (cache miss)
29 silly packumentCache full:https://registry.npmjs.org/jiti set size:undefined disposed:false
30 silly fetch manifest less@^4.0.0
31 silly packumentCache full:https://registry.npmjs.org/less cache-miss
32 http fetch GET 200 https://registry.npmjs.org/less 203ms (cache miss)
33 silly packumentCache full:https://registry.npmjs.org/less set size:undefined disposed:false
34 silly fetch manifest lightningcss@^1.21.0
35 silly packumentCache full:https://registry.npmjs.org/lightningcss cache-miss
36 http fetch GET 200 https://registry.npmjs.org/lightningcss 113ms (cache miss)
37 silly packumentCache full:https://registry.npmjs.org/lightningcss set size:undefined disposed:false
38 silly fetch manifest sass@^1.70.0
39 silly packumentCache full:https://registry.npmjs.org/sass cache-miss
40 http fetch GET 200 https://registry.npmjs.org/sass 223ms (cache miss)
41 silly packumentCache full:https://registry.npmjs.org/sass set size:undefined disposed:false
42 silly fetch manifest sass-embedded@^1.70.0
43 silly packumentCache full:https://registry.npmjs.org/sass-embedded cache-miss
44 http fetch GET 200 https://registry.npmjs.org/sass-embedded 109ms (cache miss)
45 silly packumentCache full:https://registry.npmjs.org/sass-embedded set size:undefined disposed:false
46 silly fetch manifest stylus@>=0.54.8
47 silly packumentCache full:https://registry.npmjs.org/stylus cache-miss
48 http fetch GET 200 https://registry.npmjs.org/stylus 99ms (cache miss)
49 silly packumentCache full:https://registry.npmjs.org/stylus set size:undefined disposed:false
50 silly fetch manifest sugarss@^5.0.0
51 silly packumentCache full:https://registry.npmjs.org/sugarss cache-miss
52 http fetch GET 200 https://registry.npmjs.org/sugarss 99ms (cache miss)
53 silly packumentCache full:https://registry.npmjs.org/sugarss set size:undefined disposed:false
54 silly fetch manifest postcss@^8.3.3
55 silly packumentCache full:https://registry.npmjs.org/postcss cache-miss
56 http fetch GET 200 https://registry.npmjs.org/postcss 183ms (cache miss)
57 silly packumentCache full:https://registry.npmjs.org/postcss set size:undefined disposed:false
58 silly fetch manifest terser@^5.16.0
59 silly packumentCache full:https://registry.npmjs.org/terser cache-miss
60 http fetch GET 200 https://registry.npmjs.org/terser 228ms (cache miss)
61 silly packumentCache full:https://registry.npmjs.org/terser set size:undefined disposed:false
62 silly fetch manifest tsx@^4.8.1
63 silly packumentCache full:https://registry.npmjs.org/tsx cache-miss
64 http fetch GET 200 https://registry.npmjs.org/tsx 102ms (cache miss)
65 silly packumentCache full:https://registry.npmjs.org/tsx set size:undefined disposed:false
66 silly fetch manifest yaml@^2.4.2
67 silly packumentCache full:https://registry.npmjs.org/yaml cache-miss
68 http fetch GET 200 https://registry.npmjs.org/yaml 203ms (cache miss)
69 silly packumentCache full:https://registry.npmjs.org/yaml set size:undefined disposed:false
70 silly placeDep ROOT vite@7.3.1 OK for:  want: 7.3.1
71 silly fetch manifest fdir@^6.5.0
72 silly packumentCache full:https://registry.npmjs.org/fdir cache-miss
73 silly fetch manifest rollup@^4.43.0
74 silly packumentCache full:https://registry.npmjs.org/rollup cache-miss
75 silly fetch manifest esbuild@^0.27.0
76 silly packumentCache full:https://registry.npmjs.org/esbuild cache-miss
77 silly fetch manifest postcss@^8.5.6
78 silly packumentCache full:https://registry.npmjs.org/postcss cache-miss
79 silly fetch manifest picomatch@^4.0.3
80 silly packumentCache full:https://registry.npmjs.org/picomatch cache-miss
81 silly fetch manifest tinyglobby@^0.2.15
82 silly packumentCache full:https://registry.npmjs.org/tinyglobby cache-miss
83 silly fetch manifest fsevents@~2.3.3
84 silly packumentCache full:https://registry.npmjs.org/fsevents cache-miss
85 http cache https://registry.npmjs.org/postcss 26ms (cache hit)
86 silly packumentCache full:https://registry.npmjs.org/postcss set size:696248 disposed:false
87 http fetch GET 200 https://registry.npmjs.org/fdir 195ms (cache miss)
88 silly packumentCache full:https://registry.npmjs.org/fdir set size:undefined disposed:false
89 http fetch GET 200 https://registry.npmjs.org/tinyglobby 553ms (cache miss)
90 silly packumentCache full:https://registry.npmjs.org/tinyglobby set size:undefined disposed:false
91 http fetch GET 200 https://registry.npmjs.org/picomatch 629ms (cache miss)
92 silly packumentCache full:https://registry.npmjs.org/picomatch set size:undefined disposed:false
93 http fetch GET 200 https://registry.npmjs.org/fsevents 654ms (cache miss)
94 silly packumentCache full:https://registry.npmjs.org/fsevents set size:undefined disposed:false
95 http fetch GET 200 https://registry.npmjs.org/esbuild 868ms (cache miss)
96 silly packumentCache full:https://registry.npmjs.org/esbuild set size:undefined disposed:false
97 http fetch GET 200 https://registry.npmjs.org/rollup 1020ms (cache miss)
98 silly packumentCache full:https://registry.npmjs.org/rollup set size:undefined disposed:false
99 silly placeDep ROOT esbuild@0.27.3 OK for: vite@7.3.1 want: ^0.27.0
100 silly placeDep ROOT fdir@6.5.0 OK for: vite@7.3.1 want: ^6.5.0
101 silly placeDep ROOT fsevents@2.3.3 OK for: vite@7.3.1 want: ~2.3.3
102 silly placeDep ROOT picomatch@4.0.3 OK for: vite@7.3.1 want: ^4.0.3
103 silly placeDep ROOT postcss@8.5.6 OK for: vite@7.3.1 want: ^8.5.6
104 silly placeDep ROOT rollup@4.59.0 OK for: vite@7.3.1 want: ^4.43.0
105 silly placeDep ROOT tinyglobby@0.2.15 OK for: vite@7.3.1 want: ^0.2.15
106 silly fetch manifest @esbuild/aix-ppc64@0.27.3
107 silly packumentCache full:https://registry.npmjs.org/@esbuild%2faix-ppc64 cache-miss
108 silly fetch manifest @esbuild/android-arm@0.27.3
109 silly packumentCache full:https://registry.npmjs.org/@esbuild%2fandroid-arm cache-miss
110 silly fetch manifest @esbuild/android-arm64@0.27.3
111 silly packumentCache full:https://registry.npmjs.org/@esbuild%2fandroid-arm64 cache-miss
112 silly fetch manifest @esbuild/android-x64@0.27.3
113 silly packumentCache full:https://registry.npmjs.org/@esbuild%2fandroid-x64 cache-miss
114 silly fetch manifest @esbuild/darwin-arm64@0.27.3
115 silly packumentCache full:https://registry.npmjs.org/@esbuild%2fdarwin-arm64 cache-miss
116 silly fetch manifest @esbuild/darwin-x64@0.27.3
117 silly packumentCache full:https://registry.npmjs.org/@esbuild%2fdarwin-x64 cache-miss
118 silly fetch manifest @esbuild/freebsd-arm64@0.27.3
119 silly packumentCache full:https://registry.npmjs.org/@esbuild%2ffreebsd-arm64 cache-miss
120 http fetch GET 200 https://registry.npmjs.org/@esbuild%2faix-ppc64 126ms (cache miss)
121 silly packumentCache full:https://registry.npmjs.org/@esbuild%2faix-ppc64 set size:undefined disposed:false
122 silly fetch manifest @esbuild/freebsd-x64@0.27.3
123 silly packumentCache full:https://registry.npmjs.org/@esbuild%2ffreebsd-x64 cache-miss
124 http fetch GET 200 https://registry.npmjs.org/@esbuild%2fdarwin-arm64 141ms (cache miss)
125 silly packumentCache full:https://registry.npmjs.org/@esbuild%2fdarwin-arm64 set size:undefined disposed:false
126 silly fetch manifest @esbuild/linux-arm@0.27.3
127 silly packumentCache full:https://registry.npmjs.org/@esbuild%2flinux-arm cache-miss
128 http fetch GET 200 https://registry.npmjs.org/@esbuild%2fandroid-x64 175ms (cache miss)
129 silly packumentCache full:https://registry.npmjs.org/@esbuild%2fandroid-x64 set size:undefined disposed:false
130 silly fetch manifest @esbuild/linux-arm64@0.27.3
131 silly packumentCache full:https://registry.npmjs.org/@esbuild%2flinux-arm64 cache-miss
132 http fetch GET 200 https://registry.npmjs.org/@esbuild%2fandroid-arm64 191ms (cache miss)
133 silly packumentCache full:https://registry.npmjs.org/@esbuild%2fandroid-arm64 set size:undefined disposed:false
134 silly fetch manifest @esbuild/linux-ia32@0.27.3
135 silly packumentCache full:https://registry.npmjs.org/@esbuild%2flinux-ia32 cache-miss
136 http fetch GET 200 https://registry.npmjs.org/@esbuild%2fdarwin-x64 225ms (cache miss)
137 silly packumentCache full:https://registry.npmjs.org/@esbuild%2fdarwin-x64 set size:undefined disposed:false
138 silly fetch manifest @esbuild/linux-loong64@0.27.3
139 silly packumentCache full:https://registry.npmjs.org/@esbuild%2flinux-loong64 cache-miss
140 http fetch GET 200 https://registry.npmjs.org/@esbuild%2fandroid-arm 230ms (cache miss)
141 silly packumentCache full:https://registry.npmjs.org/@esbuild%2fandroid-arm set size:undefined disposed:false
142 silly fetch manifest @esbuild/linux-mips64el@0.27.3
143 silly packumentCache full:https://registry.npmjs.org/@esbuild%2flinux-mips64el cache-miss
144 http fetch GET 200 https://registry.npmjs.org/@esbuild%2ffreebsd-x64 142ms (cache miss)
145 silly packumentCache full:https://registry.npmjs.org/@esbuild%2ffreebsd-x64 set size:undefined disposed:false
146 silly fetch manifest @esbuild/linux-ppc64@0.27.3
147 silly packumentCache full:https://registry.npmjs.org/@esbuild%2flinux-ppc64 cache-miss
148 http fetch GET 200 https://registry.npmjs.org/@esbuild%2flinux-ia32 132ms (cache miss)
149 silly packumentCache full:https://registry.npmjs.org/@esbuild%2flinux-ia32 set size:undefined disposed:false
150 silly fetch manifest @esbuild/linux-riscv64@0.27.3
151 silly packumentCache full:https://registry.npmjs.org/@esbuild%2flinux-riscv64 cache-miss
152 http fetch GET 200 https://registry.npmjs.org/@esbuild%2flinux-loong64 113ms (cache miss)
153 silly packumentCache full:https://registry.npmjs.org/@esbuild%2flinux-loong64 set size:undefined disposed:false
154 silly fetch manifest @esbuild/linux-s390x@0.27.3
155 silly packumentCache full:https://registry.npmjs.org/@esbuild%2flinux-s390x cache-miss
156 http fetch GET 200 https://registry.npmjs.org/@esbuild%2flinux-ppc64 161ms (cache miss)
157 silly packumentCache full:https://registry.npmjs.org/@esbuild%2flinux-ppc64 set size:undefined disposed:false
158 silly fetch manifest @esbuild/linux-x64@0.27.3
159 silly packumentCache full:https://registry.npmjs.org/@esbuild%2flinux-x64 cache-miss
160 http fetch GET 200 https://registry.npmjs.org/@esbuild%2flinux-arm64 261ms (cache miss)
161 silly packumentCache full:https://registry.npmjs.org/@esbuild%2flinux-arm64 set size:undefined disposed:false
162 silly fetch manifest @esbuild/netbsd-arm64@0.27.3
163 silly packumentCache full:https://registry.npmjs.org/@esbuild%2fnetbsd-arm64 cache-miss
164 http fetch GET 200 https://registry.npmjs.org/@esbuild%2flinux-arm 297ms (cache miss)
165 silly packumentCache full:https://registry.npmjs.org/@esbuild%2flinux-arm set size:undefined disposed:false
166 silly fetch manifest @esbuild/netbsd-x64@0.27.3
167 silly packumentCache full:https://registry.npmjs.org/@esbuild%2fnetbsd-x64 cache-miss
168 http fetch GET 200 https://registry.npmjs.org/@esbuild%2flinux-s390x 112ms (cache miss)
169 silly packumentCache full:https://registry.npmjs.org/@esbuild%2flinux-s390x set size:undefined disposed:false
170 silly fetch manifest @esbuild/openbsd-arm64@0.27.3
171 silly packumentCache full:https://registry.npmjs.org/@esbuild%2fopenbsd-arm64 cache-miss
172 http fetch GET 200 https://registry.npmjs.org/@esbuild%2flinux-riscv64 130ms (cache miss)
173 silly packumentCache full:https://registry.npmjs.org/@esbuild%2flinux-riscv64 set size:undefined disposed:false
174 silly fetch manifest @esbuild/openbsd-x64@0.27.3
175 silly packumentCache full:https://registry.npmjs.org/@esbuild%2fopenbsd-x64 cache-miss
176 http fetch GET 200 https://registry.npmjs.org/@esbuild%2flinux-mips64el 243ms (cache miss)
177 silly packumentCache full:https://registry.npmjs.org/@esbuild%2flinux-mips64el set size:undefined disposed:false
178 silly fetch manifest @esbuild/openharmony-arm64@0.27.3
179 silly packumentCache full:https://registry.npmjs.org/@esbuild%2fopenharmony-arm64 cache-miss
180 http fetch GET 200 https://registry.npmjs.org/@esbuild%2fnetbsd-arm64 102ms (cache miss)
181 silly packumentCache full:https://registry.npmjs.org/@esbuild%2fnetbsd-arm64 set size:undefined disposed:false
182 silly fetch manifest @esbuild/sunos-x64@0.27.3
183 silly packumentCache full:https://registry.npmjs.org/@esbuild%2fsunos-x64 cache-miss
184 http fetch GET 200 https://registry.npmjs.org/@esbuild%2fnetbsd-x64 145ms (cache miss)
185 silly packumentCache full:https://registry.npmjs.org/@esbuild%2fnetbsd-x64 set size:undefined disposed:false
186 silly fetch manifest @esbuild/win32-arm64@0.27.3
187 silly packumentCache full:https://registry.npmjs.org/@esbuild%2fwin32-arm64 cache-miss
188 http fetch GET 200 https://registry.npmjs.org/@esbuild%2ffreebsd-arm64 592ms (cache miss)
189 silly packumentCache full:https://registry.npmjs.org/@esbuild%2ffreebsd-arm64 set size:undefined disposed:false
190 silly fetch manifest @esbuild/win32-ia32@0.27.3
191 silly packumentCache full:https://registry.npmjs.org/@esbuild%2fwin32-ia32 cache-miss
192 http fetch GET 200 https://registry.npmjs.org/@esbuild%2fopenbsd-x64 139ms (cache miss)
193 silly packumentCache full:https://registry.npmjs.org/@esbuild%2fopenbsd-x64 set size:undefined disposed:false
194 silly fetch manifest @esbuild/win32-x64@0.27.3
195 silly packumentCache full:https://registry.npmjs.org/@esbuild%2fwin32-x64 cache-miss
196 http fetch GET 200 https://registry.npmjs.org/@esbuild%2flinux-x64 229ms (cache miss)
197 silly packumentCache full:https://registry.npmjs.org/@esbuild%2flinux-x64 set size:undefined disposed:false
198 silly fetch manifest nanoid@^3.3.11
199 silly packumentCache full:https://registry.npmjs.org/nanoid cache-miss
200 http fetch GET 200 https://registry.npmjs.org/@esbuild%2fopenbsd-arm64 211ms (cache miss)
201 silly packumentCache full:https://registry.npmjs.org/@esbuild%2fopenbsd-arm64 set size:undefined disposed:false
202 silly fetch manifest picocolors@^1.1.1
203 silly packumentCache full:https://registry.npmjs.org/picocolors cache-miss
204 http fetch GET 200 https://registry.npmjs.org/@esbuild%2fsunos-x64 176ms (cache miss)
205 silly packumentCache full:https://registry.npmjs.org/@esbuild%2fsunos-x64 set size:undefined disposed:false
206 silly fetch manifest source-map-js@^1.2.1
207 silly packumentCache full:https://registry.npmjs.org/source-map-js cache-miss
208 http fetch GET 200 https://registry.npmjs.org/@esbuild%2fopenharmony-arm64 257ms (cache miss)
209 silly packumentCache full:https://registry.npmjs.org/@esbuild%2fopenharmony-arm64 set size:undefined disposed:false
210 silly fetch manifest @types/estree@1.0.8
211 silly packumentCache full:https://registry.npmjs.org/@types%2festree cache-miss
212 http fetch GET 200 https://registry.npmjs.org/@esbuild%2fwin32-x64 141ms (cache miss)
213 silly packumentCache full:https://registry.npmjs.org/@esbuild%2fwin32-x64 set size:undefined disposed:false
214 silly fetch manifest @rollup/rollup-darwin-arm64@4.59.0
215 silly packumentCache full:https://registry.npmjs.org/@rollup%2frollup-darwin-arm64 cache-miss
216 http fetch GET 200 https://registry.npmjs.org/@esbuild%2fwin32-ia32 153ms (cache miss)
217 silly packumentCache full:https://registry.npmjs.org/@esbuild%2fwin32-ia32 set size:undefined disposed:false
218 silly fetch manifest @rollup/rollup-android-arm64@4.59.0
219 silly packumentCache full:https://registry.npmjs.org/@rollup%2frollup-android-arm64 cache-miss
220 http fetch GET 200 https://registry.npmjs.org/picocolors 89ms (cache miss)
221 silly packumentCache full:https://registry.npmjs.org/picocolors set size:undefined disposed:false
222 silly fetch manifest @rollup/rollup-win32-arm64-msvc@4.59.0
223 silly packumentCache full:https://registry.npmjs.org/@rollup%2frollup-win32-arm64-msvc cache-miss
224 http fetch GET 200 https://registry.npmjs.org/@esbuild%2fwin32-arm64 235ms (cache miss)
225 silly packumentCache full:https://registry.npmjs.org/@esbuild%2fwin32-arm64 set size:undefined disposed:false
226 silly fetch manifest @rollup/rollup-freebsd-arm64@4.59.0
227 silly packumentCache full:https://registry.npmjs.org/@rollup%2frollup-freebsd-arm64 cache-miss
228 http fetch GET 200 https://registry.npmjs.org/@types%2festree 110ms (cache miss)
229 silly packumentCache full:https://registry.npmjs.org/@types%2festree set size:undefined disposed:false
230 silly fetch manifest @rollup/rollup-linux-arm64-gnu@4.59.0
231 silly packumentCache full:https://registry.npmjs.org/@rollup%2frollup-linux-arm64-gnu cache-miss
232 http fetch GET 200 https://registry.npmjs.org/nanoid 208ms (cache miss)
233 silly packumentCache full:https://registry.npmjs.org/nanoid set size:undefined disposed:false
234 silly fetch manifest @rollup/rollup-linux-arm64-musl@4.59.0
235 silly packumentCache full:https://registry.npmjs.org/@rollup%2frollup-linux-arm64-musl cache-miss
236 http fetch GET 200 https://registry.npmjs.org/@rollup%2frollup-win32-arm64-msvc 127ms (cache miss)
237 silly packumentCache full:https://registry.npmjs.org/@rollup%2frollup-win32-arm64-msvc set size:undefined disposed:false
238 silly fetch manifest @rollup/rollup-android-arm-eabi@4.59.0
239 silly packumentCache full:https://registry.npmjs.org/@rollup%2frollup-android-arm-eabi cache-miss
240 http fetch GET 200 https://registry.npmjs.org/@rollup%2frollup-freebsd-arm64 118ms (cache miss)
241 silly packumentCache full:https://registry.npmjs.org/@rollup%2frollup-freebsd-arm64 set size:undefined disposed:false
242 silly fetch manifest @rollup/rollup-linux-arm-gnueabihf@4.59.0
243 silly packumentCache full:https://registry.npmjs.org/@rollup%2frollup-linux-arm-gnueabihf cache-miss
244 http fetch GET 200 https://registry.npmjs.org/source-map-js 241ms (cache miss)
245 silly packumentCache full:https://registry.npmjs.org/source-map-js set size:undefined disposed:false
246 silly fetch manifest @rollup/rollup-linux-arm-musleabihf@4.59.0
247 silly packumentCache full:https://registry.npmjs.org/@rollup%2frollup-linux-arm-musleabihf cache-miss
248 http fetch GET 200 https://registry.npmjs.org/@rollup%2frollup-darwin-arm64 253ms (cache miss)
249 silly packumentCache full:https://registry.npmjs.org/@rollup%2frollup-darwin-arm64 set size:undefined disposed:false
250 silly fetch manifest @rollup/rollup-win32-ia32-msvc@4.59.0
251 silly packumentCache full:https://registry.npmjs.org/@rollup%2frollup-win32-ia32-msvc cache-miss
252 http fetch GET 200 https://registry.npmjs.org/@rollup%2frollup-android-arm64 253ms (cache miss)
253 silly packumentCache full:https://registry.npmjs.org/@rollup%2frollup-android-arm64 set size:undefined disposed:false
254 silly fetch manifest @rollup/rollup-linux-loong64-gnu@4.59.0
255 silly packumentCache full:https://registry.npmjs.org/@rollup%2frollup-linux-loong64-gnu cache-miss
256 http fetch GET 200 https://registry.npmjs.org/@rollup%2frollup-linux-arm64-musl 378ms (cache miss)
257 silly packumentCache full:https://registry.npmjs.org/@rollup%2frollup-linux-arm64-musl set size:undefined disposed:false
258 silly fetch manifest @rollup/rollup-linux-loong64-musl@4.59.0
259 silly packumentCache full:https://registry.npmjs.org/@rollup%2frollup-linux-loong64-musl cache-miss
260 http fetch GET 200 https://registry.npmjs.org/@rollup%2frollup-linux-arm64-gnu 412ms (cache miss)
261 silly packumentCache full:https://registry.npmjs.org/@rollup%2frollup-linux-arm64-gnu set size:undefined disposed:false
262 silly fetch manifest @rollup/rollup-linux-riscv64-gnu@4.59.0
263 silly packumentCache full:https://registry.npmjs.org/@rollup%2frollup-linux-riscv64-gnu cache-miss
264 http fetch GET 200 https://registry.npmjs.org/@rollup%2frollup-linux-arm-gnueabihf 315ms (cache miss)
265 silly packumentCache full:https://registry.npmjs.org/@rollup%2frollup-linux-arm-gnueabihf set size:undefined disposed:false
266 silly fetch manifest @rollup/rollup-linux-riscv64-musl@4.59.0
267 silly packumentCache full:https://registry.npmjs.org/@rollup%2frollup-linux-riscv64-musl cache-miss
268 http fetch GET 200 https://registry.npmjs.org/@rollup%2frollup-android-arm-eabi 374ms (cache miss)
269 silly packumentCache full:https://registry.npmjs.org/@rollup%2frollup-android-arm-eabi set size:undefined disposed:false
270 silly fetch manifest @rollup/rollup-linux-ppc64-gnu@4.59.0
271 silly packumentCache full:https://registry.npmjs.org/@rollup%2frollup-linux-ppc64-gnu cache-miss
272 http fetch GET 200 https://registry.npmjs.org/@rollup%2frollup-linux-loong64-gnu 240ms (cache miss)
273 silly packumentCache full:https://registry.npmjs.org/@rollup%2frollup-linux-loong64-gnu set size:undefined disposed:false
274 silly fetch manifest @rollup/rollup-linux-ppc64-musl@4.59.0
275 silly packumentCache full:https://registry.npmjs.org/@rollup%2frollup-linux-ppc64-musl cache-miss
276 http fetch GET 200 https://registry.npmjs.org/@rollup%2frollup-linux-arm-musleabihf 303ms (cache miss)
277 silly packumentCache full:https://registry.npmjs.org/@rollup%2frollup-linux-arm-musleabihf set size:undefined disposed:false
278 silly fetch manifest @rollup/rollup-linux-s390x-gnu@4.59.0
279 silly packumentCache full:https://registry.npmjs.org/@rollup%2frollup-linux-s390x-gnu cache-miss
280 http fetch GET 200 https://registry.npmjs.org/@rollup%2frollup-win32-ia32-msvc 328ms (cache miss)
281 silly packumentCache full:https://registry.npmjs.org/@rollup%2frollup-win32-ia32-msvc set size:undefined disposed:false
282 silly fetch manifest @rollup/rollup-darwin-x64@4.59.0
283 silly packumentCache full:https://registry.npmjs.org/@rollup%2frollup-darwin-x64 cache-miss
284 http fetch GET 200 https://registry.npmjs.org/@rollup%2frollup-linux-loong64-musl 175ms (cache miss)
285 silly packumentCache full:https://registry.npmjs.org/@rollup%2frollup-linux-loong64-musl set size:undefined disposed:false
286 silly fetch manifest @rollup/rollup-win32-x64-gnu@4.59.0
287 silly packumentCache full:https://registry.npmjs.org/@rollup%2frollup-win32-x64-gnu cache-miss
288 http fetch GET 200 https://registry.npmjs.org/@rollup%2frollup-linux-riscv64-musl 176ms (cache miss)
289 silly packumentCache full:https://registry.npmjs.org/@rollup%2frollup-linux-riscv64-musl set size:undefined disposed:false
290 silly fetch manifest @rollup/rollup-win32-x64-msvc@4.59.0
291 silly packumentCache full:https://registry.npmjs.org/@rollup%2frollup-win32-x64-msvc cache-miss
292 http fetch GET 200 https://registry.npmjs.org/@rollup%2frollup-linux-ppc64-musl 174ms (cache miss)
293 silly packumentCache full:https://registry.npmjs.org/@rollup%2frollup-linux-ppc64-musl set size:undefined disposed:false
294 silly fetch manifest @rollup/rollup-freebsd-x64@4.59.0
295 silly packumentCache full:https://registry.npmjs.org/@rollup%2frollup-freebsd-x64 cache-miss
296 http fetch GET 200 https://registry.npmjs.org/@rollup%2frollup-linux-ppc64-gnu 187ms (cache miss)
297 silly packumentCache full:https://registry.npmjs.org/@rollup%2frollup-linux-ppc64-gnu set size:undefined disposed:false
298 silly fetch manifest @rollup/rollup-linux-x64-gnu@4.59.0
299 silly packumentCache full:https://registry.npmjs.org/@rollup%2frollup-linux-x64-gnu cache-miss
300 http fetch GET 200 https://registry.npmjs.org/@rollup%2frollup-linux-riscv64-gnu 198ms (cache miss)
301 silly packumentCache full:https://registry.npmjs.org/@rollup%2frollup-linux-riscv64-gnu set size:undefined disposed:false
302 silly fetch manifest @rollup/rollup-linux-x64-musl@4.59.0
303 silly packumentCache full:https://registry.npmjs.org/@rollup%2frollup-linux-x64-musl cache-miss
304 http fetch GET 200 https://registry.npmjs.org/@rollup%2frollup-win32-x64-gnu 99ms (cache miss)
305 silly packumentCache full:https://registry.npmjs.org/@rollup%2frollup-win32-x64-gnu set size:undefined disposed:false
306 silly fetch manifest @rollup/rollup-openbsd-x64@4.59.0
307 silly packumentCache full:https://registry.npmjs.org/@rollup%2frollup-openbsd-x64 cache-miss
308 http fetch GET 200 https://registry.npmjs.org/@rollup%2frollup-freebsd-x64 109ms (cache miss)
309 silly packumentCache full:https://registry.npmjs.org/@rollup%2frollup-freebsd-x64 set size:undefined disposed:false
310 silly fetch manifest @rollup/rollup-openharmony-arm64@4.59.0
311 silly packumentCache full:https://registry.npmjs.org/@rollup%2frollup-openharmony-arm64 cache-miss
312 http fetch GET 200 https://registry.npmjs.org/@rollup%2frollup-linux-s390x-gnu 291ms (cache miss)
313 silly packumentCache full:https://registry.npmjs.org/@rollup%2frollup-linux-s390x-gnu set size:undefined disposed:false
314 http fetch GET 200 https://registry.npmjs.org/@rollup%2frollup-darwin-x64 244ms (cache miss)
315 silly packumentCache full:https://registry.npmjs.org/@rollup%2frollup-darwin-x64 set size:undefined disposed:false
316 http fetch GET 200 https://registry.npmjs.org/@rollup%2frollup-linux-x64-musl 119ms (cache miss)
317 silly packumentCache full:https://registry.npmjs.org/@rollup%2frollup-linux-x64-musl set size:undefined disposed:false
318 http fetch GET 200 https://registry.npmjs.org/@rollup%2frollup-openbsd-x64 89ms (cache miss)
319 silly packumentCache full:https://registry.npmjs.org/@rollup%2frollup-openbsd-x64 set size:undefined disposed:false
320 http fetch GET 200 https://registry.npmjs.org/@rollup%2frollup-openharmony-arm64 110ms (cache miss)
321 silly packumentCache full:https://registry.npmjs.org/@rollup%2frollup-openharmony-arm64 set size:undefined disposed:false
322 http fetch GET 200 https://registry.npmjs.org/@rollup%2frollup-win32-x64-msvc 227ms (cache miss)
323 silly packumentCache full:https://registry.npmjs.org/@rollup%2frollup-win32-x64-msvc set size:undefined disposed:false
324 http fetch GET 200 https://registry.npmjs.org/@rollup%2frollup-linux-x64-gnu 229ms (cache miss)
325 silly packumentCache full:https://registry.npmjs.org/@rollup%2frollup-linux-x64-gnu set size:undefined disposed:false
326 silly placeDep ROOT @esbuild/aix-ppc64@0.27.3 OK for: esbuild@0.27.3 want: 0.27.3
327 silly placeDep ROOT @esbuild/android-arm@0.27.3 OK for: esbuild@0.27.3 want: 0.27.3
328 silly placeDep ROOT @esbuild/android-arm64@0.27.3 OK for: esbuild@0.27.3 want: 0.27.3
329 silly placeDep ROOT @esbuild/android-x64@0.27.3 OK for: esbuild@0.27.3 want: 0.27.3
330 silly placeDep ROOT @esbuild/darwin-arm64@0.27.3 OK for: esbuild@0.27.3 want: 0.27.3
331 silly placeDep ROOT @esbuild/darwin-x64@0.27.3 OK for: esbuild@0.27.3 want: 0.27.3
332 silly placeDep ROOT @esbuild/freebsd-arm64@0.27.3 OK for: esbuild@0.27.3 want: 0.27.3
333 silly placeDep ROOT @esbuild/freebsd-x64@0.27.3 OK for: esbuild@0.27.3 want: 0.27.3
334 silly placeDep ROOT @esbuild/linux-arm@0.27.3 OK for: esbuild@0.27.3 want: 0.27.3
335 silly placeDep ROOT @esbuild/linux-arm64@0.27.3 OK for: esbuild@0.27.3 want: 0.27.3
336 silly placeDep ROOT @esbuild/linux-ia32@0.27.3 OK for: esbuild@0.27.3 want: 0.27.3
337 silly placeDep ROOT @esbuild/linux-loong64@0.27.3 OK for: esbuild@0.27.3 want: 0.27.3
338 silly placeDep ROOT @esbuild/linux-mips64el@0.27.3 OK for: esbuild@0.27.3 want: 0.27.3
339 silly placeDep ROOT @esbuild/linux-ppc64@0.27.3 OK for: esbuild@0.27.3 want: 0.27.3
340 silly placeDep ROOT @esbuild/linux-riscv64@0.27.3 OK for: esbuild@0.27.3 want: 0.27.3
341 silly placeDep ROOT @esbuild/linux-s390x@0.27.3 OK for: esbuild@0.27.3 want: 0.27.3
342 silly placeDep ROOT @esbuild/linux-x64@0.27.3 OK for: esbuild@0.27.3 want: 0.27.3
343 silly placeDep ROOT @esbuild/netbsd-arm64@0.27.3 OK for: esbuild@0.27.3 want: 0.27.3
344 silly placeDep ROOT @esbuild/netbsd-x64@0.27.3 OK for: esbuild@0.27.3 want: 0.27.3
345 silly placeDep ROOT @esbuild/openbsd-arm64@0.27.3 OK for: esbuild@0.27.3 want: 0.27.3
346 silly placeDep ROOT @esbuild/openbsd-x64@0.27.3 OK for: esbuild@0.27.3 want: 0.27.3
347 silly placeDep ROOT @esbuild/openharmony-arm64@0.27.3 OK for: esbuild@0.27.3 want: 0.27.3
348 silly placeDep ROOT @esbuild/sunos-x64@0.27.3 OK for: esbuild@0.27.3 want: 0.27.3
349 silly placeDep ROOT @esbuild/win32-arm64@0.27.3 OK for: esbuild@0.27.3 want: 0.27.3
350 silly placeDep ROOT @esbuild/win32-ia32@0.27.3 OK for: esbuild@0.27.3 want: 0.27.3
351 silly placeDep ROOT @esbuild/win32-x64@0.27.3 OK for: esbuild@0.27.3 want: 0.27.3
352 silly placeDep ROOT nanoid@3.3.11 OK for: postcss@8.5.6 want: ^3.3.11
353 silly placeDep ROOT picocolors@1.1.1 OK for: postcss@8.5.6 want: ^1.1.1
354 silly placeDep ROOT source-map-js@1.2.1 OK for: postcss@8.5.6 want: ^1.2.1
355 silly placeDep ROOT @rollup/rollup-android-arm-eabi@4.59.0 OK for: rollup@4.59.0 want: 4.59.0
356 silly placeDep ROOT @rollup/rollup-android-arm64@4.59.0 OK for: rollup@4.59.0 want: 4.59.0
357 silly placeDep ROOT @rollup/rollup-darwin-arm64@4.59.0 OK for: rollup@4.59.0 want: 4.59.0
358 silly placeDep ROOT @rollup/rollup-darwin-x64@4.59.0 OK for: rollup@4.59.0 want: 4.59.0
359 silly placeDep ROOT @rollup/rollup-freebsd-arm64@4.59.0 OK for: rollup@4.59.0 want: 4.59.0
360 silly placeDep ROOT @rollup/rollup-freebsd-x64@4.59.0 OK for: rollup@4.59.0 want: 4.59.0
361 silly placeDep ROOT @rollup/rollup-linux-arm-gnueabihf@4.59.0 OK for: rollup@4.59.0 want: 4.59.0
362 silly placeDep ROOT @rollup/rollup-linux-arm-musleabihf@4.59.0 OK for: rollup@4.59.0 want: 4.59.0
363 silly placeDep ROOT @rollup/rollup-linux-arm64-gnu@4.59.0 OK for: rollup@4.59.0 want: 4.59.0
364 silly placeDep ROOT @rollup/rollup-linux-arm64-musl@4.59.0 OK for: rollup@4.59.0 want: 4.59.0
365 silly placeDep ROOT @rollup/rollup-linux-loong64-gnu@4.59.0 OK for: rollup@4.59.0 want: 4.59.0
366 silly placeDep ROOT @rollup/rollup-linux-loong64-musl@4.59.0 OK for: rollup@4.59.0 want: 4.59.0
367 silly placeDep ROOT @rollup/rollup-linux-ppc64-gnu@4.59.0 OK for: rollup@4.59.0 want: 4.59.0
368 silly placeDep ROOT @rollup/rollup-linux-ppc64-musl@4.59.0 OK for: rollup@4.59.0 want: 4.59.0
369 silly placeDep ROOT @rollup/rollup-linux-riscv64-gnu@4.59.0 OK for: rollup@4.59.0 want: 4.59.0
370 silly placeDep ROOT @rollup/rollup-linux-riscv64-musl@4.59.0 OK for: rollup@4.59.0 want: 4.59.0
371 silly placeDep ROOT @rollup/rollup-linux-s390x-gnu@4.59.0 OK for: rollup@4.59.0 want: 4.59.0
372 silly placeDep ROOT @rollup/rollup-linux-x64-gnu@4.59.0 OK for: rollup@4.59.0 want: 4.59.0
373 silly placeDep ROOT @rollup/rollup-linux-x64-musl@4.59.0 OK for: rollup@4.59.0 want: 4.59.0
374 silly placeDep ROOT @rollup/rollup-openbsd-x64@4.59.0 OK for: rollup@4.59.0 want: 4.59.0
375 silly placeDep ROOT @rollup/rollup-openharmony-arm64@4.59.0 OK for: rollup@4.59.0 want: 4.59.0
376 silly placeDep ROOT @rollup/rollup-win32-arm64-msvc@4.59.0 OK for: rollup@4.59.0 want: 4.59.0
377 silly placeDep ROOT @rollup/rollup-win32-ia32-msvc@4.59.0 OK for: rollup@4.59.0 want: 4.59.0
378 silly placeDep ROOT @rollup/rollup-win32-x64-gnu@4.59.0 OK for: rollup@4.59.0 want: 4.59.0
379 silly placeDep ROOT @rollup/rollup-win32-x64-msvc@4.59.0 OK for: rollup@4.59.0 want: 4.59.0
380 silly placeDep ROOT @types/estree@1.0.8 OK for: rollup@4.59.0 want: 1.0.8
381 silly reify moves {}
382 verbose Error: EPERM: operation not permitted, mkdir '/Users/igorvasin/arena-web-search/ai-scout-implementation-plan/.npm/_npx/9ed06546b0653f96/node_modules/vite'
    at async mkdir (node:internal/fs/promises:861:10)
    at async /usr/local/lib/node_modules/npm/node_modules/@npmcli/arborist/lib/arborist/reify.js:576:20
    at async Promise.allSettled (index 0)
    at async [reifyPackages] (/usr/local/lib/node_modules/npm/node_modules/@npmcli/arborist/lib/arborist/reify.js:313:11)
    at async Arborist.reify (/usr/local/lib/node_modules/npm/node_modules/@npmcli/arborist/lib/arborist/reify.js:125:5)
    at async /usr/local/lib/node_modules/npm/node_modules/libnpmexec/lib/with-lock.js:57:19
383 verbose stack Error: EPERM: operation not permitted, mkdir '/Users/igorvasin/arena-web-search/ai-scout-implementation-plan/.npm/_npx/9ed06546b0653f96/node_modules/vite'
383 verbose stack     at async mkdir (node:internal/fs/promises:861:10)
383 verbose stack     at async /usr/local/lib/node_modules/npm/node_modules/@npmcli/arborist/lib/arborist/reify.js:576:20
383 verbose stack     at async Promise.allSettled (index 0)
383 verbose stack     at async [reifyPackages] (/usr/local/lib/node_modules/npm/node_modules/@npmcli/arborist/lib/arborist/reify.js:313:11)
383 verbose stack     at async Arborist.reify (/usr/local/lib/node_modules/npm/node_modules/@npmcli/arborist/lib/arborist/reify.js:125:5)
383 verbose stack     at async /usr/local/lib/node_modules/npm/node_modules/libnpmexec/lib/with-lock.js:57:19
384 error code EPERM
385 error syscall mkdir
386 error path /Users/igorvasin/arena-web-search/ai-scout-implementation-plan/.npm/_npx/9ed06546b0653f96/node_modules/vite
387 error errno -1
388 error
388 error Your cache folder contains root-owned files, due to a bug in
388 error previous versions of npm which has since been addressed.
388 error
388 error To permanently fix this problem, please run:
388 error   sudo chown -R 501:20 "/Users/igorvasin/arena-web-search/ai-scout-implementation-plan/.npm"
389 silly unfinished npm timer reify 1772368623300
390 silly unfinished npm timer reify:createSparse 1772368629397
391 verbose cwd /Users/igorvasin/arena-web-search/ai-scout-implementation-plan
392 verbose os Darwin 25.2.0
393 verbose node v24.11.1
394 verbose npm  v11.6.2
395 verbose exit -1
396 verbose code -1
397 error A complete log of this run can be found in: /Users/igorvasin/arena-web-search/ai-scout-implementation-plan/.npm/_logs/2026-03-01T12_36_46_298Z-debug-0.log
