0 verbose cli /usr/local/bin/node /usr/local/lib/node_modules/npm/bin/npm-cli.js
1 info using npm@11.6.2
2 info using node@v24.11.1
3 silly config load:file:/usr/local/lib/node_modules/npm/npmrc
4 silly config load:file:/Users/igorvasin/arena-web-search/ai-scout-implementation-plan/.npmrc
5 silly config load:file:/Users/igorvasin/.npmrc
6 silly config load:file:/Users/igorvasin/.npm-global/etc/npmrc
7 verbose title npm exec tsc --version
8 verbose argv "exec" "--yes" "false" "--" "tsc" "--version"
9 verbose logfile logs-max:10 dir:/Users/igorvasin/arena-web-search/ai-scout-implementation-plan/.npm/_logs/2026-03-01T12_41_38_874Z-
10 verbose logfile /Users/igorvasin/arena-web-search/ai-scout-implementation-plan/.npm/_logs/2026-03-01T12_41_38_874Z-debug-0.log
11 silly logfile done cleaning log files
12 silly packumentCache heap:2348810240 maxSize:587202560 maxEntrySize:293601280
13 verbose shrinkwrap failed to load /Users/igorvasin/arena-web-search/ai-scout-implementation-plan EPERM: operation not permitted, open '/Users/igorvasin/arena-web-search/ai-scout-implementation-plan/node_modules/.package-lock.json'
14 http fetch GET 200 https://registry.npmjs.org/tsc 3298ms (cache miss)
15 silly packumentCache heap:2348810240 maxSize:587202560 maxEntrySize:293601280
16 silly packumentCache heap:2348810240 maxSize:587202560 maxEntrySize:293601280
17 verbose stack Error: npx canceled due to missing packages and no YES option: ["tsc@2.0.4"]
17 verbose stack     at exec (/usr/local/lib/node_modules/npm/node_modules/libnpmexec/lib/index.js:278:17)
17 verbose stack     at async Npm.exec (/usr/local/lib/node_modules/npm/lib/npm.js:208:9)
17 verbose stack     at async module.exports (/usr/local/lib/node_modules/npm/lib/cli/entry.js:67:5)
18 error npx canceled due to missing packages and no YES option: ["tsc@2.0.4"]
19 verbose cwd /Users/igorvasin/arena-web-search/ai-scout-implementation-plan
20 verbose os Darwin 25.2.0
21 verbose node v24.11.1
22 verbose npm  v11.6.2
23 verbose exit 1
24 verbose code 1
25 error A complete log of this run can be found in: /Users/igorvasin/arena-web-search/ai-scout-implementation-plan/.npm/_logs/2026-03-01T12_41_38_874Z-debug-0.log
